nohup: ignoring input
Config './configs/N50_my_CenterNet-DLA-BiFPN-P5-CBAM.yaml' has no VERSION. Assuming it to be compatible with latest v2.
Command Line Args: Namespace(config_file='./configs/N50_my_CenterNet-DLA-BiFPN-P5-CBAM.yaml', dist_url='tcp://127.0.0.1:26368', eval_only=False, machine_rank=0, manual_device='', num_gpus=1, num_machines=1, opts=[], resume=False)
[04/23 22:23:26 detectron2]: Rank of current process: 0. World size: 1
[04/23 22:23:27 detectron2]: Environment info:
-------------------------------  ----------------------------------------------------------------------------------
sys.platform                     linux
Python                           3.7.12 | packaged by conda-forge | (default, Oct 26 2021, 06:08:21) [GCC 9.4.0]
numpy                            1.21.5
detectron2                       0.6 @/home/vision/zhangdi_ws/detectron2/detectron2
Compiler                         GCC 5.5
CUDA compiler                    CUDA 10.2
detectron2 arch flags            6.1
DETECTRON2_ENV_MODULE            <not set>
PyTorch                          1.10.1 @/home/vision/anaconda3/envs/center/lib/python3.7/site-packages/torch
PyTorch debug build              False
torch._C._GLIBCXX_USE_CXX11_ABI  False
GPU available                    Yes
GPU 0,1                          TITAN Xp (arch=6.1)
Driver version                   460.67
CUDA_HOME                        /usr/local/cuda
Pillow                           9.2.0
torchvision                      0.11.2 @/home/vision/anaconda3/envs/center/lib/python3.7/site-packages/torchvision
torchvision arch flags           3.5, 5.0, 6.0, 7.0, 7.5
fvcore                           0.1.5.post20221221
iopath                           0.1.9
cv2                              4.7.0
-------------------------------  ----------------------------------------------------------------------------------
PyTorch built with:
  - GCC 7.3
  - C++ Version: 201402
  - Intel(R) oneAPI Math Kernel Library Version 2021.4-Product Build 20210904 for Intel(R) 64 architecture applications
  - Intel(R) MKL-DNN v2.2.3 (Git Hash 7336ca9f055cf1bfa13efb658fe15dc9b41f0740)
  - OpenMP 201511 (a.k.a. OpenMP 4.5)
  - LAPACK is enabled (usually provided by MKL)
  - NNPACK is enabled
  - CPU capability usage: AVX2
  - CUDA Runtime 10.2
  - NVCC architecture flags: -gencode;arch=compute_37,code=sm_37;-gencode;arch=compute_50,code=sm_50;-gencode;arch=compute_60,code=sm_60;-gencode;arch=compute_61,code=sm_61;-gencode;arch=compute_70,code=sm_70;-gencode;arch=compute_75,code=sm_75;-gencode;arch=compute_37,code=compute_37
  - CuDNN 7.6.5
  - Magma 2.5.2
  - Build settings: BLAS_INFO=mkl, BUILD_TYPE=Release, CUDA_VERSION=10.2, CUDNN_VERSION=7.6.5, CXX_COMPILER=/opt/rh/devtoolset-7/root/usr/bin/c++, CXX_FLAGS= -Wno-deprecated -fvisibility-inlines-hidden -DUSE_PTHREADPOOL -fopenmp -DNDEBUG -DUSE_KINETO -DUSE_FBGEMM -DUSE_QNNPACK -DUSE_PYTORCH_QNNPACK -DUSE_XNNPACK -DSYMBOLICATE_MOBILE_DEBUG_HANDLE -DEDGE_PROFILER_USE_KINETO -O2 -fPIC -Wno-narrowing -Wall -Wextra -Werror=return-type -Wno-missing-field-initializers -Wno-type-limits -Wno-array-bounds -Wno-unknown-pragmas -Wno-sign-compare -Wno-unused-parameter -Wno-unused-variable -Wno-unused-function -Wno-unused-result -Wno-unused-local-typedefs -Wno-strict-overflow -Wno-strict-aliasing -Wno-error=deprecated-declarations -Wno-stringop-overflow -Wno-psabi -Wno-error=pedantic -Wno-error=redundant-decls -Wno-error=old-style-cast -fdiagnostics-color=always -faligned-new -Wno-unused-but-set-variable -Wno-maybe-uninitialized -fno-math-errno -fno-trapping-math -Werror=format -Wno-stringop-overflow, LAPACK_INFO=mkl, PERF_WITH_AVX=1, PERF_WITH_AVX2=1, PERF_WITH_AVX512=1, TORCH_VERSION=1.10.1, USE_CUDA=ON, USE_CUDNN=ON, USE_EXCEPTION_PTR=1, USE_GFLAGS=OFF, USE_GLOG=OFF, USE_MKL=ON, USE_MKLDNN=ON, USE_MPI=OFF, USE_NCCL=ON, USE_NNPACK=ON, USE_OPENMP=ON, 

[04/23 22:23:27 detectron2]: Command line arguments: Namespace(config_file='./configs/N50_my_CenterNet-DLA-BiFPN-P5-CBAM.yaml', dist_url='tcp://127.0.0.1:26368', eval_only=False, machine_rank=0, manual_device='', num_gpus=1, num_machines=1, opts=[], resume=False)
[04/23 22:23:27 detectron2]: Contents of args.config_file=./configs/N50_my_CenterNet-DLA-BiFPN-P5-CBAM.yaml:
[38;5;197mMODEL[39m[38;5;15m:[39m
[38;5;15m  [39m[38;5;197mMETA_ARCHITECTURE[39m[38;5;15m:[39m[38;5;15m [39m[38;5;186m"[39m[38;5;186mCenterNetDetector[39m[38;5;186m"[39m
[38;5;15m  [39m[38;5;197mPROPOSAL_GENERATOR[39m[38;5;15m:[39m
[38;5;15m    [39m[38;5;197mNAME[39m[38;5;15m:[39m[38;5;15m [39m[38;5;186m"[39m[38;5;186mCenterNet[39m[38;5;186m"[39m
[38;5;15m  [39m[38;5;197mPIXEL_STD[39m[38;5;15m:[39m[38;5;15m [39m[38;5;15m[[39m[38;5;15m57.375[39m[38;5;15m,[39m[38;5;15m [39m[38;5;15m57.120[39m[38;5;15m,[39m[38;5;15m [39m[38;5;15m58.395[39m[38;5;15m][39m
[38;5;15m  [39m[38;5;197mBACKBONE[39m[38;5;15m:[39m
[38;5;15m    [39m[38;5;197mNAME[39m[38;5;15m:[39m[38;5;15m [39m[38;5;186m"[39m[38;5;186mmy_build_p37_dla_bifpn_cbam_backbone[39m[38;5;186m"[39m
[38;5;15m  [39m[38;5;197mBIFPN[39m[38;5;15m:[39m
[38;5;15m    [39m[38;5;197mOUT_CHANNELS[39m[38;5;15m:[39m[38;5;15m [39m[38;5;141m160[39m
[38;5;15m    [39m[38;5;197mNUM_LEVELS[39m[38;5;15m:[39m[38;5;15m [39m[38;5;141m5[39m
[38;5;15m    [39m[38;5;197mNUM_BIFPN[39m[38;5;15m:[39m[38;5;15m [39m[38;5;141m3[39m
[38;5;15m  [39m[38;5;197mDLA[39m[38;5;15m:[39m
[38;5;15m    [39m[38;5;197mNUM_LAYERS[39m[38;5;15m:[39m[38;5;15m [39m[38;5;141m34[39m
[38;5;15m    [39m[38;5;197mNORM[39m[38;5;15m:[39m[38;5;15m [39m[38;5;186m"[39m[38;5;186mBN[39m[38;5;186m"[39m
[38;5;15m  [39m[38;5;197mFPN[39m[38;5;15m:[39m
[38;5;15m    [39m[38;5;197mIN_FEATURES[39m[38;5;15m:[39m[38;5;15m [39m[38;5;15m[[39m[38;5;186m"[39m[38;5;186mdla3[39m[38;5;186m"[39m[38;5;15m,[39m[38;5;15m [39m[38;5;186m"[39m[38;5;186mdla4[39m[38;5;186m"[39m[38;5;15m,[39m[38;5;15m [39m[38;5;186m"[39m[38;5;186mdla5[39m[38;5;186m"[39m[38;5;15m][39m
[38;5;15m  [39m[38;5;197mCENTERNET[39m[38;5;15m:[39m
[38;5;15m    [39m[38;5;197mNUM_CLASSES[39m[38;5;15m:[39m[38;5;15m [39m[38;5;141m50[39m
[38;5;15m    [39m[38;5;197mIN_FEATURES[39m[38;5;15m:[39m[38;5;15m [39m[38;5;15m[[39m[38;5;186m'[39m[38;5;186mp3[39m[38;5;186m'[39m[38;5;15m,[39m[38;5;15m [39m[38;5;186m'[39m[38;5;186mp4[39m[38;5;186m'[39m[38;5;15m,[39m[38;5;15m [39m[38;5;186m'[39m[38;5;186mp5[39m[38;5;186m'[39m[38;5;15m][39m
[38;5;15m    [39m[38;5;197mFPN_STRIDES[39m[38;5;15m:[39m[38;5;15m [39m[38;5;15m[[39m[38;5;15m8[39m[38;5;15m,[39m[38;5;15m [39m[38;5;15m16[39m[38;5;15m,[39m[38;5;15m [39m[38;5;15m32[39m[38;5;15m][39m
[38;5;15m    [39m[38;5;197mSOI[39m[38;5;15m:[39m[38;5;15m [39m[38;5;15m[[39m[38;5;15m[[39m[38;5;15m0[39m[38;5;15m,[39m[38;5;15m [39m[38;5;15m64[39m[38;5;15m][39m[38;5;15m,[39m[38;5;15m [39m[38;5;15m[[39m[38;5;15m48[39m[38;5;15m,[39m[38;5;15m [39m[38;5;15m192[39m[38;5;15m][39m[38;5;15m,[39m[38;5;15m [39m[38;5;15m[[39m[38;5;15m128[39m[38;5;15m,[39m[38;5;15m [39m[38;5;15m1000000[39m[38;5;15m][39m[38;5;15m][39m
[38;5;15m    [39m[38;5;197mNUM_CLS_CONVS[39m[38;5;15m:[39m[38;5;15m [39m[38;5;141m1[39m
[38;5;15m    [39m[38;5;197mNUM_BOX_CONVS[39m[38;5;15m:[39m[38;5;15m [39m[38;5;141m1[39m
[38;5;15m    [39m[38;5;197mREG_WEIGHT[39m[38;5;15m:[39m[38;5;15m [39m[38;5;141m1.[39m
[38;5;15m    [39m[38;5;197mMORE_POS[39m[38;5;15m:[39m[38;5;15m [39m[38;5;141mTrue[39m
[38;5;15m    [39m[38;5;197mHM_FOCAL_ALPHA[39m[38;5;15m:[39m[38;5;15m [39m[38;5;141m0.25[39m
[38;5;15m  [39m[38;5;197mWEIGHTS[39m[38;5;15m:[39m[38;5;15m [39m[38;5;186m"[39m[38;5;186m./models/ImageNetPretrained/MSRA_R-50.pkl[39m[38;5;186m"[39m
[38;5;197mDATASETS[39m[38;5;15m:[39m
[38;5;15m  [39m[38;5;197mTRAIN[39m[38;5;15m:[39m[38;5;15m [39m[38;5;141m("my_indoor_dataset_train",)[39m
[38;5;15m  [39m[38;5;197mTEST[39m[38;5;15m:[39m[38;5;15m [39m[38;5;141m("my_indoor_dataset_val",)[39m
[38;5;197mSOLVER[39m[38;5;15m:[39m
[38;5;15m  [39m[38;5;197mLR_SCHEDULER_NAME[39m[38;5;15m:[39m[38;5;15m [39m[38;5;186m"[39m[38;5;186mWarmupCosineLR[39m[38;5;186m"[39m
[38;5;15m  [39m[38;5;197mMAX_ITER[39m[38;5;15m:[39m[38;5;15m [39m[38;5;141m720000[39m
[38;5;15m  [39m[38;5;197mBASE_LR[39m[38;5;15m:[39m[38;5;15m [39m[38;5;141m0.04[39m
[38;5;15m  [39m[38;5;197mIMS_PER_BATCH[39m[38;5;15m:[39m[38;5;15m [39m[38;5;141m8[39m
[38;5;15m  [39m[38;5;197mWEIGHT_DECAY[39m[38;5;15m:[39m[38;5;15m [39m[38;5;141m0.0001[39m
[38;5;15m  [39m[38;5;197mCHECKPOINT_PERIOD[39m[38;5;15m:[39m[38;5;15m [39m[38;5;141m100000[39m
[38;5;15m  [39m[38;5;197mCLIP_GRADIENTS[39m[38;5;15m:[39m
[38;5;15m    [39m[38;5;197mENABLED[39m[38;5;15m:[39m[38;5;15m [39m[38;5;141mTrue[39m
[38;5;15m  [39m[38;5;197mRESET_ITER[39m[38;5;15m:[39m[38;5;15m [39m[38;5;141mTRUE[39m
[38;5;197mINPUT[39m[38;5;15m:[39m
[38;5;15m  [39m[38;5;197mCUSTOM_AUG[39m[38;5;15m:[39m[38;5;15m [39m[38;5;141mEfficientDetResizeCrop[39m
[38;5;15m  [39m[38;5;197mTRAIN_SIZE[39m[38;5;15m:[39m[38;5;15m [39m[38;5;141m640[39m
[38;5;15m  [39m[38;5;197mMIN_SIZE_TEST[39m[38;5;15m:[39m[38;5;15m [39m[38;5;141m608[39m
[38;5;15m  [39m[38;5;197mMAX_SIZE_TEST[39m[38;5;15m:[39m[38;5;15m [39m[38;5;141m900[39m
[38;5;197mTEST[39m[38;5;15m:[39m
[38;5;15m  [39m[38;5;197mEVAL_PERIOD[39m[38;5;15m:[39m[38;5;15m [39m[38;5;141m10000[39m
[38;5;197mDATALOADER[39m[38;5;15m:[39m
[38;5;15m  [39m[38;5;197mNUM_WORKERS[39m[38;5;15m:[39m[38;5;15m [39m[38;5;141m4[39m
[38;5;197mOUTPUT_DIR[39m[38;5;15m:[39m[38;5;15m [39m[38;5;186m"[39m[38;5;186m./output/MY/CBAM/auto[39m[38;5;186m"[39m

[04/23 22:23:27 detectron2]: Running with full config:
[38;5;197mCUDNN_BENCHMARK[39m[38;5;15m:[39m[38;5;15m [39m[38;5;141mfalse[39m
[38;5;197mDATALOADER[39m[38;5;15m:[39m
[38;5;15m  [39m[38;5;197mASPECT_RATIO_GROUPING[39m[38;5;15m:[39m[38;5;15m [39m[38;5;141mtrue[39m
[38;5;15m  [39m[38;5;197mFILTER_EMPTY_ANNOTATIONS[39m[38;5;15m:[39m[38;5;15m [39m[38;5;141mtrue[39m
[38;5;15m  [39m[38;5;197mNUM_WORKERS[39m[38;5;15m:[39m[38;5;15m [39m[38;5;141m4[39m
[38;5;15m  [39m[38;5;197mREPEAT_THRESHOLD[39m[38;5;15m:[39m[38;5;15m [39m[38;5;141m0.0[39m
[38;5;15m  [39m[38;5;197mSAMPLER_TRAIN[39m[38;5;15m:[39m[38;5;15m [39m[38;5;141mTrainingSampler[39m
[38;5;197mDATASETS[39m[38;5;15m:[39m
[38;5;15m  [39m[38;5;197mPRECOMPUTED_PROPOSAL_TOPK_TEST[39m[38;5;15m:[39m[38;5;15m [39m[38;5;141m1000[39m
[38;5;15m  [39m[38;5;197mPRECOMPUTED_PROPOSAL_TOPK_TRAIN[39m[38;5;15m:[39m[38;5;15m [39m[38;5;141m2000[39m
[38;5;15m  [39m[38;5;197mPROPOSAL_FILES_TEST[39m[38;5;15m:[39m[38;5;15m [39m[38;5;15m[[39m[38;5;15m][39m
[38;5;15m  [39m[38;5;197mPROPOSAL_FILES_TRAIN[39m[38;5;15m:[39m[38;5;15m [39m[38;5;15m[[39m[38;5;15m][39m
[38;5;15m  [39m[38;5;197mTEST[39m[38;5;15m:[39m
[38;5;15m  [39m[38;5;15m-[39m[38;5;15m [39m[38;5;141mmy_indoor_dataset_val[39m
[38;5;15m  [39m[38;5;197mTRAIN[39m[38;5;15m:[39m
[38;5;15m  [39m[38;5;15m-[39m[38;5;15m [39m[38;5;141mmy_indoor_dataset_train[39m
[38;5;197mDEBUG[39m[38;5;15m:[39m[38;5;15m [39m[38;5;141mfalse[39m
[38;5;197mDEBUG_SHOW_NAME[39m[38;5;15m:[39m[38;5;15m [39m[38;5;141mfalse[39m
[38;5;197mGLOBAL[39m[38;5;15m:[39m
[38;5;15m  [39m[38;5;197mHACK[39m[38;5;15m:[39m[38;5;15m [39m[38;5;141m1.0[39m
[38;5;197mINPUT[39m[38;5;15m:[39m
[38;5;15m  [39m[38;5;197mCROP[39m[38;5;15m:[39m
[38;5;15m    [39m[38;5;197mENABLED[39m[38;5;15m:[39m[38;5;15m [39m[38;5;141mfalse[39m
[38;5;15m    [39m[38;5;197mSIZE[39m[38;5;15m:[39m
[38;5;15m    [39m[38;5;15m-[39m[38;5;15m [39m[38;5;141m0.9[39m
[38;5;15m    [39m[38;5;15m-[39m[38;5;15m [39m[38;5;141m0.9[39m
[38;5;15m    [39m[38;5;197mTYPE[39m[38;5;15m:[39m[38;5;15m [39m[38;5;141mrelative_range[39m
[38;5;15m  [39m[38;5;197mCUSTOM_AUG[39m[38;5;15m:[39m[38;5;15m [39m[38;5;141mEfficientDetResizeCrop[39m
[38;5;15m  [39m[38;5;197mFORMAT[39m[38;5;15m:[39m[38;5;15m [39m[38;5;141mBGR[39m
[38;5;15m  [39m[38;5;197mMASK_FORMAT[39m[38;5;15m:[39m[38;5;15m [39m[38;5;141mpolygon[39m
[38;5;15m  [39m[38;5;197mMAX_SIZE_TEST[39m[38;5;15m:[39m[38;5;15m [39m[38;5;141m900[39m
[38;5;15m  [39m[38;5;197mMAX_SIZE_TRAIN[39m[38;5;15m:[39m[38;5;15m [39m[38;5;141m1333[39m
[38;5;15m  [39m[38;5;197mMIN_SIZE_TEST[39m[38;5;15m:[39m[38;5;15m [39m[38;5;141m608[39m
[38;5;15m  [39m[38;5;197mMIN_SIZE_TRAIN[39m[38;5;15m:[39m
[38;5;15m  [39m[38;5;15m-[39m[38;5;15m [39m[38;5;141m800[39m
[38;5;15m  [39m[38;5;197mMIN_SIZE_TRAIN_SAMPLING[39m[38;5;15m:[39m[38;5;15m [39m[38;5;141mchoice[39m
[38;5;15m  [39m[38;5;197mNOT_CLAMP_BOX[39m[38;5;15m:[39m[38;5;15m [39m[38;5;141mfalse[39m
[38;5;15m  [39m[38;5;197mRANDOM_FLIP[39m[38;5;15m:[39m[38;5;15m [39m[38;5;141mhorizontal[39m
[38;5;15m  [39m[38;5;197mSCALE_RANGE[39m[38;5;15m:[39m
[38;5;15m  [39m[38;5;15m-[39m[38;5;15m [39m[38;5;141m0.1[39m
[38;5;15m  [39m[38;5;15m-[39m[38;5;15m [39m[38;5;141m2.0[39m
[38;5;15m  [39m[38;5;197mTEST_INPUT_TYPE[39m[38;5;15m:[39m[38;5;15m [39m[38;5;141mdefault[39m
[38;5;15m  [39m[38;5;197mTEST_SIZE[39m[38;5;15m:[39m[38;5;15m [39m[38;5;141m640[39m
[38;5;15m  [39m[38;5;197mTRAIN_SIZE[39m[38;5;15m:[39m[38;5;15m [39m[38;5;141m640[39m
[38;5;197mMODEL[39m[38;5;15m:[39m
[38;5;15m  [39m[38;5;197mANCHOR_GENERATOR[39m[38;5;15m:[39m
[38;5;15m    [39m[38;5;197mANGLES[39m[38;5;15m:[39m
[38;5;15m    [39m[38;5;15m-[39m[38;5;15m [39m[38;5;15m-[39m[38;5;15m [39m[38;5;141m-90[39m
[38;5;15m      [39m[38;5;15m-[39m[38;5;15m [39m[38;5;141m0[39m
[38;5;15m      [39m[38;5;15m-[39m[38;5;15m [39m[38;5;141m90[39m
[38;5;15m    [39m[38;5;197mASPECT_RATIOS[39m[38;5;15m:[39m
[38;5;15m    [39m[38;5;15m-[39m[38;5;15m [39m[38;5;15m-[39m[38;5;15m [39m[38;5;141m0.5[39m
[38;5;15m      [39m[38;5;15m-[39m[38;5;15m [39m[38;5;141m1.0[39m
[38;5;15m      [39m[38;5;15m-[39m[38;5;15m [39m[38;5;141m2.0[39m
[38;5;15m    [39m[38;5;197mNAME[39m[38;5;15m:[39m[38;5;15m [39m[38;5;141mDefaultAnchorGenerator[39m
[38;5;15m    [39m[38;5;197mOFFSET[39m[38;5;15m:[39m[38;5;15m [39m[38;5;141m0.0[39m
[38;5;15m    [39m[38;5;197mSIZES[39m[38;5;15m:[39m
[38;5;15m    [39m[38;5;15m-[39m[38;5;15m [39m[38;5;15m-[39m[38;5;15m [39m[38;5;141m32[39m
[38;5;15m      [39m[38;5;15m-[39m[38;5;15m [39m[38;5;141m64[39m
[38;5;15m      [39m[38;5;15m-[39m[38;5;15m [39m[38;5;141m128[39m
[38;5;15m      [39m[38;5;15m-[39m[38;5;15m [39m[38;5;141m256[39m
[38;5;15m      [39m[38;5;15m-[39m[38;5;15m [39m[38;5;141m512[39m
[38;5;15m  [39m[38;5;197mBACKBONE[39m[38;5;15m:[39m
[38;5;15m    [39m[38;5;197mFREEZE_AT[39m[38;5;15m:[39m[38;5;15m [39m[38;5;141m2[39m
[38;5;15m    [39m[38;5;197mNAME[39m[38;5;15m:[39m[38;5;15m [39m[38;5;141mmy_build_p37_dla_bifpn_cbam_backbone[39m
[38;5;15m  [39m[38;5;197mBIFPN[39m[38;5;15m:[39m
[38;5;15m    [39m[38;5;197mNORM[39m[38;5;15m:[39m[38;5;15m [39m[38;5;141mGN[39m
[38;5;15m    [39m[38;5;197mNUM_BIFPN[39m[38;5;15m:[39m[38;5;15m [39m[38;5;141m3[39m
[38;5;15m    [39m[38;5;197mNUM_LEVELS[39m[38;5;15m:[39m[38;5;15m [39m[38;5;141m5[39m
[38;5;15m    [39m[38;5;197mOUT_CHANNELS[39m[38;5;15m:[39m[38;5;15m [39m[38;5;141m160[39m
[38;5;15m    [39m[38;5;197mSEPARABLE_CONV[39m[38;5;15m:[39m[38;5;15m [39m[38;5;141mfalse[39m
[38;5;15m  [39m[38;5;197mCENTERNET[39m[38;5;15m:[39m
[38;5;15m    [39m[38;5;197mAS_PROPOSAL[39m[38;5;15m:[39m[38;5;15m [39m[38;5;141mfalse[39m
[38;5;15m    [39m[38;5;197mCENTER_NMS[39m[38;5;15m:[39m[38;5;15m [39m[38;5;141mfalse[39m
[38;5;15m    [39m[38;5;197mFPN_STRIDES[39m[38;5;15m:[39m
[38;5;15m    [39m[38;5;15m-[39m[38;5;15m [39m[38;5;141m8[39m
[38;5;15m    [39m[38;5;15m-[39m[38;5;15m [39m[38;5;141m16[39m
[38;5;15m    [39m[38;5;15m-[39m[38;5;15m [39m[38;5;141m32[39m
[38;5;15m    [39m[38;5;197mHM_FOCAL_ALPHA[39m[38;5;15m:[39m[38;5;15m [39m[38;5;141m0.25[39m
[38;5;15m    [39m[38;5;197mHM_FOCAL_BETA[39m[38;5;15m:[39m[38;5;15m [39m[38;5;141m4[39m
[38;5;15m    [39m[38;5;197mHM_MIN_OVERLAP[39m[38;5;15m:[39m[38;5;15m [39m[38;5;141m0.8[39m
[38;5;15m    [39m[38;5;197mIGNORE_HIGH_FP[39m[38;5;15m:[39m[38;5;15m [39m[38;5;141m-1.0[39m
[38;5;15m    [39m[38;5;197mINFERENCE_TH[39m[38;5;15m:[39m[38;5;15m [39m[38;5;141m0.05[39m
[38;5;15m    [39m[38;5;197mIN_FEATURES[39m[38;5;15m:[39m
[38;5;15m    [39m[38;5;15m-[39m[38;5;15m [39m[38;5;141mp3[39m
[38;5;15m    [39m[38;5;15m-[39m[38;5;15m [39m[38;5;141mp4[39m
[38;5;15m    [39m[38;5;15m-[39m[38;5;15m [39m[38;5;141mp5[39m
[38;5;15m    [39m[38;5;197mLOC_LOSS_TYPE[39m[38;5;15m:[39m[38;5;15m [39m[38;5;141mgiou[39m
[38;5;15m    [39m[38;5;197mLOSS_GAMMA[39m[38;5;15m:[39m[38;5;15m [39m[38;5;141m2.0[39m
[38;5;15m    [39m[38;5;197mMIN_RADIUS[39m[38;5;15m:[39m[38;5;15m [39m[38;5;141m4[39m
[38;5;15m    [39m[38;5;197mMORE_POS[39m[38;5;15m:[39m[38;5;15m [39m[38;5;141mtrue[39m
[38;5;15m    [39m[38;5;197mMORE_POS_THRESH[39m[38;5;15m:[39m[38;5;15m [39m[38;5;141m0.2[39m
[38;5;15m    [39m[38;5;197mMORE_POS_TOPK[39m[38;5;15m:[39m[38;5;15m [39m[38;5;141m9[39m
[38;5;15m    [39m[38;5;197mNEG_WEIGHT[39m[38;5;15m:[39m[38;5;15m [39m[38;5;141m1.0[39m
[38;5;15m    [39m[38;5;197mNMS_TH_TEST[39m[38;5;15m:[39m[38;5;15m [39m[38;5;141m0.6[39m
[38;5;15m    [39m[38;5;197mNMS_TH_TRAIN[39m[38;5;15m:[39m[38;5;15m [39m[38;5;141m0.6[39m
[38;5;15m    [39m[38;5;197mNORM[39m[38;5;15m:[39m[38;5;15m [39m[38;5;141mGN[39m
[38;5;15m    [39m[38;5;197mNOT_NMS[39m[38;5;15m:[39m[38;5;15m [39m[38;5;141mfalse[39m
[38;5;15m    [39m[38;5;197mNOT_NORM_REG[39m[38;5;15m:[39m[38;5;15m [39m[38;5;141mtrue[39m
[38;5;15m    [39m[38;5;197mNO_REDUCE[39m[38;5;15m:[39m[38;5;15m [39m[38;5;141mfalse[39m
[38;5;15m    [39m[38;5;197mNUM_BOX_CONVS[39m[38;5;15m:[39m[38;5;15m [39m[38;5;141m1[39m
[38;5;15m    [39m[38;5;197mNUM_CLASSES[39m[38;5;15m:[39m[38;5;15m [39m[38;5;141m50[39m
[38;5;15m    [39m[38;5;197mNUM_CLS_CONVS[39m[38;5;15m:[39m[38;5;15m [39m[38;5;141m1[39m
[38;5;15m    [39m[38;5;197mNUM_SHARE_CONVS[39m[38;5;15m:[39m[38;5;15m [39m[38;5;141m0[39m
[38;5;15m    [39m[38;5;197mONLY_PROPOSAL[39m[38;5;15m:[39m[38;5;15m [39m[38;5;141mfalse[39m
[38;5;15m    [39m[38;5;197mPOST_NMS_TOPK_TEST[39m[38;5;15m:[39m[38;5;15m [39m[38;5;141m100[39m
[38;5;15m    [39m[38;5;197mPOST_NMS_TOPK_TRAIN[39m[38;5;15m:[39m[38;5;15m [39m[38;5;141m100[39m
[38;5;15m    [39m[38;5;197mPOS_WEIGHT[39m[38;5;15m:[39m[38;5;15m [39m[38;5;141m1.0[39m
[38;5;15m    [39m[38;5;197mPRE_NMS_TOPK_TEST[39m[38;5;15m:[39m[38;5;15m [39m[38;5;141m1000[39m
[38;5;15m    [39m[38;5;197mPRE_NMS_TOPK_TRAIN[39m[38;5;15m:[39m[38;5;15m [39m[38;5;141m1000[39m
[38;5;15m    [39m[38;5;197mPRIOR_PROB[39m[38;5;15m:[39m[38;5;15m [39m[38;5;141m0.01[39m
[38;5;15m    [39m[38;5;197mREG_WEIGHT[39m[38;5;15m:[39m[38;5;15m [39m[38;5;141m1.0[39m
[38;5;15m    [39m[38;5;197mSIGMOID_CLAMP[39m[38;5;15m:[39m[38;5;15m [39m[38;5;141m0.0001[39m
[38;5;15m    [39m[38;5;197mSOI[39m[38;5;15m:[39m
[38;5;15m    [39m[38;5;15m-[39m[38;5;15m [39m[38;5;15m-[39m[38;5;15m [39m[38;5;141m0[39m
[38;5;15m      [39m[38;5;15m-[39m[38;5;15m [39m[38;5;141m64[39m
[38;5;15m    [39m[38;5;15m-[39m[38;5;15m [39m[38;5;15m-[39m[38;5;15m [39m[38;5;141m48[39m
[38;5;15m      [39m[38;5;15m-[39m[38;5;15m [39m[38;5;141m192[39m
[38;5;15m    [39m[38;5;15m-[39m[38;5;15m [39m[38;5;15m-[39m[38;5;15m [39m[38;5;141m128[39m
[38;5;15m      [39m[38;5;15m-[39m[38;5;15m [39m[38;5;141m1000000[39m
[38;5;15m    [39m[38;5;197mUSE_DEFORMABLE[39m[38;5;15m:[39m[38;5;15m [39m[38;5;141mfalse[39m
[38;5;15m    [39m[38;5;197mWITH_AGN_HM[39m[38;5;15m:[39m[38;5;15m [39m[38;5;141mfalse[39m
[38;5;15m  [39m[38;5;197mDEVICE[39m[38;5;15m:[39m[38;5;15m [39m[38;5;141mcuda[39m
[38;5;15m  [39m[38;5;197mDLA[39m[38;5;15m:[39m
[38;5;15m    [39m[38;5;197mDLAUP_IN_FEATURES[39m[38;5;15m:[39m
[38;5;15m    [39m[38;5;15m-[39m[38;5;15m [39m[38;5;141mdla3[39m
[38;5;15m    [39m[38;5;15m-[39m[38;5;15m [39m[38;5;141mdla4[39m
[38;5;15m    [39m[38;5;15m-[39m[38;5;15m [39m[38;5;141mdla5[39m
[38;5;15m    [39m[38;5;197mDLAUP_NODE[39m[38;5;15m:[39m[38;5;15m [39m[38;5;141mconv[39m
[38;5;15m    [39m[38;5;197mMS_OUTPUT[39m[38;5;15m:[39m[38;5;15m [39m[38;5;141mfalse[39m
[38;5;15m    [39m[38;5;197mNORM[39m[38;5;15m:[39m[38;5;15m [39m[38;5;141mBN[39m
[38;5;15m    [39m[38;5;197mNUM_LAYERS[39m[38;5;15m:[39m[38;5;15m [39m[38;5;141m34[39m
[38;5;15m    [39m[38;5;197mOUT_FEATURES[39m[38;5;15m:[39m
[38;5;15m    [39m[38;5;15m-[39m[38;5;15m [39m[38;5;141mdla2[39m
[38;5;15m    [39m[38;5;197mUSE_DLA_UP[39m[38;5;15m:[39m[38;5;15m [39m[38;5;141mtrue[39m
[38;5;15m  [39m[38;5;197mFPN[39m[38;5;15m:[39m
[38;5;15m    [39m[38;5;197mFUSE_TYPE[39m[38;5;15m:[39m[38;5;15m [39m[38;5;141msum[39m
[38;5;15m    [39m[38;5;197mIN_FEATURES[39m[38;5;15m:[39m
[38;5;15m    [39m[38;5;15m-[39m[38;5;15m [39m[38;5;141mdla3[39m
[38;5;15m    [39m[38;5;15m-[39m[38;5;15m [39m[38;5;141mdla4[39m
[38;5;15m    [39m[38;5;15m-[39m[38;5;15m [39m[38;5;141mdla5[39m
[38;5;15m    [39m[38;5;197mNORM[39m[38;5;15m:[39m[38;5;15m [39m[38;5;186m'[39m[38;5;186m'[39m
[38;5;15m    [39m[38;5;197mOUT_CHANNELS[39m[38;5;15m:[39m[38;5;15m [39m[38;5;141m256[39m
[38;5;15m  [39m[38;5;197mKEYPOINT_ON[39m[38;5;15m:[39m[38;5;15m [39m[38;5;141mfalse[39m
[38;5;15m  [39m[38;5;197mLOAD_PROPOSALS[39m[38;5;15m:[39m[38;5;15m [39m[38;5;141mfalse[39m
[38;5;15m  [39m[38;5;197mMASK_ON[39m[38;5;15m:[39m[38;5;15m [39m[38;5;141mfalse[39m
[38;5;15m  [39m[38;5;197mMETA_ARCHITECTURE[39m[38;5;15m:[39m[38;5;15m [39m[38;5;141mCenterNetDetector[39m
[38;5;15m  [39m[38;5;197mPANOPTIC_FPN[39m[38;5;15m:[39m
[38;5;15m    [39m[38;5;197mCOMBINE[39m[38;5;15m:[39m
[38;5;15m      [39m[38;5;197mENABLED[39m[38;5;15m:[39m[38;5;15m [39m[38;5;141mtrue[39m
[38;5;15m      [39m[38;5;197mINSTANCES_CONFIDENCE_THRESH[39m[38;5;15m:[39m[38;5;15m [39m[38;5;141m0.5[39m
[38;5;15m      [39m[38;5;197mOVERLAP_THRESH[39m[38;5;15m:[39m[38;5;15m [39m[38;5;141m0.5[39m
[38;5;15m      [39m[38;5;197mSTUFF_AREA_LIMIT[39m[38;5;15m:[39m[38;5;15m [39m[38;5;141m4096[39m
[38;5;15m    [39m[38;5;197mINSTANCE_LOSS_WEIGHT[39m[38;5;15m:[39m[38;5;15m [39m[38;5;141m1.0[39m
[38;5;15m  [39m[38;5;197mPIXEL_MEAN[39m[38;5;15m:[39m
[38;5;15m  [39m[38;5;15m-[39m[38;5;15m [39m[38;5;141m103.53[39m
[38;5;15m  [39m[38;5;15m-[39m[38;5;15m [39m[38;5;141m116.28[39m
[38;5;15m  [39m[38;5;15m-[39m[38;5;15m [39m[38;5;141m123.675[39m
[38;5;15m  [39m[38;5;197mPIXEL_STD[39m[38;5;15m:[39m
[38;5;15m  [39m[38;5;15m-[39m[38;5;15m [39m[38;5;141m57.375[39m
[38;5;15m  [39m[38;5;15m-[39m[38;5;15m [39m[38;5;141m57.12[39m
[38;5;15m  [39m[38;5;15m-[39m[38;5;15m [39m[38;5;141m58.395[39m
[38;5;15m  [39m[38;5;197mPROPOSAL_GENERATOR[39m[38;5;15m:[39m
[38;5;15m    [39m[38;5;197mMIN_SIZE[39m[38;5;15m:[39m[38;5;15m [39m[38;5;141m0[39m
[38;5;15m    [39m[38;5;197mNAME[39m[38;5;15m:[39m[38;5;15m [39m[38;5;141mCenterNet[39m
[38;5;15m  [39m[38;5;197mRESNETS[39m[38;5;15m:[39m
[38;5;15m    [39m[38;5;197mDEFORM_MODULATED[39m[38;5;15m:[39m[38;5;15m [39m[38;5;141mfalse[39m
[38;5;15m    [39m[38;5;197mDEFORM_NUM_GROUPS[39m[38;5;15m:[39m[38;5;15m [39m[38;5;141m1[39m
[38;5;15m    [39m[38;5;197mDEFORM_ON_PER_STAGE[39m[38;5;15m:[39m
[38;5;15m    [39m[38;5;15m-[39m[38;5;15m [39m[38;5;141mfalse[39m
[38;5;15m    [39m[38;5;15m-[39m[38;5;15m [39m[38;5;141mfalse[39m
[38;5;15m    [39m[38;5;15m-[39m[38;5;15m [39m[38;5;141mfalse[39m
[38;5;15m    [39m[38;5;15m-[39m[38;5;15m [39m[38;5;141mfalse[39m
[38;5;15m    [39m[38;5;197mDEPTH[39m[38;5;15m:[39m[38;5;15m [39m[38;5;141m50[39m
[38;5;15m    [39m[38;5;197mNORM[39m[38;5;15m:[39m[38;5;15m [39m[38;5;141mFrozenBN[39m
[38;5;15m    [39m[38;5;197mNUM_GROUPS[39m[38;5;15m:[39m[38;5;15m [39m[38;5;141m1[39m
[38;5;15m    [39m[38;5;197mOUT_FEATURES[39m[38;5;15m:[39m
[38;5;15m    [39m[38;5;15m-[39m[38;5;15m [39m[38;5;141mres4[39m
[38;5;15m    [39m[38;5;197mRES2_OUT_CHANNELS[39m[38;5;15m:[39m[38;5;15m [39m[38;5;141m256[39m
[38;5;15m    [39m[38;5;197mRES5_DILATION[39m[38;5;15m:[39m[38;5;15m [39m[38;5;141m1[39m
[38;5;15m    [39m[38;5;197mSTEM_OUT_CHANNELS[39m[38;5;15m:[39m[38;5;15m [39m[38;5;141m64[39m
[38;5;15m    [39m[38;5;197mSTRIDE_IN_1X1[39m[38;5;15m:[39m[38;5;15m [39m[38;5;141mtrue[39m
[38;5;15m    [39m[38;5;197mWIDTH_PER_GROUP[39m[38;5;15m:[39m[38;5;15m [39m[38;5;141m64[39m
[38;5;15m  [39m[38;5;197mRETINANET[39m[38;5;15m:[39m
[38;5;15m    [39m[38;5;197mBBOX_REG_LOSS_TYPE[39m[38;5;15m:[39m[38;5;15m [39m[38;5;141msmooth_l1[39m
[38;5;15m    [39m[38;5;197mBBOX_REG_WEIGHTS[39m[38;5;15m:[39m[38;5;15m [39m[38;5;15m&id001[39m
[38;5;15m    [39m[38;5;15m-[39m[38;5;15m [39m[38;5;141m1.0[39m
[38;5;15m    [39m[38;5;15m-[39m[38;5;15m [39m[38;5;141m1.0[39m
[38;5;15m    [39m[38;5;15m-[39m[38;5;15m [39m[38;5;141m1.0[39m
[38;5;15m    [39m[38;5;15m-[39m[38;5;15m [39m[38;5;141m1.0[39m
[38;5;15m    [39m[38;5;197mFOCAL_LOSS_ALPHA[39m[38;5;15m:[39m[38;5;15m [39m[38;5;141m0.25[39m
[38;5;15m    [39m[38;5;197mFOCAL_LOSS_GAMMA[39m[38;5;15m:[39m[38;5;15m [39m[38;5;141m2.0[39m
[38;5;15m    [39m[38;5;197mIN_FEATURES[39m[38;5;15m:[39m
[38;5;15m    [39m[38;5;15m-[39m[38;5;15m [39m[38;5;141mp3[39m
[38;5;15m    [39m[38;5;15m-[39m[38;5;15m [39m[38;5;141mp4[39m
[38;5;15m    [39m[38;5;15m-[39m[38;5;15m [39m[38;5;141mp5[39m
[38;5;15m    [39m[38;5;15m-[39m[38;5;15m [39m[38;5;141mp6[39m
[38;5;15m    [39m[38;5;15m-[39m[38;5;15m [39m[38;5;141mp7[39m
[38;5;15m    [39m[38;5;197mIOU_LABELS[39m[38;5;15m:[39m
[38;5;15m    [39m[38;5;15m-[39m[38;5;15m [39m[38;5;141m0[39m
[38;5;15m    [39m[38;5;15m-[39m[38;5;15m [39m[38;5;141m-1[39m
[38;5;15m    [39m[38;5;15m-[39m[38;5;15m [39m[38;5;141m1[39m
[38;5;15m    [39m[38;5;197mIOU_THRESHOLDS[39m[38;5;15m:[39m
[38;5;15m    [39m[38;5;15m-[39m[38;5;15m [39m[38;5;141m0.4[39m
[38;5;15m    [39m[38;5;15m-[39m[38;5;15m [39m[38;5;141m0.5[39m
[38;5;15m    [39m[38;5;197mNMS_THRESH_TEST[39m[38;5;15m:[39m[38;5;15m [39m[38;5;141m0.5[39m
[38;5;15m    [39m[38;5;197mNORM[39m[38;5;15m:[39m[38;5;15m [39m[38;5;186m'[39m[38;5;186m'[39m
[38;5;15m    [39m[38;5;197mNUM_CLASSES[39m[38;5;15m:[39m[38;5;15m [39m[38;5;141m80[39m
[38;5;15m    [39m[38;5;197mNUM_CONVS[39m[38;5;15m:[39m[38;5;15m [39m[38;5;141m4[39m
[38;5;15m    [39m[38;5;197mPRIOR_PROB[39m[38;5;15m:[39m[38;5;15m [39m[38;5;141m0.01[39m
[38;5;15m    [39m[38;5;197mSCORE_THRESH_TEST[39m[38;5;15m:[39m[38;5;15m [39m[38;5;141m0.05[39m
[38;5;15m    [39m[38;5;197mSMOOTH_L1_LOSS_BETA[39m[38;5;15m:[39m[38;5;15m [39m[38;5;141m0.1[39m
[38;5;15m    [39m[38;5;197mTOPK_CANDIDATES_TEST[39m[38;5;15m:[39m[38;5;15m [39m[38;5;141m1000[39m
[38;5;15m  [39m[38;5;197mROI_BOX_CASCADE_HEAD[39m[38;5;15m:[39m
[38;5;15m    [39m[38;5;197mBBOX_REG_WEIGHTS[39m[38;5;15m:[39m
[38;5;15m    [39m[38;5;15m-[39m[38;5;15m [39m[38;5;15m-[39m[38;5;15m [39m[38;5;141m10.0[39m
[38;5;15m      [39m[38;5;15m-[39m[38;5;15m [39m[38;5;141m10.0[39m
[38;5;15m      [39m[38;5;15m-[39m[38;5;15m [39m[38;5;141m5.0[39m
[38;5;15m      [39m[38;5;15m-[39m[38;5;15m [39m[38;5;141m5.0[39m
[38;5;15m    [39m[38;5;15m-[39m[38;5;15m [39m[38;5;15m-[39m[38;5;15m [39m[38;5;141m20.0[39m
[38;5;15m      [39m[38;5;15m-[39m[38;5;15m [39m[38;5;141m20.0[39m
[38;5;15m      [39m[38;5;15m-[39m[38;5;15m [39m[38;5;141m10.0[39m
[38;5;15m      [39m[38;5;15m-[39m[38;5;15m [39m[38;5;141m10.0[39m
[38;5;15m    [39m[38;5;15m-[39m[38;5;15m [39m[38;5;15m-[39m[38;5;15m [39m[38;5;141m30.0[39m
[38;5;15m      [39m[38;5;15m-[39m[38;5;15m [39m[38;5;141m30.0[39m
[38;5;15m      [39m[38;5;15m-[39m[38;5;15m [39m[38;5;141m15.0[39m
[38;5;15m      [39m[38;5;15m-[39m[38;5;15m [39m[38;5;141m15.0[39m
[38;5;15m    [39m[38;5;197mIOUS[39m[38;5;15m:[39m
[38;5;15m    [39m[38;5;15m-[39m[38;5;15m [39m[38;5;141m0.5[39m
[38;5;15m    [39m[38;5;15m-[39m[38;5;15m [39m[38;5;141m0.6[39m
[38;5;15m    [39m[38;5;15m-[39m[38;5;15m [39m[38;5;141m0.7[39m
[38;5;15m  [39m[38;5;197mROI_BOX_HEAD[39m[38;5;15m:[39m
[38;5;15m    [39m[38;5;197mBBOX_REG_LOSS_TYPE[39m[38;5;15m:[39m[38;5;15m [39m[38;5;141msmooth_l1[39m
[38;5;15m    [39m[38;5;197mBBOX_REG_LOSS_WEIGHT[39m[38;5;15m:[39m[38;5;15m [39m[38;5;141m1.0[39m
[38;5;15m    [39m[38;5;197mBBOX_REG_WEIGHTS[39m[38;5;15m:[39m
[38;5;15m    [39m[38;5;15m-[39m[38;5;15m [39m[38;5;141m10.0[39m
[38;5;15m    [39m[38;5;15m-[39m[38;5;15m [39m[38;5;141m10.0[39m
[38;5;15m    [39m[38;5;15m-[39m[38;5;15m [39m[38;5;141m5.0[39m
[38;5;15m    [39m[38;5;15m-[39m[38;5;15m [39m[38;5;141m5.0[39m
[38;5;15m    [39m[38;5;197mCAT_FREQ_PATH[39m[38;5;15m:[39m[38;5;15m [39m[38;5;141mdatasets/lvis/lvis_v1_train_cat_info.json[39m
[38;5;15m    [39m[38;5;197mCLS_AGNOSTIC_BBOX_REG[39m[38;5;15m:[39m[38;5;15m [39m[38;5;141mfalse[39m
[38;5;15m    [39m[38;5;197mCONV_DIM[39m[38;5;15m:[39m[38;5;15m [39m[38;5;141m256[39m
[38;5;15m    [39m[38;5;197mEQL_FREQ_CAT[39m[38;5;15m:[39m[38;5;15m [39m[38;5;141m200[39m
[38;5;15m    [39m[38;5;197mFC_DIM[39m[38;5;15m:[39m[38;5;15m [39m[38;5;141m1024[39m
[38;5;15m    [39m[38;5;197mFED_LOSS_FREQ_WEIGHT[39m[38;5;15m:[39m[38;5;15m [39m[38;5;141m0.5[39m
[38;5;15m    [39m[38;5;197mFED_LOSS_FREQ_WEIGHT_POWER[39m[38;5;15m:[39m[38;5;15m [39m[38;5;141m0.5[39m
[38;5;15m    [39m[38;5;197mFED_LOSS_NUM_CAT[39m[38;5;15m:[39m[38;5;15m [39m[38;5;141m50[39m
[38;5;15m    [39m[38;5;197mFED_LOSS_NUM_CLASSES[39m[38;5;15m:[39m[38;5;15m [39m[38;5;141m50[39m
[38;5;15m    [39m[38;5;197mMULT_PROPOSAL_SCORE[39m[38;5;15m:[39m[38;5;15m [39m[38;5;141mfalse[39m
[38;5;15m    [39m[38;5;197mNAME[39m[38;5;15m:[39m[38;5;15m [39m[38;5;186m'[39m[38;5;186m'[39m
[38;5;15m    [39m[38;5;197mNORM[39m[38;5;15m:[39m[38;5;15m [39m[38;5;186m'[39m[38;5;186m'[39m
[38;5;15m    [39m[38;5;197mNUM_CONV[39m[38;5;15m:[39m[38;5;15m [39m[38;5;141m0[39m
[38;5;15m    [39m[38;5;197mNUM_FC[39m[38;5;15m:[39m[38;5;15m [39m[38;5;141m0[39m
[38;5;15m    [39m[38;5;197mPOOLER_RESOLUTION[39m[38;5;15m:[39m[38;5;15m [39m[38;5;141m14[39m
[38;5;15m    [39m[38;5;197mPOOLER_SAMPLING_RATIO[39m[38;5;15m:[39m[38;5;15m [39m[38;5;141m0[39m
[38;5;15m    [39m[38;5;197mPOOLER_TYPE[39m[38;5;15m:[39m[38;5;15m [39m[38;5;141mROIAlignV2[39m
[38;5;15m    [39m[38;5;197mPRIOR_PROB[39m[38;5;15m:[39m[38;5;15m [39m[38;5;141m0.01[39m
[38;5;15m    [39m[38;5;197mSMOOTH_L1_BETA[39m[38;5;15m:[39m[38;5;15m [39m[38;5;141m0.0[39m
[38;5;15m    [39m[38;5;197mTRAIN_ON_PRED_BOXES[39m[38;5;15m:[39m[38;5;15m [39m[38;5;141mfalse[39m
[38;5;15m    [39m[38;5;197mUSE_EQL_LOSS[39m[38;5;15m:[39m[38;5;15m [39m[38;5;141mfalse[39m
[38;5;15m    [39m[38;5;197mUSE_FED_LOSS[39m[38;5;15m:[39m[38;5;15m [39m[38;5;141mfalse[39m
[38;5;15m    [39m[38;5;197mUSE_SIGMOID_CE[39m[38;5;15m:[39m[38;5;15m [39m[38;5;141mfalse[39m
[38;5;15m  [39m[38;5;197mROI_HEADS[39m[38;5;15m:[39m
[38;5;15m    [39m[38;5;197mBATCH_SIZE_PER_IMAGE[39m[38;5;15m:[39m[38;5;15m [39m[38;5;141m512[39m
[38;5;15m    [39m[38;5;197mIN_FEATURES[39m[38;5;15m:[39m
[38;5;15m    [39m[38;5;15m-[39m[38;5;15m [39m[38;5;141mres4[39m
[38;5;15m    [39m[38;5;197mIOU_LABELS[39m[38;5;15m:[39m
[38;5;15m    [39m[38;5;15m-[39m[38;5;15m [39m[38;5;141m0[39m
[38;5;15m    [39m[38;5;15m-[39m[38;5;15m [39m[38;5;141m1[39m
[38;5;15m    [39m[38;5;197mIOU_THRESHOLDS[39m[38;5;15m:[39m
[38;5;15m    [39m[38;5;15m-[39m[38;5;15m [39m[38;5;141m0.5[39m
[38;5;15m    [39m[38;5;197mNAME[39m[38;5;15m:[39m[38;5;15m [39m[38;5;141mRes5ROIHeads[39m
[38;5;15m    [39m[38;5;197mNMS_THRESH_TEST[39m[38;5;15m:[39m[38;5;15m [39m[38;5;141m0.5[39m
[38;5;15m    [39m[38;5;197mNUM_CLASSES[39m[38;5;15m:[39m[38;5;15m [39m[38;5;141m80[39m
[38;5;15m    [39m[38;5;197mPOSITIVE_FRACTION[39m[38;5;15m:[39m[38;5;15m [39m[38;5;141m0.25[39m
[38;5;15m    [39m[38;5;197mPROPOSAL_APPEND_GT[39m[38;5;15m:[39m[38;5;15m [39m[38;5;141mtrue[39m
[38;5;15m    [39m[38;5;197mSCORE_THRESH_TEST[39m[38;5;15m:[39m[38;5;15m [39m[38;5;141m0.05[39m
[38;5;15m  [39m[38;5;197mROI_KEYPOINT_HEAD[39m[38;5;15m:[39m
[38;5;15m    [39m[38;5;197mCONV_DIMS[39m[38;5;15m:[39m
[38;5;15m    [39m[38;5;15m-[39m[38;5;15m [39m[38;5;141m512[39m
[38;5;15m    [39m[38;5;15m-[39m[38;5;15m [39m[38;5;141m512[39m
[38;5;15m    [39m[38;5;15m-[39m[38;5;15m [39m[38;5;141m512[39m
[38;5;15m    [39m[38;5;15m-[39m[38;5;15m [39m[38;5;141m512[39m
[38;5;15m    [39m[38;5;15m-[39m[38;5;15m [39m[38;5;141m512[39m
[38;5;15m    [39m[38;5;15m-[39m[38;5;15m [39m[38;5;141m512[39m
[38;5;15m    [39m[38;5;15m-[39m[38;5;15m [39m[38;5;141m512[39m
[38;5;15m    [39m[38;5;15m-[39m[38;5;15m [39m[38;5;141m512[39m
[38;5;15m    [39m[38;5;197mLOSS_WEIGHT[39m[38;5;15m:[39m[38;5;15m [39m[38;5;141m1.0[39m
[38;5;15m    [39m[38;5;197mMIN_KEYPOINTS_PER_IMAGE[39m[38;5;15m:[39m[38;5;15m [39m[38;5;141m1[39m
[38;5;15m    [39m[38;5;197mNAME[39m[38;5;15m:[39m[38;5;15m [39m[38;5;141mKRCNNConvDeconvUpsampleHead[39m
[38;5;15m    [39m[38;5;197mNORMALIZE_LOSS_BY_VISIBLE_KEYPOINTS[39m[38;5;15m:[39m[38;5;15m [39m[38;5;141mtrue[39m
[38;5;15m    [39m[38;5;197mNUM_KEYPOINTS[39m[38;5;15m:[39m[38;5;15m [39m[38;5;141m17[39m
[38;5;15m    [39m[38;5;197mPOOLER_RESOLUTION[39m[38;5;15m:[39m[38;5;15m [39m[38;5;141m14[39m
[38;5;15m    [39m[38;5;197mPOOLER_SAMPLING_RATIO[39m[38;5;15m:[39m[38;5;15m [39m[38;5;141m0[39m
[38;5;15m    [39m[38;5;197mPOOLER_TYPE[39m[38;5;15m:[39m[38;5;15m [39m[38;5;141mROIAlignV2[39m
[38;5;15m  [39m[38;5;197mROI_MASK_HEAD[39m[38;5;15m:[39m
[38;5;15m    [39m[38;5;197mCLS_AGNOSTIC_MASK[39m[38;5;15m:[39m[38;5;15m [39m[38;5;141mfalse[39m
[38;5;15m    [39m[38;5;197mCONV_DIM[39m[38;5;15m:[39m[38;5;15m [39m[38;5;141m256[39m
[38;5;15m    [39m[38;5;197mNAME[39m[38;5;15m:[39m[38;5;15m [39m[38;5;141mMaskRCNNConvUpsampleHead[39m
[38;5;15m    [39m[38;5;197mNORM[39m[38;5;15m:[39m[38;5;15m [39m[38;5;186m'[39m[38;5;186m'[39m
[38;5;15m    [39m[38;5;197mNUM_CONV[39m[38;5;15m:[39m[38;5;15m [39m[38;5;141m0[39m
[38;5;15m    [39m[38;5;197mPOOLER_RESOLUTION[39m[38;5;15m:[39m[38;5;15m [39m[38;5;141m14[39m
[38;5;15m    [39m[38;5;197mPOOLER_SAMPLING_RATIO[39m[38;5;15m:[39m[38;5;15m [39m[38;5;141m0[39m
[38;5;15m    [39m[38;5;197mPOOLER_TYPE[39m[38;5;15m:[39m[38;5;15m [39m[38;5;141mROIAlignV2[39m
[38;5;15m  [39m[38;5;197mRPN[39m[38;5;15m:[39m
[38;5;15m    [39m[38;5;197mBATCH_SIZE_PER_IMAGE[39m[38;5;15m:[39m[38;5;15m [39m[38;5;141m256[39m
[38;5;15m    [39m[38;5;197mBBOX_REG_LOSS_TYPE[39m[38;5;15m:[39m[38;5;15m [39m[38;5;141msmooth_l1[39m
[38;5;15m    [39m[38;5;197mBBOX_REG_LOSS_WEIGHT[39m[38;5;15m:[39m[38;5;15m [39m[38;5;141m1.0[39m
[38;5;15m    [39m[38;5;197mBBOX_REG_WEIGHTS[39m[38;5;15m:[39m[38;5;15m [39m[38;5;15m*id001[39m
[38;5;15m    [39m[38;5;197mBOUNDARY_THRESH[39m[38;5;15m:[39m[38;5;15m [39m[38;5;141m-1[39m
[38;5;15m    [39m[38;5;197mCONV_DIMS[39m[38;5;15m:[39m
[38;5;15m    [39m[38;5;15m-[39m[38;5;15m [39m[38;5;141m-1[39m
[38;5;15m    [39m[38;5;197mHEAD_NAME[39m[38;5;15m:[39m[38;5;15m [39m[38;5;141mStandardRPNHead[39m
[38;5;15m    [39m[38;5;197mIN_FEATURES[39m[38;5;15m:[39m
[38;5;15m    [39m[38;5;15m-[39m[38;5;15m [39m[38;5;141mres4[39m
[38;5;15m    [39m[38;5;197mIOU_LABELS[39m[38;5;15m:[39m
[38;5;15m    [39m[38;5;15m-[39m[38;5;15m [39m[38;5;141m0[39m
[38;5;15m    [39m[38;5;15m-[39m[38;5;15m [39m[38;5;141m-1[39m
[38;5;15m    [39m[38;5;15m-[39m[38;5;15m [39m[38;5;141m1[39m
[38;5;15m    [39m[38;5;197mIOU_THRESHOLDS[39m[38;5;15m:[39m
[38;5;15m    [39m[38;5;15m-[39m[38;5;15m [39m[38;5;141m0.3[39m
[38;5;15m    [39m[38;5;15m-[39m[38;5;15m [39m[38;5;141m0.7[39m
[38;5;15m    [39m[38;5;197mLOSS_WEIGHT[39m[38;5;15m:[39m[38;5;15m [39m[38;5;141m1.0[39m
[38;5;15m    [39m[38;5;197mNMS_THRESH[39m[38;5;15m:[39m[38;5;15m [39m[38;5;141m0.7[39m
[38;5;15m    [39m[38;5;197mPOSITIVE_FRACTION[39m[38;5;15m:[39m[38;5;15m [39m[38;5;141m0.5[39m
[38;5;15m    [39m[38;5;197mPOST_NMS_TOPK_TEST[39m[38;5;15m:[39m[38;5;15m [39m[38;5;141m1000[39m
[38;5;15m    [39m[38;5;197mPOST_NMS_TOPK_TRAIN[39m[38;5;15m:[39m[38;5;15m [39m[38;5;141m2000[39m
[38;5;15m    [39m[38;5;197mPRE_NMS_TOPK_TEST[39m[38;5;15m:[39m[38;5;15m [39m[38;5;141m6000[39m
[38;5;15m    [39m[38;5;197mPRE_NMS_TOPK_TRAIN[39m[38;5;15m:[39m[38;5;15m [39m[38;5;141m12000[39m
[38;5;15m    [39m[38;5;197mSMOOTH_L1_BETA[39m[38;5;15m:[39m[38;5;15m [39m[38;5;141m0.0[39m
[38;5;15m  [39m[38;5;197mSEM_SEG_HEAD[39m[38;5;15m:[39m
[38;5;15m    [39m[38;5;197mCOMMON_STRIDE[39m[38;5;15m:[39m[38;5;15m [39m[38;5;141m4[39m
[38;5;15m    [39m[38;5;197mCONVS_DIM[39m[38;5;15m:[39m[38;5;15m [39m[38;5;141m128[39m
[38;5;15m    [39m[38;5;197mIGNORE_VALUE[39m[38;5;15m:[39m[38;5;15m [39m[38;5;141m255[39m
[38;5;15m    [39m[38;5;197mIN_FEATURES[39m[38;5;15m:[39m
[38;5;15m    [39m[38;5;15m-[39m[38;5;15m [39m[38;5;141mp2[39m
[38;5;15m    [39m[38;5;15m-[39m[38;5;15m [39m[38;5;141mp3[39m
[38;5;15m    [39m[38;5;15m-[39m[38;5;15m [39m[38;5;141mp4[39m
[38;5;15m    [39m[38;5;15m-[39m[38;5;15m [39m[38;5;141mp5[39m
[38;5;15m    [39m[38;5;197mLOSS_WEIGHT[39m[38;5;15m:[39m[38;5;15m [39m[38;5;141m1.0[39m
[38;5;15m    [39m[38;5;197mNAME[39m[38;5;15m:[39m[38;5;15m [39m[38;5;141mSemSegFPNHead[39m
[38;5;15m    [39m[38;5;197mNORM[39m[38;5;15m:[39m[38;5;15m [39m[38;5;141mGN[39m
[38;5;15m    [39m[38;5;197mNUM_CLASSES[39m[38;5;15m:[39m[38;5;15m [39m[38;5;141m54[39m
[38;5;15m  [39m[38;5;197mWEIGHTS[39m[38;5;15m:[39m[38;5;15m [39m[38;5;141m./models/ImageNetPretrained/MSRA_R-50.pkl[39m
[38;5;197mOUTPUT_DIR[39m[38;5;15m:[39m[38;5;15m [39m[38;5;141m./output/MY/CBAM/N50_my_CenterNet-DLA-BiFPN-P5-CBAM[39m
[38;5;197mSAVE_DEBUG[39m[38;5;15m:[39m[38;5;15m [39m[38;5;141mfalse[39m
[38;5;197mSAVE_PTH[39m[38;5;15m:[39m[38;5;15m [39m[38;5;141mfalse[39m
[38;5;197mSEED[39m[38;5;15m:[39m[38;5;15m [39m[38;5;141m-1[39m
[38;5;197mSOLVER[39m[38;5;15m:[39m
[38;5;15m  [39m[38;5;197mAMP[39m[38;5;15m:[39m
[38;5;15m    [39m[38;5;197mENABLED[39m[38;5;15m:[39m[38;5;15m [39m[38;5;141mfalse[39m
[38;5;15m  [39m[38;5;197mBASE_LR[39m[38;5;15m:[39m[38;5;15m [39m[38;5;141m0.04[39m
[38;5;15m  [39m[38;5;197mBASE_LR_END[39m[38;5;15m:[39m[38;5;15m [39m[38;5;141m0.0[39m
[38;5;15m  [39m[38;5;197mBIAS_LR_FACTOR[39m[38;5;15m:[39m[38;5;15m [39m[38;5;141m1.0[39m
[38;5;15m  [39m[38;5;197mCHECKPOINT_PERIOD[39m[38;5;15m:[39m[38;5;15m [39m[38;5;141m100000[39m
[38;5;15m  [39m[38;5;197mCLIP_GRADIENTS[39m[38;5;15m:[39m
[38;5;15m    [39m[38;5;197mCLIP_TYPE[39m[38;5;15m:[39m[38;5;15m [39m[38;5;141mvalue[39m
[38;5;15m    [39m[38;5;197mCLIP_VALUE[39m[38;5;15m:[39m[38;5;15m [39m[38;5;141m1.0[39m
[38;5;15m    [39m[38;5;197mENABLED[39m[38;5;15m:[39m[38;5;15m [39m[38;5;141mtrue[39m
[38;5;15m    [39m[38;5;197mNORM_TYPE[39m[38;5;15m:[39m[38;5;15m [39m[38;5;141m2.0[39m
[38;5;15m  [39m[38;5;197mGAMMA[39m[38;5;15m:[39m[38;5;15m [39m[38;5;141m0.1[39m
[38;5;15m  [39m[38;5;197mIMS_PER_BATCH[39m[38;5;15m:[39m[38;5;15m [39m[38;5;141m8[39m
[38;5;15m  [39m[38;5;197mLR_SCHEDULER_NAME[39m[38;5;15m:[39m[38;5;15m [39m[38;5;141mWarmupCosineLR[39m
[38;5;15m  [39m[38;5;197mMAX_ITER[39m[38;5;15m:[39m[38;5;15m [39m[38;5;141m720000[39m
[38;5;15m  [39m[38;5;197mMOMENTUM[39m[38;5;15m:[39m[38;5;15m [39m[38;5;141m0.9[39m
[38;5;15m  [39m[38;5;197mNESTEROV[39m[38;5;15m:[39m[38;5;15m [39m[38;5;141mfalse[39m
[38;5;15m  [39m[38;5;197mNUM_DECAYS[39m[38;5;15m:[39m[38;5;15m [39m[38;5;141m3[39m
[38;5;15m  [39m[38;5;197mREFERENCE_WORLD_SIZE[39m[38;5;15m:[39m[38;5;15m [39m[38;5;141m0[39m
[38;5;15m  [39m[38;5;197mRESCALE_INTERVAL[39m[38;5;15m:[39m[38;5;15m [39m[38;5;141mfalse[39m
[38;5;15m  [39m[38;5;197mRESET_ITER[39m[38;5;15m:[39m[38;5;15m [39m[38;5;141mtrue[39m
[38;5;15m  [39m[38;5;197mSTEPS[39m[38;5;15m:[39m
[38;5;15m  [39m[38;5;15m-[39m[38;5;15m [39m[38;5;141m30000[39m
[38;5;15m  [39m[38;5;197mTRAIN_ITER[39m[38;5;15m:[39m[38;5;15m [39m[38;5;141m-1[39m
[38;5;15m  [39m[38;5;197mWARMUP_FACTOR[39m[38;5;15m:[39m[38;5;15m [39m[38;5;141m0.001[39m
[38;5;15m  [39m[38;5;197mWARMUP_ITERS[39m[38;5;15m:[39m[38;5;15m [39m[38;5;141m1000[39m
[38;5;15m  [39m[38;5;197mWARMUP_METHOD[39m[38;5;15m:[39m[38;5;15m [39m[38;5;141mlinear[39m
[38;5;15m  [39m[38;5;197mWEIGHT_DECAY[39m[38;5;15m:[39m[38;5;15m [39m[38;5;141m0.0001[39m
[38;5;15m  [39m[38;5;197mWEIGHT_DECAY_BIAS[39m[38;5;15m:[39m[38;5;15m [39m[38;5;141mnull[39m
[38;5;15m  [39m[38;5;197mWEIGHT_DECAY_NORM[39m[38;5;15m:[39m[38;5;15m [39m[38;5;141m0.0[39m
[38;5;197mTEST[39m[38;5;15m:[39m
[38;5;15m  [39m[38;5;197mAUG[39m[38;5;15m:[39m
[38;5;15m    [39m[38;5;197mENABLED[39m[38;5;15m:[39m[38;5;15m [39m[38;5;141mfalse[39m
[38;5;15m    [39m[38;5;197mFLIP[39m[38;5;15m:[39m[38;5;15m [39m[38;5;141mtrue[39m
[38;5;15m    [39m[38;5;197mMAX_SIZE[39m[38;5;15m:[39m[38;5;15m [39m[38;5;141m4000[39m
[38;5;15m    [39m[38;5;197mMIN_SIZES[39m[38;5;15m:[39m
[38;5;15m    [39m[38;5;15m-[39m[38;5;15m [39m[38;5;141m400[39m
[38;5;15m    [39m[38;5;15m-[39m[38;5;15m [39m[38;5;141m500[39m
[38;5;15m    [39m[38;5;15m-[39m[38;5;15m [39m[38;5;141m600[39m
[38;5;15m    [39m[38;5;15m-[39m[38;5;15m [39m[38;5;141m700[39m
[38;5;15m    [39m[38;5;15m-[39m[38;5;15m [39m[38;5;141m800[39m
[38;5;15m    [39m[38;5;15m-[39m[38;5;15m [39m[38;5;141m900[39m
[38;5;15m    [39m[38;5;15m-[39m[38;5;15m [39m[38;5;141m1000[39m
[38;5;15m    [39m[38;5;15m-[39m[38;5;15m [39m[38;5;141m1100[39m
[38;5;15m    [39m[38;5;15m-[39m[38;5;15m [39m[38;5;141m1200[39m
[38;5;15m  [39m[38;5;197mDETECTIONS_PER_IMAGE[39m[38;5;15m:[39m[38;5;15m [39m[38;5;141m100[39m
[38;5;15m  [39m[38;5;197mEVAL_PERIOD[39m[38;5;15m:[39m[38;5;15m [39m[38;5;141m10000[39m
[38;5;15m  [39m[38;5;197mEXPECTED_RESULTS[39m[38;5;15m:[39m[38;5;15m [39m[38;5;15m[[39m[38;5;15m][39m
[38;5;15m  [39m[38;5;197mKEYPOINT_OKS_SIGMAS[39m[38;5;15m:[39m[38;5;15m [39m[38;5;15m[[39m[38;5;15m][39m
[38;5;15m  [39m[38;5;197mPRECISE_BN[39m[38;5;15m:[39m
[38;5;15m    [39m[38;5;197mENABLED[39m[38;5;15m:[39m[38;5;15m [39m[38;5;141mfalse[39m
[38;5;15m    [39m[38;5;197mNUM_ITER[39m[38;5;15m:[39m[38;5;15m [39m[38;5;141m200[39m
[38;5;197mVERSION[39m[38;5;15m:[39m[38;5;15m [39m[38;5;141m2[39m
[38;5;197mVIS_PERIOD[39m[38;5;15m:[39m[38;5;15m [39m[38;5;141m0[39m
[38;5;197mVIS_THRESH[39m[38;5;15m:[39m[38;5;15m [39m[38;5;141m0.3[39m

[04/23 22:23:27 detectron2]: Full config saved to ./output/MY/CBAM/N50_my_CenterNet-DLA-BiFPN-P5-CBAM/config.yaml
[04/23 22:23:27 d2.utils.env]: Using a generated random seed 27782777
Loading pretrained DLA!
[04/23 22:23:30 detectron2]: Model:
CenterNetDetector(
  (backbone): BiFPN_with_CBAM(
    (bottom_up): BackboneWithTopLevels(
      (backbone): DLA(
        (base_layer): Sequential(
          (0): Conv2d(3, 16, kernel_size=(7, 7), stride=(1, 1), padding=(3, 3), bias=False)
          (1): BatchNorm2d(16, eps=1e-05, momentum=0.1, affine=True, track_running_stats=True)
          (2): ReLU(inplace=True)
        )
        (level0): Sequential(
          (0): Conv2d(16, 16, kernel_size=(3, 3), stride=(1, 1), padding=(1, 1), bias=False)
          (1): BatchNorm2d(16, eps=1e-05, momentum=0.1, affine=True, track_running_stats=True)
          (2): ReLU(inplace=True)
        )
        (level1): Sequential(
          (0): Conv2d(16, 32, kernel_size=(3, 3), stride=(2, 2), padding=(1, 1), bias=False)
          (1): BatchNorm2d(32, eps=1e-05, momentum=0.1, affine=True, track_running_stats=True)
          (2): ReLU(inplace=True)
        )
        (level2): Tree(
          (tree1): BasicBlock(
            (conv1): Conv2d(32, 64, kernel_size=(3, 3), stride=(2, 2), padding=(1, 1), bias=False)
            (bn1): BatchNorm2d(64, eps=1e-05, momentum=0.1, affine=True, track_running_stats=True)
            (relu): ReLU(inplace=True)
            (conv2): Conv2d(64, 64, kernel_size=(3, 3), stride=(1, 1), padding=(1, 1), bias=False)
            (bn2): BatchNorm2d(64, eps=1e-05, momentum=0.1, affine=True, track_running_stats=True)
          )
          (tree2): BasicBlock(
            (conv1): Conv2d(64, 64, kernel_size=(3, 3), stride=(1, 1), padding=(1, 1), bias=False)
            (bn1): BatchNorm2d(64, eps=1e-05, momentum=0.1, affine=True, track_running_stats=True)
            (relu): ReLU(inplace=True)
            (conv2): Conv2d(64, 64, kernel_size=(3, 3), stride=(1, 1), padding=(1, 1), bias=False)
            (bn2): BatchNorm2d(64, eps=1e-05, momentum=0.1, affine=True, track_running_stats=True)
          )
          (root): Root(
            (conv): Conv2d(128, 64, kernel_size=(1, 1), stride=(1, 1), bias=False)
            (bn): BatchNorm2d(64, eps=1e-05, momentum=0.1, affine=True, track_running_stats=True)
            (relu): ReLU(inplace=True)
          )
          (downsample): MaxPool2d(kernel_size=2, stride=2, padding=0, dilation=1, ceil_mode=False)
          (project): Sequential(
            (0): Conv2d(32, 64, kernel_size=(1, 1), stride=(1, 1), bias=False)
            (1): BatchNorm2d(64, eps=1e-05, momentum=0.1, affine=True, track_running_stats=True)
          )
        )
        (level3): Tree(
          (tree1): Tree(
            (tree1): BasicBlock(
              (conv1): Conv2d(64, 128, kernel_size=(3, 3), stride=(2, 2), padding=(1, 1), bias=False)
              (bn1): BatchNorm2d(128, eps=1e-05, momentum=0.1, affine=True, track_running_stats=True)
              (relu): ReLU(inplace=True)
              (conv2): Conv2d(128, 128, kernel_size=(3, 3), stride=(1, 1), padding=(1, 1), bias=False)
              (bn2): BatchNorm2d(128, eps=1e-05, momentum=0.1, affine=True, track_running_stats=True)
            )
            (tree2): BasicBlock(
              (conv1): Conv2d(128, 128, kernel_size=(3, 3), stride=(1, 1), padding=(1, 1), bias=False)
              (bn1): BatchNorm2d(128, eps=1e-05, momentum=0.1, affine=True, track_running_stats=True)
              (relu): ReLU(inplace=True)
              (conv2): Conv2d(128, 128, kernel_size=(3, 3), stride=(1, 1), padding=(1, 1), bias=False)
              (bn2): BatchNorm2d(128, eps=1e-05, momentum=0.1, affine=True, track_running_stats=True)
            )
            (root): Root(
              (conv): Conv2d(256, 128, kernel_size=(1, 1), stride=(1, 1), bias=False)
              (bn): BatchNorm2d(128, eps=1e-05, momentum=0.1, affine=True, track_running_stats=True)
              (relu): ReLU(inplace=True)
            )
            (downsample): MaxPool2d(kernel_size=2, stride=2, padding=0, dilation=1, ceil_mode=False)
            (project): Sequential(
              (0): Conv2d(64, 128, kernel_size=(1, 1), stride=(1, 1), bias=False)
              (1): BatchNorm2d(128, eps=1e-05, momentum=0.1, affine=True, track_running_stats=True)
            )
          )
          (tree2): Tree(
            (tree1): BasicBlock(
              (conv1): Conv2d(128, 128, kernel_size=(3, 3), stride=(1, 1), padding=(1, 1), bias=False)
              (bn1): BatchNorm2d(128, eps=1e-05, momentum=0.1, affine=True, track_running_stats=True)
              (relu): ReLU(inplace=True)
              (conv2): Conv2d(128, 128, kernel_size=(3, 3), stride=(1, 1), padding=(1, 1), bias=False)
              (bn2): BatchNorm2d(128, eps=1e-05, momentum=0.1, affine=True, track_running_stats=True)
            )
            (tree2): BasicBlock(
              (conv1): Conv2d(128, 128, kernel_size=(3, 3), stride=(1, 1), padding=(1, 1), bias=False)
              (bn1): BatchNorm2d(128, eps=1e-05, momentum=0.1, affine=True, track_running_stats=True)
              (relu): ReLU(inplace=True)
              (conv2): Conv2d(128, 128, kernel_size=(3, 3), stride=(1, 1), padding=(1, 1), bias=False)
              (bn2): BatchNorm2d(128, eps=1e-05, momentum=0.1, affine=True, track_running_stats=True)
            )
            (root): Root(
              (conv): Conv2d(448, 128, kernel_size=(1, 1), stride=(1, 1), bias=False)
              (bn): BatchNorm2d(128, eps=1e-05, momentum=0.1, affine=True, track_running_stats=True)
              (relu): ReLU(inplace=True)
            )
          )
          (downsample): MaxPool2d(kernel_size=2, stride=2, padding=0, dilation=1, ceil_mode=False)
          (project): Sequential(
            (0): Conv2d(64, 128, kernel_size=(1, 1), stride=(1, 1), bias=False)
            (1): BatchNorm2d(128, eps=1e-05, momentum=0.1, affine=True, track_running_stats=True)
          )
        )
        (level4): Tree(
          (tree1): Tree(
            (tree1): BasicBlock(
              (conv1): Conv2d(128, 256, kernel_size=(3, 3), stride=(2, 2), padding=(1, 1), bias=False)
              (bn1): BatchNorm2d(256, eps=1e-05, momentum=0.1, affine=True, track_running_stats=True)
              (relu): ReLU(inplace=True)
              (conv2): Conv2d(256, 256, kernel_size=(3, 3), stride=(1, 1), padding=(1, 1), bias=False)
              (bn2): BatchNorm2d(256, eps=1e-05, momentum=0.1, affine=True, track_running_stats=True)
            )
            (tree2): BasicBlock(
              (conv1): Conv2d(256, 256, kernel_size=(3, 3), stride=(1, 1), padding=(1, 1), bias=False)
              (bn1): BatchNorm2d(256, eps=1e-05, momentum=0.1, affine=True, track_running_stats=True)
              (relu): ReLU(inplace=True)
              (conv2): Conv2d(256, 256, kernel_size=(3, 3), stride=(1, 1), padding=(1, 1), bias=False)
              (bn2): BatchNorm2d(256, eps=1e-05, momentum=0.1, affine=True, track_running_stats=True)
            )
            (root): Root(
              (conv): Conv2d(512, 256, kernel_size=(1, 1), stride=(1, 1), bias=False)
              (bn): BatchNorm2d(256, eps=1e-05, momentum=0.1, affine=True, track_running_stats=True)
              (relu): ReLU(inplace=True)
            )
            (downsample): MaxPool2d(kernel_size=2, stride=2, padding=0, dilation=1, ceil_mode=False)
            (project): Sequential(
              (0): Conv2d(128, 256, kernel_size=(1, 1), stride=(1, 1), bias=False)
              (1): BatchNorm2d(256, eps=1e-05, momentum=0.1, affine=True, track_running_stats=True)
            )
          )
          (tree2): Tree(
            (tree1): BasicBlock(
              (conv1): Conv2d(256, 256, kernel_size=(3, 3), stride=(1, 1), padding=(1, 1), bias=False)
              (bn1): BatchNorm2d(256, eps=1e-05, momentum=0.1, affine=True, track_running_stats=True)
              (relu): ReLU(inplace=True)
              (conv2): Conv2d(256, 256, kernel_size=(3, 3), stride=(1, 1), padding=(1, 1), bias=False)
              (bn2): BatchNorm2d(256, eps=1e-05, momentum=0.1, affine=True, track_running_stats=True)
            )
            (tree2): BasicBlock(
              (conv1): Conv2d(256, 256, kernel_size=(3, 3), stride=(1, 1), padding=(1, 1), bias=False)
              (bn1): BatchNorm2d(256, eps=1e-05, momentum=0.1, affine=True, track_running_stats=True)
              (relu): ReLU(inplace=True)
              (conv2): Conv2d(256, 256, kernel_size=(3, 3), stride=(1, 1), padding=(1, 1), bias=False)
              (bn2): BatchNorm2d(256, eps=1e-05, momentum=0.1, affine=True, track_running_stats=True)
            )
            (root): Root(
              (conv): Conv2d(896, 256, kernel_size=(1, 1), stride=(1, 1), bias=False)
              (bn): BatchNorm2d(256, eps=1e-05, momentum=0.1, affine=True, track_running_stats=True)
              (relu): ReLU(inplace=True)
            )
          )
          (downsample): MaxPool2d(kernel_size=2, stride=2, padding=0, dilation=1, ceil_mode=False)
          (project): Sequential(
            (0): Conv2d(128, 256, kernel_size=(1, 1), stride=(1, 1), bias=False)
            (1): BatchNorm2d(256, eps=1e-05, momentum=0.1, affine=True, track_running_stats=True)
          )
        )
        (level5): Tree(
          (tree1): BasicBlock(
            (conv1): Conv2d(256, 512, kernel_size=(3, 3), stride=(2, 2), padding=(1, 1), bias=False)
            (bn1): BatchNorm2d(512, eps=1e-05, momentum=0.1, affine=True, track_running_stats=True)
            (relu): ReLU(inplace=True)
            (conv2): Conv2d(512, 512, kernel_size=(3, 3), stride=(1, 1), padding=(1, 1), bias=False)
            (bn2): BatchNorm2d(512, eps=1e-05, momentum=0.1, affine=True, track_running_stats=True)
          )
          (tree2): BasicBlock(
            (conv1): Conv2d(512, 512, kernel_size=(3, 3), stride=(1, 1), padding=(1, 1), bias=False)
            (bn1): BatchNorm2d(512, eps=1e-05, momentum=0.1, affine=True, track_running_stats=True)
            (relu): ReLU(inplace=True)
            (conv2): Conv2d(512, 512, kernel_size=(3, 3), stride=(1, 1), padding=(1, 1), bias=False)
            (bn2): BatchNorm2d(512, eps=1e-05, momentum=0.1, affine=True, track_running_stats=True)
          )
          (root): Root(
            (conv): Conv2d(1280, 512, kernel_size=(1, 1), stride=(1, 1), bias=False)
            (bn): BatchNorm2d(512, eps=1e-05, momentum=0.1, affine=True, track_running_stats=True)
            (relu): ReLU(inplace=True)
          )
          (downsample): MaxPool2d(kernel_size=2, stride=2, padding=0, dilation=1, ceil_mode=False)
          (project): Sequential(
            (0): Conv2d(256, 512, kernel_size=(1, 1), stride=(1, 1), bias=False)
            (1): BatchNorm2d(512, eps=1e-05, momentum=0.1, affine=True, track_running_stats=True)
          )
        )
      )
      (dla6): FeatureMapResampler(
        (reduction): Conv2d(
          512, 160, kernel_size=(1, 1), stride=(1, 1), bias=False
          (norm): GroupNorm(32, 160, eps=1e-05, affine=True)
        )
      )
      (dla7): FeatureMapResampler()
    )
    (repeated_bifpn): ModuleList(
      (0): SingleBiFPN(
        (outputs_f3_3_4): Conv2d(
          160, 160, kernel_size=(3, 3), stride=(1, 1), padding=(1, 1), bias=False
          (norm): GroupNorm(32, 160, eps=1e-05, affine=True)
        )
        (lateral_2_f2): Conv2d(
          512, 160, kernel_size=(1, 1), stride=(1, 1)
          (norm): GroupNorm(32, 160, eps=1e-05, affine=True)
        )
        (outputs_f2_2_5): Conv2d(
          160, 160, kernel_size=(3, 3), stride=(1, 1), padding=(1, 1), bias=False
          (norm): GroupNorm(32, 160, eps=1e-05, affine=True)
        )
        (lateral_1_f1): Conv2d(
          256, 160, kernel_size=(1, 1), stride=(1, 1)
          (norm): GroupNorm(32, 160, eps=1e-05, affine=True)
        )
        (outputs_f1_1_6): Conv2d(
          160, 160, kernel_size=(3, 3), stride=(1, 1), padding=(1, 1), bias=False
          (norm): GroupNorm(32, 160, eps=1e-05, affine=True)
        )
        (lateral_0_f0): Conv2d(
          128, 160, kernel_size=(1, 1), stride=(1, 1)
          (norm): GroupNorm(32, 160, eps=1e-05, affine=True)
        )
        (outputs_f0_0_7): Conv2d(
          160, 160, kernel_size=(3, 3), stride=(1, 1), padding=(1, 1), bias=False
          (norm): GroupNorm(32, 160, eps=1e-05, affine=True)
        )
        (outputs_f1_1_7_8): Conv2d(
          160, 160, kernel_size=(3, 3), stride=(1, 1), padding=(1, 1), bias=False
          (norm): GroupNorm(32, 160, eps=1e-05, affine=True)
        )
        (outputs_f2_2_6_9): Conv2d(
          160, 160, kernel_size=(3, 3), stride=(1, 1), padding=(1, 1), bias=False
          (norm): GroupNorm(32, 160, eps=1e-05, affine=True)
        )
        (outputs_f3_3_5_10): Conv2d(
          160, 160, kernel_size=(3, 3), stride=(1, 1), padding=(1, 1), bias=False
          (norm): GroupNorm(32, 160, eps=1e-05, affine=True)
        )
        (outputs_f4_4_11): Conv2d(
          160, 160, kernel_size=(3, 3), stride=(1, 1), padding=(1, 1), bias=False
          (norm): GroupNorm(32, 160, eps=1e-05, affine=True)
        )
      )
      (1): CBAM(
        (ca): ChannelAttention(
          (avg_pool): AdaptiveAvgPool2d(output_size=1)
          (max_pool): AdaptiveMaxPool2d(output_size=1)
          (shared_MLP): Sequential(
            (0): Conv2d(160, 10, kernel_size=(1, 1), stride=(1, 1), bias=False)
            (1): ReLU()
            (2): Conv2d(10, 160, kernel_size=(1, 1), stride=(1, 1), bias=False)
          )
          (sigmoid): Sigmoid()
        )
        (sa): SpatialAttention(
          (conv1): Conv2d(2, 1, kernel_size=(7, 7), stride=(1, 1), padding=(3, 3), bias=False)
          (sigmoid): Sigmoid()
        )
      )
      (2): SingleBiFPN(
        (outputs_f3_3_4): Conv2d(
          160, 160, kernel_size=(3, 3), stride=(1, 1), padding=(1, 1), bias=False
          (norm): GroupNorm(32, 160, eps=1e-05, affine=True)
        )
        (outputs_f2_2_5): Conv2d(
          160, 160, kernel_size=(3, 3), stride=(1, 1), padding=(1, 1), bias=False
          (norm): GroupNorm(32, 160, eps=1e-05, affine=True)
        )
        (outputs_f1_1_6): Conv2d(
          160, 160, kernel_size=(3, 3), stride=(1, 1), padding=(1, 1), bias=False
          (norm): GroupNorm(32, 160, eps=1e-05, affine=True)
        )
        (outputs_f0_0_7): Conv2d(
          160, 160, kernel_size=(3, 3), stride=(1, 1), padding=(1, 1), bias=False
          (norm): GroupNorm(32, 160, eps=1e-05, affine=True)
        )
        (outputs_f1_1_7_8): Conv2d(
          160, 160, kernel_size=(3, 3), stride=(1, 1), padding=(1, 1), bias=False
          (norm): GroupNorm(32, 160, eps=1e-05, affine=True)
        )
        (outputs_f2_2_6_9): Conv2d(
          160, 160, kernel_size=(3, 3), stride=(1, 1), padding=(1, 1), bias=False
          (norm): GroupNorm(32, 160, eps=1e-05, affine=True)
        )
        (outputs_f3_3_5_10): Conv2d(
          160, 160, kernel_size=(3, 3), stride=(1, 1), padding=(1, 1), bias=False
          (norm): GroupNorm(32, 160, eps=1e-05, affine=True)
        )
        (outputs_f4_4_11): Conv2d(
          160, 160, kernel_size=(3, 3), stride=(1, 1), padding=(1, 1), bias=False
          (norm): GroupNorm(32, 160, eps=1e-05, affine=True)
        )
      )
      (3): CBAM(
        (ca): ChannelAttention(
          (avg_pool): AdaptiveAvgPool2d(output_size=1)
          (max_pool): AdaptiveMaxPool2d(output_size=1)
          (shared_MLP): Sequential(
            (0): Conv2d(160, 10, kernel_size=(1, 1), stride=(1, 1), bias=False)
            (1): ReLU()
            (2): Conv2d(10, 160, kernel_size=(1, 1), stride=(1, 1), bias=False)
          )
          (sigmoid): Sigmoid()
        )
        (sa): SpatialAttention(
          (conv1): Conv2d(2, 1, kernel_size=(7, 7), stride=(1, 1), padding=(3, 3), bias=False)
          (sigmoid): Sigmoid()
        )
      )
      (4): SingleBiFPN(
        (outputs_f3_3_4): Conv2d(
          160, 160, kernel_size=(3, 3), stride=(1, 1), padding=(1, 1), bias=False
          (norm): GroupNorm(32, 160, eps=1e-05, affine=True)
        )
        (outputs_f2_2_5): Conv2d(
          160, 160, kernel_size=(3, 3), stride=(1, 1), padding=(1, 1), bias=False
          (norm): GroupNorm(32, 160, eps=1e-05, affine=True)
        )
        (outputs_f1_1_6): Conv2d(
          160, 160, kernel_size=(3, 3), stride=(1, 1), padding=(1, 1), bias=False
          (norm): GroupNorm(32, 160, eps=1e-05, affine=True)
        )
        (outputs_f0_0_7): Conv2d(
          160, 160, kernel_size=(3, 3), stride=(1, 1), padding=(1, 1), bias=False
          (norm): GroupNorm(32, 160, eps=1e-05, affine=True)
        )
        (outputs_f1_1_7_8): Conv2d(
          160, 160, kernel_size=(3, 3), stride=(1, 1), padding=(1, 1), bias=False
          (norm): GroupNorm(32, 160, eps=1e-05, affine=True)
        )
        (outputs_f2_2_6_9): Conv2d(
          160, 160, kernel_size=(3, 3), stride=(1, 1), padding=(1, 1), bias=False
          (norm): GroupNorm(32, 160, eps=1e-05, affine=True)
        )
        (outputs_f3_3_5_10): Conv2d(
          160, 160, kernel_size=(3, 3), stride=(1, 1), padding=(1, 1), bias=False
          (norm): GroupNorm(32, 160, eps=1e-05, affine=True)
        )
        (outputs_f4_4_11): Conv2d(
          160, 160, kernel_size=(3, 3), stride=(1, 1), padding=(1, 1), bias=False
          (norm): GroupNorm(32, 160, eps=1e-05, affine=True)
        )
      )
      (5): CBAM(
        (ca): ChannelAttention(
          (avg_pool): AdaptiveAvgPool2d(output_size=1)
          (max_pool): AdaptiveMaxPool2d(output_size=1)
          (shared_MLP): Sequential(
            (0): Conv2d(160, 10, kernel_size=(1, 1), stride=(1, 1), bias=False)
            (1): ReLU()
            (2): Conv2d(10, 160, kernel_size=(1, 1), stride=(1, 1), bias=False)
          )
          (sigmoid): Sigmoid()
        )
        (sa): SpatialAttention(
          (conv1): Conv2d(2, 1, kernel_size=(7, 7), stride=(1, 1), padding=(3, 3), bias=False)
          (sigmoid): Sigmoid()
        )
      )
    )
  )
  (proposal_generator): CenterNet(
    (iou_loss): IOULoss()
    (centernet_head): CenterNetHead(
      (cls_tower): Sequential(
        (0): Conv2d(160, 160, kernel_size=(3, 3), stride=(1, 1), padding=(1, 1))
        (1): GroupNorm(32, 160, eps=1e-05, affine=True)
        (2): ReLU()
      )
      (bbox_tower): Sequential(
        (0): Conv2d(160, 160, kernel_size=(3, 3), stride=(1, 1), padding=(1, 1))
        (1): GroupNorm(32, 160, eps=1e-05, affine=True)
        (2): ReLU()
      )
      (share_tower): Sequential()
      (bbox_pred): Conv2d(160, 4, kernel_size=(3, 3), stride=(1, 1), padding=(1, 1))
      (scales): ModuleList(
        (0): Scale()
        (1): Scale()
        (2): Scale()
      )
      (cls_logits): Conv2d(160, 50, kernel_size=(3, 3), stride=(1, 1), padding=(1, 1))
    )
  )
)
[04/23 22:23:30 d2.checkpoint.detection_checkpoint]: [DetectionCheckpointer] Loading from ./models/ImageNetPretrained/MSRA_R-50.pkl ...
[04/23 22:23:30 fvcore.common.checkpoint]: [Checkpointer] Loading from ./models/ImageNetPretrained/MSRA_R-50.pkl ...
[04/23 22:23:31 d2.checkpoint.c2_model_loading]: Renaming Caffe2 weights ......
WARNING [04/23 22:23:31 d2.checkpoint.c2_model_loading]: No weights in checkpoint matched with model.
WARNING [04/23 22:23:31 fvcore.common.checkpoint]: Some model parameters or buffers are not found in the checkpoint:
backbone.bottom_up.backbone.base_layer.0.weight
backbone.bottom_up.backbone.base_layer.1.{bias, running_mean, running_var, weight}
backbone.bottom_up.backbone.level0.0.weight
backbone.bottom_up.backbone.level0.1.{bias, running_mean, running_var, weight}
backbone.bottom_up.backbone.level1.0.weight
backbone.bottom_up.backbone.level1.1.{bias, running_mean, running_var, weight}
backbone.bottom_up.backbone.level2.project.0.weight
backbone.bottom_up.backbone.level2.project.1.{bias, running_mean, running_var, weight}
backbone.bottom_up.backbone.level2.root.bn.{bias, running_mean, running_var, weight}
backbone.bottom_up.backbone.level2.root.conv.weight
backbone.bottom_up.backbone.level2.tree1.bn1.{bias, running_mean, running_var, weight}
backbone.bottom_up.backbone.level2.tree1.bn2.{bias, running_mean, running_var, weight}
backbone.bottom_up.backbone.level2.tree1.conv1.weight
backbone.bottom_up.backbone.level2.tree1.conv2.weight
backbone.bottom_up.backbone.level2.tree2.bn1.{bias, running_mean, running_var, weight}
backbone.bottom_up.backbone.level2.tree2.bn2.{bias, running_mean, running_var, weight}
backbone.bottom_up.backbone.level2.tree2.conv1.weight
backbone.bottom_up.backbone.level2.tree2.conv2.weight
backbone.bottom_up.backbone.level3.project.0.weight
backbone.bottom_up.backbone.level3.project.1.{bias, running_mean, running_var, weight}
backbone.bottom_up.backbone.level3.tree1.project.0.weight
backbone.bottom_up.backbone.level3.tree1.project.1.{bias, running_mean, running_var, weight}
backbone.bottom_up.backbone.level3.tree1.root.bn.{bias, running_mean, running_var, weight}
backbone.bottom_up.backbone.level3.tree1.root.conv.weight
backbone.bottom_up.backbone.level3.tree1.tree1.bn1.{bias, running_mean, running_var, weight}
backbone.bottom_up.backbone.level3.tree1.tree1.bn2.{bias, running_mean, running_var, weight}
backbone.bottom_up.backbone.level3.tree1.tree1.conv1.weight
backbone.bottom_up.backbone.level3.tree1.tree1.conv2.weight
backbone.bottom_up.backbone.level3.tree1.tree2.bn1.{bias, running_mean, running_var, weight}
backbone.bottom_up.backbone.level3.tree1.tree2.bn2.{bias, running_mean, running_var, weight}
backbone.bottom_up.backbone.level3.tree1.tree2.conv1.weight
backbone.bottom_up.backbone.level3.tree1.tree2.conv2.weight
backbone.bottom_up.backbone.level3.tree2.root.bn.{bias, running_mean, running_var, weight}
backbone.bottom_up.backbone.level3.tree2.root.conv.weight
backbone.bottom_up.backbone.level3.tree2.tree1.bn1.{bias, running_mean, running_var, weight}
backbone.bottom_up.backbone.level3.tree2.tree1.bn2.{bias, running_mean, running_var, weight}
backbone.bottom_up.backbone.level3.tree2.tree1.conv1.weight
backbone.bottom_up.backbone.level3.tree2.tree1.conv2.weight
backbone.bottom_up.backbone.level3.tree2.tree2.bn1.{bias, running_mean, running_var, weight}
backbone.bottom_up.backbone.level3.tree2.tree2.bn2.{bias, running_mean, running_var, weight}
backbone.bottom_up.backbone.level3.tree2.tree2.conv1.weight
backbone.bottom_up.backbone.level3.tree2.tree2.conv2.weight
backbone.bottom_up.backbone.level4.project.0.weight
backbone.bottom_up.backbone.level4.project.1.{bias, running_mean, running_var, weight}
backbone.bottom_up.backbone.level4.tree1.project.0.weight
backbone.bottom_up.backbone.level4.tree1.project.1.{bias, running_mean, running_var, weight}
backbone.bottom_up.backbone.level4.tree1.root.bn.{bias, running_mean, running_var, weight}
backbone.bottom_up.backbone.level4.tree1.root.conv.weight
backbone.bottom_up.backbone.level4.tree1.tree1.bn1.{bias, running_mean, running_var, weight}
backbone.bottom_up.backbone.level4.tree1.tree1.bn2.{bias, running_mean, running_var, weight}
backbone.bottom_up.backbone.level4.tree1.tree1.conv1.weight
backbone.bottom_up.backbone.level4.tree1.tree1.conv2.weight
backbone.bottom_up.backbone.level4.tree1.tree2.bn1.{bias, running_mean, running_var, weight}
backbone.bottom_up.backbone.level4.tree1.tree2.bn2.{bias, running_mean, running_var, weight}
backbone.bottom_up.backbone.level4.tree1.tree2.conv1.weight
backbone.bottom_up.backbone.level4.tree1.tree2.conv2.weight
backbone.bottom_up.backbone.level4.tree2.root.bn.{bias, running_mean, running_var, weight}
backbone.bottom_up.backbone.level4.tree2.root.conv.weight
backbone.bottom_up.backbone.level4.tree2.tree1.bn1.{bias, running_mean, running_var, weight}
backbone.bottom_up.backbone.level4.tree2.tree1.bn2.{bias, running_mean, running_var, weight}
backbone.bottom_up.backbone.level4.tree2.tree1.conv1.weight
backbone.bottom_up.backbone.level4.tree2.tree1.conv2.weight
backbone.bottom_up.backbone.level4.tree2.tree2.bn1.{bias, running_mean, running_var, weight}
backbone.bottom_up.backbone.level4.tree2.tree2.bn2.{bias, running_mean, running_var, weight}
backbone.bottom_up.backbone.level4.tree2.tree2.conv1.weight
backbone.bottom_up.backbone.level4.tree2.tree2.conv2.weight
backbone.bottom_up.backbone.level5.project.0.weight
backbone.bottom_up.backbone.level5.project.1.{bias, running_mean, running_var, weight}
backbone.bottom_up.backbone.level5.root.bn.{bias, running_mean, running_var, weight}
backbone.bottom_up.backbone.level5.root.conv.weight
backbone.bottom_up.backbone.level5.tree1.bn1.{bias, running_mean, running_var, weight}
backbone.bottom_up.backbone.level5.tree1.bn2.{bias, running_mean, running_var, weight}
backbone.bottom_up.backbone.level5.tree1.conv1.weight
backbone.bottom_up.backbone.level5.tree1.conv2.weight
backbone.bottom_up.backbone.level5.tree2.bn1.{bias, running_mean, running_var, weight}
backbone.bottom_up.backbone.level5.tree2.bn2.{bias, running_mean, running_var, weight}
backbone.bottom_up.backbone.level5.tree2.conv1.weight
backbone.bottom_up.backbone.level5.tree2.conv2.weight
backbone.bottom_up.dla6.reduction.norm.{bias, weight}
backbone.bottom_up.dla6.reduction.weight
backbone.repeated_bifpn.0.lateral_0_f0.norm.{bias, weight}
backbone.repeated_bifpn.0.lateral_0_f0.{bias, weight}
backbone.repeated_bifpn.0.lateral_1_f1.norm.{bias, weight}
backbone.repeated_bifpn.0.lateral_1_f1.{bias, weight}
backbone.repeated_bifpn.0.lateral_2_f2.norm.{bias, weight}
backbone.repeated_bifpn.0.lateral_2_f2.{bias, weight}
backbone.repeated_bifpn.0.outputs_f0_0_7.norm.{bias, weight}
backbone.repeated_bifpn.0.outputs_f0_0_7.weight
backbone.repeated_bifpn.0.outputs_f1_1_6.norm.{bias, weight}
backbone.repeated_bifpn.0.outputs_f1_1_6.weight
backbone.repeated_bifpn.0.outputs_f1_1_7_8.norm.{bias, weight}
backbone.repeated_bifpn.0.outputs_f1_1_7_8.weight
backbone.repeated_bifpn.0.outputs_f2_2_5.norm.{bias, weight}
backbone.repeated_bifpn.0.outputs_f2_2_5.weight
backbone.repeated_bifpn.0.outputs_f2_2_6_9.norm.{bias, weight}
backbone.repeated_bifpn.0.outputs_f2_2_6_9.weight
backbone.repeated_bifpn.0.outputs_f3_3_4.norm.{bias, weight}
backbone.repeated_bifpn.0.outputs_f3_3_4.weight
backbone.repeated_bifpn.0.outputs_f3_3_5_10.norm.{bias, weight}
backbone.repeated_bifpn.0.outputs_f3_3_5_10.weight
backbone.repeated_bifpn.0.outputs_f4_4_11.norm.{bias, weight}
backbone.repeated_bifpn.0.outputs_f4_4_11.weight
backbone.repeated_bifpn.0.{weights_f0_0_7, weights_f1_1_6, weights_f1_1_7_8, weights_f2_2_5, weights_f2_2_6_9, weights_f3_3_4, weights_f3_3_5_10, weights_f4_4_11}
backbone.repeated_bifpn.1.ca.shared_MLP.0.weight
backbone.repeated_bifpn.1.ca.shared_MLP.2.weight
backbone.repeated_bifpn.1.sa.conv1.weight
backbone.repeated_bifpn.2.outputs_f0_0_7.norm.{bias, weight}
backbone.repeated_bifpn.2.outputs_f0_0_7.weight
backbone.repeated_bifpn.2.outputs_f1_1_6.norm.{bias, weight}
backbone.repeated_bifpn.2.outputs_f1_1_6.weight
backbone.repeated_bifpn.2.outputs_f1_1_7_8.norm.{bias, weight}
backbone.repeated_bifpn.2.outputs_f1_1_7_8.weight
backbone.repeated_bifpn.2.outputs_f2_2_5.norm.{bias, weight}
backbone.repeated_bifpn.2.outputs_f2_2_5.weight
backbone.repeated_bifpn.2.outputs_f2_2_6_9.norm.{bias, weight}
backbone.repeated_bifpn.2.outputs_f2_2_6_9.weight
backbone.repeated_bifpn.2.outputs_f3_3_4.norm.{bias, weight}
backbone.repeated_bifpn.2.outputs_f3_3_4.weight
backbone.repeated_bifpn.2.outputs_f3_3_5_10.norm.{bias, weight}
backbone.repeated_bifpn.2.outputs_f3_3_5_10.weight
backbone.repeated_bifpn.2.outputs_f4_4_11.norm.{bias, weight}
backbone.repeated_bifpn.2.outputs_f4_4_11.weight
backbone.repeated_bifpn.2.{weights_f0_0_7, weights_f1_1_6, weights_f1_1_7_8, weights_f2_2_5, weights_f2_2_6_9, weights_f3_3_4, weights_f3_3_5_10, weights_f4_4_11}
backbone.repeated_bifpn.3.ca.shared_MLP.0.weight
backbone.repeated_bifpn.3.ca.shared_MLP.2.weight
backbone.repeated_bifpn.3.sa.conv1.weight
backbone.repeated_bifpn.4.outputs_f0_0_7.norm.{bias, weight}
backbone.repeated_bifpn.4.outputs_f0_0_7.weight
backbone.repeated_bifpn.4.outputs_f1_1_6.norm.{bias, weight}
backbone.repeated_bifpn.4.outputs_f1_1_6.weight
backbone.repeated_bifpn.4.outputs_f1_1_7_8.norm.{bias, weight}
backbone.repeated_bifpn.4.outputs_f1_1_7_8.weight
backbone.repeated_bifpn.4.outputs_f2_2_5.norm.{bias, weight}
backbone.repeated_bifpn.4.outputs_f2_2_5.weight
backbone.repeated_bifpn.4.outputs_f2_2_6_9.norm.{bias, weight}
backbone.repeated_bifpn.4.outputs_f2_2_6_9.weight
backbone.repeated_bifpn.4.outputs_f3_3_4.norm.{bias, weight}
backbone.repeated_bifpn.4.outputs_f3_3_4.weight
backbone.repeated_bifpn.4.outputs_f3_3_5_10.norm.{bias, weight}
backbone.repeated_bifpn.4.outputs_f3_3_5_10.weight
backbone.repeated_bifpn.4.outputs_f4_4_11.norm.{bias, weight}
backbone.repeated_bifpn.4.outputs_f4_4_11.weight
backbone.repeated_bifpn.4.{weights_f0_0_7, weights_f1_1_6, weights_f1_1_7_8, weights_f2_2_5, weights_f2_2_6_9, weights_f3_3_4, weights_f3_3_5_10, weights_f4_4_11}
backbone.repeated_bifpn.5.ca.shared_MLP.0.weight
backbone.repeated_bifpn.5.ca.shared_MLP.2.weight
backbone.repeated_bifpn.5.sa.conv1.weight
proposal_generator.centernet_head.bbox_pred.{bias, weight}
proposal_generator.centernet_head.bbox_tower.0.{bias, weight}
proposal_generator.centernet_head.bbox_tower.1.{bias, weight}
proposal_generator.centernet_head.cls_logits.{bias, weight}
proposal_generator.centernet_head.cls_tower.0.{bias, weight}
proposal_generator.centernet_head.cls_tower.1.{bias, weight}
proposal_generator.centernet_head.scales.0.scale
proposal_generator.centernet_head.scales.1.scale
proposal_generator.centernet_head.scales.2.scale
WARNING [04/23 22:23:31 fvcore.common.checkpoint]: The checkpoint state_dict contains keys that are not used by the model:
  stem.conv1.{bias, weight}
  fc1000.{bias, weight}
  res2.0.shortcut.norm.{bias, running_mean, running_var, weight}
  res2.0.shortcut.weight
  res2.0.conv1.norm.{bias, running_mean, running_var, weight}
  res2.0.conv1.weight
  res2.0.conv2.norm.{bias, running_mean, running_var, weight}
  res2.0.conv2.weight
  res2.0.conv3.norm.{bias, running_mean, running_var, weight}
  res2.0.conv3.weight
  res2.1.conv1.norm.{bias, running_mean, running_var, weight}
  res2.1.conv1.weight
  res2.1.conv2.norm.{bias, running_mean, running_var, weight}
  res2.1.conv2.weight
  res2.1.conv3.norm.{bias, running_mean, running_var, weight}
  res2.1.conv3.weight
  res2.2.conv1.norm.{bias, running_mean, running_var, weight}
  res2.2.conv1.weight
  res2.2.conv2.norm.{bias, running_mean, running_var, weight}
  res2.2.conv2.weight
  res2.2.conv3.norm.{bias, running_mean, running_var, weight}
  res2.2.conv3.weight
  res3.0.shortcut.norm.{bias, running_mean, running_var, weight}
  res3.0.shortcut.weight
  res3.0.conv1.norm.{bias, running_mean, running_var, weight}
  res3.0.conv1.weight
  res3.0.conv2.norm.{bias, running_mean, running_var, weight}
  res3.0.conv2.weight
  res3.0.conv3.norm.{bias, running_mean, running_var, weight}
  res3.0.conv3.weight
  res3.1.conv1.norm.{bias, running_mean, running_var, weight}
  res3.1.conv1.weight
  res3.1.conv2.norm.{bias, running_mean, running_var, weight}
  res3.1.conv2.weight
  res3.1.conv3.norm.{bias, running_mean, running_var, weight}
  res3.1.conv3.weight
  res3.2.conv1.norm.{bias, running_mean, running_var, weight}
  res3.2.conv1.weight
  res3.2.conv2.norm.{bias, running_mean, running_var, weight}
  res3.2.conv2.weight
  res3.2.conv3.norm.{bias, running_mean, running_var, weight}
  res3.2.conv3.weight
  res3.3.conv1.norm.{bias, running_mean, running_var, weight}
  res3.3.conv1.weight
  res3.3.conv2.norm.{bias, running_mean, running_var, weight}
  res3.3.conv2.weight
  res3.3.conv3.norm.{bias, running_mean, running_var, weight}
  res3.3.conv3.weight
  res4.0.shortcut.norm.{bias, running_mean, running_var, weight}
  res4.0.shortcut.weight
  res4.0.conv1.norm.{bias, running_mean, running_var, weight}
  res4.0.conv1.weight
  res4.0.conv2.norm.{bias, running_mean, running_var, weight}
  res4.0.conv2.weight
  res4.0.conv3.norm.{bias, running_mean, running_var, weight}
  res4.0.conv3.weight
  res4.1.conv1.norm.{bias, running_mean, running_var, weight}
  res4.1.conv1.weight
  res4.1.conv2.norm.{bias, running_mean, running_var, weight}
  res4.1.conv2.weight
  res4.1.conv3.norm.{bias, running_mean, running_var, weight}
  res4.1.conv3.weight
  res4.2.conv1.norm.{bias, running_mean, running_var, weight}
  res4.2.conv1.weight
  res4.2.conv2.norm.{bias, running_mean, running_var, weight}
  res4.2.conv2.weight
  res4.2.conv3.norm.{bias, running_mean, running_var, weight}
  res4.2.conv3.weight
  res4.3.conv1.norm.{bias, running_mean, running_var, weight}
  res4.3.conv1.weight
  res4.3.conv2.norm.{bias, running_mean, running_var, weight}
  res4.3.conv2.weight
  res4.3.conv3.norm.{bias, running_mean, running_var, weight}
  res4.3.conv3.weight
  res4.4.conv1.norm.{bias, running_mean, running_var, weight}
  res4.4.conv1.weight
  res4.4.conv2.norm.{bias, running_mean, running_var, weight}
  res4.4.conv2.weight
  res4.4.conv3.norm.{bias, running_mean, running_var, weight}
  res4.4.conv3.weight
  res4.5.conv1.norm.{bias, running_mean, running_var, weight}
  res4.5.conv1.weight
  res4.5.conv2.norm.{bias, running_mean, running_var, weight}
  res4.5.conv2.weight
  res4.5.conv3.norm.{bias, running_mean, running_var, weight}
  res4.5.conv3.weight
  res5.0.shortcut.norm.{bias, running_mean, running_var, weight}
  res5.0.shortcut.weight
  res5.0.conv1.norm.{bias, running_mean, running_var, weight}
  res5.0.conv1.weight
  res5.0.conv2.norm.{bias, running_mean, running_var, weight}
  res5.0.conv2.weight
  res5.0.conv3.norm.{bias, running_mean, running_var, weight}
  res5.0.conv3.weight
  res5.1.conv1.norm.{bias, running_mean, running_var, weight}
  res5.1.conv1.weight
  res5.1.conv2.norm.{bias, running_mean, running_var, weight}
  res5.1.conv2.weight
  res5.1.conv3.norm.{bias, running_mean, running_var, weight}
  res5.1.conv3.weight
  res5.2.conv1.norm.{bias, running_mean, running_var, weight}
  res5.2.conv1.weight
  res5.2.conv2.norm.{bias, running_mean, running_var, weight}
  res5.2.conv2.weight
  res5.2.conv3.norm.{bias, running_mean, running_var, weight}
  res5.2.conv3.weight
  stem.conv1.norm.{bias, running_mean, running_var, weight}
[04/23 22:23:31 detectron2]: Reset loaded iteration. Start training from iteration 0.
[04/23 22:23:31 d2.data.dataset_mapper]: [DatasetMapper] Augmentations used in training: [<centernet.data.transforms.custom_augmentation_impl.EfficientDetResizeCrop object at 0x7fa1e305d310>, RandomFlip()]
