nohup: 忽略输入
Config './configs/nurse-dla.yaml' has no VERSION. Assuming it to be compatible with latest v2.
Command Line Args: Namespace(config_file='./configs/nurse-dla.yaml', dist_url='tcp://127.0.0.1:25387', eval_only=False, machine_rank=0, manual_device='1', num_gpus=1, num_machines=1, opts=[], resume=False)
[05/11 13:59:42 detectron2]: Rank of current process: 0. World size: 1
[05/11 13:59:42 detectron2]: Environment info:
-------------------------------  ---------------------------------------------------------------------------------------
sys.platform                     linux
Python                           3.8.16 (default, Mar  2 2023, 03:21:46) [GCC 11.2.0]
numpy                            1.23.5
detectron2                       0.6 @/home/puchyu/projects/detectron2/detectron2
Compiler                         GCC 8.4
CUDA compiler                    CUDA 10.2
detectron2 arch flags            6.1
DETECTRON2_ENV_MODULE            <not set>
PyTorch                          1.10.0 @/home/puchyu/app/miniconda3/envs/center/lib/python3.8/site-packages/torch
PyTorch debug build              False
torch._C._GLIBCXX_USE_CXX11_ABI  False
GPU available                    Yes
GPU 0                            NVIDIA TITAN Xp (arch=6.1)
Driver version                   470.161.03
CUDA_HOME                        /usr/local/cuda
Pillow                           8.3.2
torchvision                      0.11.0 @/home/puchyu/app/miniconda3/envs/center/lib/python3.8/site-packages/torchvision
torchvision arch flags           3.5, 5.0, 6.0, 7.0, 7.5
fvcore                           0.1.5.post20221221
iopath                           0.1.9
cv2                              4.7.0
-------------------------------  ---------------------------------------------------------------------------------------
PyTorch built with:
  - GCC 7.3
  - C++ Version: 201402
  - Intel(R) oneAPI Math Kernel Library Version 2021.4-Product Build 20210904 for Intel(R) 64 architecture applications
  - Intel(R) MKL-DNN v2.2.3 (Git Hash 7336ca9f055cf1bfa13efb658fe15dc9b41f0740)
  - OpenMP 201511 (a.k.a. OpenMP 4.5)
  - LAPACK is enabled (usually provided by MKL)
  - NNPACK is enabled
  - CPU capability usage: AVX512
  - CUDA Runtime 10.2
  - NVCC architecture flags: -gencode;arch=compute_37,code=sm_37;-gencode;arch=compute_50,code=sm_50;-gencode;arch=compute_60,code=sm_60;-gencode;arch=compute_61,code=sm_61;-gencode;arch=compute_70,code=sm_70;-gencode;arch=compute_75,code=sm_75;-gencode;arch=compute_37,code=compute_37
  - CuDNN 7.6.5
  - Magma 2.5.2
  - Build settings: BLAS_INFO=mkl, BUILD_TYPE=Release, CUDA_VERSION=10.2, CUDNN_VERSION=7.6.5, CXX_COMPILER=/opt/rh/devtoolset-7/root/usr/bin/c++, CXX_FLAGS= -Wno-deprecated -fvisibility-inlines-hidden -DUSE_PTHREADPOOL -fopenmp -DNDEBUG -DUSE_KINETO -DUSE_FBGEMM -DUSE_QNNPACK -DUSE_PYTORCH_QNNPACK -DUSE_XNNPACK -DSYMBOLICATE_MOBILE_DEBUG_HANDLE -DEDGE_PROFILER_USE_KINETO -O2 -fPIC -Wno-narrowing -Wall -Wextra -Werror=return-type -Wno-missing-field-initializers -Wno-type-limits -Wno-array-bounds -Wno-unknown-pragmas -Wno-sign-compare -Wno-unused-parameter -Wno-unused-variable -Wno-unused-function -Wno-unused-result -Wno-unused-local-typedefs -Wno-strict-overflow -Wno-strict-aliasing -Wno-error=deprecated-declarations -Wno-stringop-overflow -Wno-psabi -Wno-error=pedantic -Wno-error=redundant-decls -Wno-error=old-style-cast -fdiagnostics-color=always -faligned-new -Wno-unused-but-set-variable -Wno-maybe-uninitialized -fno-math-errno -fno-trapping-math -Werror=format -Wno-stringop-overflow, LAPACK_INFO=mkl, PERF_WITH_AVX=1, PERF_WITH_AVX2=1, PERF_WITH_AVX512=1, TORCH_VERSION=1.10.0, USE_CUDA=ON, USE_CUDNN=ON, USE_EXCEPTION_PTR=1, USE_GFLAGS=OFF, USE_GLOG=OFF, USE_MKL=ON, USE_MKLDNN=ON, USE_MPI=OFF, USE_NCCL=ON, USE_NNPACK=ON, USE_OPENMP=ON, 

[05/11 13:59:42 detectron2]: Command line arguments: Namespace(config_file='./configs/nurse-dla.yaml', dist_url='tcp://127.0.0.1:25387', eval_only=False, machine_rank=0, manual_device='1', num_gpus=1, num_machines=1, opts=[], resume=False)
[05/11 13:59:42 detectron2]: Contents of args.config_file=./configs/nurse-dla.yaml:
MODEL:
  META_ARCHITECTURE: "CenterNetDetector"
  PROPOSAL_GENERATOR:
    NAME: "CenterNet"
  PIXEL_STD: [57.375, 57.120, 58.395]
  BACKBONE:
    NAME: "build_dla_backbone"
  DLA:
    NORM: "BN"
  CENTERNET:
    NUM_CLASSES: 8
    IN_FEATURES: ["dla2"]
    FPN_STRIDES: [4]
    SOI: [[0, 1000000]]
    NUM_CLS_CONVS: 1
    NUM_BOX_CONVS: 1
    REG_WEIGHT: 1.
DATASETS:
  TRAIN: ("nurse_train",)
  TEST: ("nurse_val",)
SOLVER:
  LR_SCHEDULER_NAME: "WarmupCosineLR"
  MAX_ITER: 5000
  BASE_LR: 0.04
  IMS_PER_BATCH: 8
  WEIGHT_DECAY: 0.0001
  CHECKPOINT_PERIOD: 9999999
  CLIP_GRADIENTS:
    ENABLED: True
INPUT:
  CUSTOM_AUG: EfficientDetResizeCrop
  TRAIN_SIZE: 640
  MIN_SIZE_TEST: 608
  MAX_SIZE_TEST: 900
TEST:
  EVAL_PERIOD: 7500
DATALOADER:
  NUM_WORKERS: 8
OUTPUT_DIR: "output/auto"

[05/11 13:59:43 detectron2]: Running with full config:
CUDNN_BENCHMARK: false
DATALOADER:
  ASPECT_RATIO_GROUPING: true
  FILTER_EMPTY_ANNOTATIONS: true
  NUM_WORKERS: 8
  REPEAT_THRESHOLD: 0.0
  SAMPLER_TRAIN: TrainingSampler
DATASETS:
  PRECOMPUTED_PROPOSAL_TOPK_TEST: 1000
  PRECOMPUTED_PROPOSAL_TOPK_TRAIN: 2000
  PROPOSAL_FILES_TEST: []
  PROPOSAL_FILES_TRAIN: []
  TEST:
  - nurse_val
  TRAIN:
  - nurse_train
DEBUG: false
DEBUG_SHOW_NAME: false
GLOBAL:
  HACK: 1.0
INPUT:
  CROP:
    ENABLED: false
    SIZE:
    - 0.9
    - 0.9
    TYPE: relative_range
  CUSTOM_AUG: EfficientDetResizeCrop
  FORMAT: BGR
  MASK_FORMAT: polygon
  MAX_SIZE_TEST: 900
  MAX_SIZE_TRAIN: 1333
  MIN_SIZE_TEST: 608
  MIN_SIZE_TRAIN:
  - 800
  MIN_SIZE_TRAIN_SAMPLING: choice
  NOT_CLAMP_BOX: false
  RANDOM_FLIP: horizontal
  SCALE_RANGE:
  - 0.1
  - 2.0
  TEST_INPUT_TYPE: default
  TEST_SIZE: 640
  TRAIN_SIZE: 640
MODEL:
  ANCHOR_GENERATOR:
    ANGLES:
    - - -90
      - 0
      - 90
    ASPECT_RATIOS:
    - - 0.5
      - 1.0
      - 2.0
    NAME: DefaultAnchorGenerator
    OFFSET: 0.0
    SIZES:
    - - 32
      - 64
      - 128
      - 256
      - 512
  BACKBONE:
    FREEZE_AT: 2
    NAME: build_dla_backbone
  BIFPN:
    NORM: GN
    NUM_BIFPN: 6
    NUM_LEVELS: 5
    OUT_CHANNELS: 160
    SEPARABLE_CONV: false
  CENTERNET:
    AS_PROPOSAL: false
    CENTER_NMS: false
    FPN_STRIDES:
    - 4
    HM_FOCAL_ALPHA: 0.25
    HM_FOCAL_BETA: 4
    HM_MIN_OVERLAP: 0.8
    IGNORE_HIGH_FP: -1.0
    INFERENCE_TH: 0.05
    IN_FEATURES:
    - dla2
    LOC_LOSS_TYPE: giou
    LOSS_GAMMA: 2.0
    MIN_RADIUS: 4
    MORE_POS: false
    MORE_POS_THRESH: 0.2
    MORE_POS_TOPK: 9
    NEG_WEIGHT: 1.0
    NMS_TH_TEST: 0.6
    NMS_TH_TRAIN: 0.6
    NORM: GN
    NOT_NMS: false
    NOT_NORM_REG: true
    NO_REDUCE: false
    NUM_BOX_CONVS: 1
    NUM_CLASSES: 8
    NUM_CLS_CONVS: 1
    NUM_SHARE_CONVS: 0
    ONLY_PROPOSAL: false
    POST_NMS_TOPK_TEST: 100
    POST_NMS_TOPK_TRAIN: 100
    POS_WEIGHT: 1.0
    PRE_NMS_TOPK_TEST: 1000
    PRE_NMS_TOPK_TRAIN: 1000
    PRIOR_PROB: 0.01
    REG_WEIGHT: 1.0
    SIGMOID_CLAMP: 0.0001
    SOI:
    - - 0
      - 1000000
    USE_DEFORMABLE: false
    WITH_AGN_HM: false
  DEVICE: cuda
  DLA:
    DLAUP_IN_FEATURES:
    - dla3
    - dla4
    - dla5
    DLAUP_NODE: conv
    MS_OUTPUT: false
    NORM: BN
    NUM_LAYERS: 34
    OUT_FEATURES:
    - dla2
    USE_DLA_UP: true
  FPN:
    FUSE_TYPE: sum
    IN_FEATURES: []
    NORM: ''
    OUT_CHANNELS: 256
  KEYPOINT_ON: false
  LOAD_PROPOSALS: false
  MASK_ON: false
  META_ARCHITECTURE: CenterNetDetector
  PANOPTIC_FPN:
    COMBINE:
      ENABLED: true
      INSTANCES_CONFIDENCE_THRESH: 0.5
      OVERLAP_THRESH: 0.5
      STUFF_AREA_LIMIT: 4096
    INSTANCE_LOSS_WEIGHT: 1.0
  PIXEL_MEAN:
  - 103.53
  - 116.28
  - 123.675
  PIXEL_STD:
  - 57.375
  - 57.12
  - 58.395
  PROPOSAL_GENERATOR:
    MIN_SIZE: 0
    NAME: CenterNet
  RESNETS:
    DEFORM_MODULATED: false
    DEFORM_NUM_GROUPS: 1
    DEFORM_ON_PER_STAGE:
    - false
    - false
    - false
    - false
    DEPTH: 50
    NORM: FrozenBN
    NUM_GROUPS: 1
    OUT_FEATURES:
    - res4
    RES2_OUT_CHANNELS: 256
    RES5_DILATION: 1
    STEM_OUT_CHANNELS: 64
    STRIDE_IN_1X1: true
    WIDTH_PER_GROUP: 64
  RETINANET:
    BBOX_REG_LOSS_TYPE: smooth_l1
    BBOX_REG_WEIGHTS: &id002
    - 1.0
    - 1.0
    - 1.0
    - 1.0
    FOCAL_LOSS_ALPHA: 0.25
    FOCAL_LOSS_GAMMA: 2.0
    IN_FEATURES:
    - p3
    - p4
    - p5
    - p6
    - p7
    IOU_LABELS:
    - 0
    - -1
    - 1
    IOU_THRESHOLDS:
    - 0.4
    - 0.5
    NMS_THRESH_TEST: 0.5
    NORM: ''
    NUM_CLASSES: 80
    NUM_CONVS: 4
    PRIOR_PROB: 0.01
    SCORE_THRESH_TEST: 0.05
    SMOOTH_L1_LOSS_BETA: 0.1
    TOPK_CANDIDATES_TEST: 1000
  ROI_BOX_CASCADE_HEAD:
    BBOX_REG_WEIGHTS:
    - &id001
      - 10.0
      - 10.0
      - 5.0
      - 5.0
    - - 20.0
      - 20.0
      - 10.0
      - 10.0
    - - 30.0
      - 30.0
      - 15.0
      - 15.0
    IOUS:
    - 0.5
    - 0.6
    - 0.7
  ROI_BOX_HEAD:
    BBOX_REG_LOSS_TYPE: smooth_l1
    BBOX_REG_LOSS_WEIGHT: 1.0
    BBOX_REG_WEIGHTS: *id001
    CAT_FREQ_PATH: datasets/lvis/lvis_v1_train_cat_info.json
    CLS_AGNOSTIC_BBOX_REG: false
    CONV_DIM: 256
    EQL_FREQ_CAT: 200
    FC_DIM: 1024
    FED_LOSS_FREQ_WEIGHT: 0.5
    FED_LOSS_FREQ_WEIGHT_POWER: 0.5
    FED_LOSS_NUM_CAT: 50
    FED_LOSS_NUM_CLASSES: 50
    MULT_PROPOSAL_SCORE: false
    NAME: ''
    NORM: ''
    NUM_CONV: 0
    NUM_FC: 0
    POOLER_RESOLUTION: 14
    POOLER_SAMPLING_RATIO: 0
    POOLER_TYPE: ROIAlignV2
    PRIOR_PROB: 0.01
    SMOOTH_L1_BETA: 0.0
    TRAIN_ON_PRED_BOXES: false
    USE_EQL_LOSS: false
    USE_FED_LOSS: false
    USE_SIGMOID_CE: false
  ROI_HEADS:
    BATCH_SIZE_PER_IMAGE: 512
    IN_FEATURES:
    - res4
    IOU_LABELS:
    - 0
    - 1
    IOU_THRESHOLDS:
    - 0.5
    NAME: Res5ROIHeads
    NMS_THRESH_TEST: 0.5
    NUM_CLASSES: 80
    POSITIVE_FRACTION: 0.25
    PROPOSAL_APPEND_GT: true
    SCORE_THRESH_TEST: 0.05
  ROI_KEYPOINT_HEAD:
    CONV_DIMS:
    - 512
    - 512
    - 512
    - 512
    - 512
    - 512
    - 512
    - 512
    LOSS_WEIGHT: 1.0
    MIN_KEYPOINTS_PER_IMAGE: 1
    NAME: KRCNNConvDeconvUpsampleHead
    NORMALIZE_LOSS_BY_VISIBLE_KEYPOINTS: true
    NUM_KEYPOINTS: 17
    POOLER_RESOLUTION: 14
    POOLER_SAMPLING_RATIO: 0
    POOLER_TYPE: ROIAlignV2
  ROI_MASK_HEAD:
    CLS_AGNOSTIC_MASK: false
    CONV_DIM: 256
    NAME: MaskRCNNConvUpsampleHead
    NORM: ''
    NUM_CONV: 0
    POOLER_RESOLUTION: 14
    POOLER_SAMPLING_RATIO: 0
    POOLER_TYPE: ROIAlignV2
  RPN:
    BATCH_SIZE_PER_IMAGE: 256
    BBOX_REG_LOSS_TYPE: smooth_l1
    BBOX_REG_LOSS_WEIGHT: 1.0
    BBOX_REG_WEIGHTS: *id002
    BOUNDARY_THRESH: -1
    CONV_DIMS:
    - -1
    HEAD_NAME: StandardRPNHead
    IN_FEATURES:
    - res4
    IOU_LABELS:
    - 0
    - -1
    - 1
    IOU_THRESHOLDS:
    - 0.3
    - 0.7
    LOSS_WEIGHT: 1.0
    NMS_THRESH: 0.7
    POSITIVE_FRACTION: 0.5
    POST_NMS_TOPK_TEST: 1000
    POST_NMS_TOPK_TRAIN: 2000
    PRE_NMS_TOPK_TEST: 6000
    PRE_NMS_TOPK_TRAIN: 12000
    SMOOTH_L1_BETA: 0.0
  SEM_SEG_HEAD:
    COMMON_STRIDE: 4
    CONVS_DIM: 128
    IGNORE_VALUE: 255
    IN_FEATURES:
    - p2
    - p3
    - p4
    - p5
    LOSS_WEIGHT: 1.0
    NAME: SemSegFPNHead
    NORM: GN
    NUM_CLASSES: 54
  WEIGHTS: ''
OUTPUT_DIR: output/nurse-dla
SAVE_DEBUG: false
SAVE_PTH: false
SEED: -1
SOLVER:
  AMP:
    ENABLED: false
  BASE_LR: 0.04
  BASE_LR_END: 0.0
  BIAS_LR_FACTOR: 1.0
  CHECKPOINT_PERIOD: 9999999
  CLIP_GRADIENTS:
    CLIP_TYPE: value
    CLIP_VALUE: 1.0
    ENABLED: true
    NORM_TYPE: 2.0
  GAMMA: 0.1
  IMS_PER_BATCH: 8
  LR_SCHEDULER_NAME: WarmupCosineLR
  MAX_ITER: 5000
  MOMENTUM: 0.9
  NESTEROV: false
  NUM_DECAYS: 3
  REFERENCE_WORLD_SIZE: 0
  RESCALE_INTERVAL: false
  RESET_ITER: false
  STEPS:
  - 30000
  TRAIN_ITER: -1
  WARMUP_FACTOR: 0.001
  WARMUP_ITERS: 1000
  WARMUP_METHOD: linear
  WEIGHT_DECAY: 0.0001
  WEIGHT_DECAY_BIAS: null
  WEIGHT_DECAY_NORM: 0.0
TEST:
  AUG:
    ENABLED: false
    FLIP: true
    MAX_SIZE: 4000
    MIN_SIZES:
    - 400
    - 500
    - 600
    - 700
    - 800
    - 900
    - 1000
    - 1100
    - 1200
  DETECTIONS_PER_IMAGE: 100
  EVAL_PERIOD: 7500
  EXPECTED_RESULTS: []
  KEYPOINT_OKS_SIGMAS: []
  PRECISE_BN:
    ENABLED: false
    NUM_ITER: 200
VERSION: 2
VIS_PERIOD: 0
VIS_THRESH: 0.3

[05/11 13:59:43 detectron2]: Full config saved to output/nurse-dla/config.yaml
[05/11 13:59:43 d2.utils.env]: Using a generated random seed 44671173
Loading pretrained
[05/11 13:59:48 detectron2]: Model:
CenterNetDetector(
  (backbone): DLASeg(
    (base): DLA(
      (base_layer): Sequential(
        (0): Conv2d(3, 16, kernel_size=(7, 7), stride=(1, 1), padding=(3, 3), bias=False)
        (1): BatchNorm2d(16, eps=1e-05, momentum=0.1, affine=True, track_running_stats=True)
        (2): ReLU(inplace=True)
      )
      (level0): Sequential(
        (0): Conv2d(16, 16, kernel_size=(3, 3), stride=(1, 1), padding=(1, 1), bias=False)
        (1): BatchNorm2d(16, eps=1e-05, momentum=0.1, affine=True, track_running_stats=True)
        (2): ReLU(inplace=True)
      )
      (level1): Sequential(
        (0): Conv2d(16, 32, kernel_size=(3, 3), stride=(2, 2), padding=(1, 1), bias=False)
        (1): BatchNorm2d(32, eps=1e-05, momentum=0.1, affine=True, track_running_stats=True)
        (2): ReLU(inplace=True)
      )
      (level2): Tree(
        (tree1): BasicBlock(
          (conv1): Conv2d(32, 64, kernel_size=(3, 3), stride=(2, 2), padding=(1, 1), bias=False)
          (bn1): BatchNorm2d(64, eps=1e-05, momentum=0.1, affine=True, track_running_stats=True)
          (relu): ReLU(inplace=True)
          (conv2): Conv2d(64, 64, kernel_size=(3, 3), stride=(1, 1), padding=(1, 1), bias=False)
          (bn2): BatchNorm2d(64, eps=1e-05, momentum=0.1, affine=True, track_running_stats=True)
        )
        (tree2): BasicBlock(
          (conv1): Conv2d(64, 64, kernel_size=(3, 3), stride=(1, 1), padding=(1, 1), bias=False)
          (bn1): BatchNorm2d(64, eps=1e-05, momentum=0.1, affine=True, track_running_stats=True)
          (relu): ReLU(inplace=True)
          (conv2): Conv2d(64, 64, kernel_size=(3, 3), stride=(1, 1), padding=(1, 1), bias=False)
          (bn2): BatchNorm2d(64, eps=1e-05, momentum=0.1, affine=True, track_running_stats=True)
        )
        (root): Root(
          (conv): Conv2d(128, 64, kernel_size=(1, 1), stride=(1, 1), bias=False)
          (bn): BatchNorm2d(64, eps=1e-05, momentum=0.1, affine=True, track_running_stats=True)
          (relu): ReLU(inplace=True)
        )
        (downsample): MaxPool2d(kernel_size=2, stride=2, padding=0, dilation=1, ceil_mode=False)
        (project): Sequential(
          (0): Conv2d(32, 64, kernel_size=(1, 1), stride=(1, 1), bias=False)
          (1): BatchNorm2d(64, eps=1e-05, momentum=0.1, affine=True, track_running_stats=True)
        )
      )
      (level3): Tree(
        (tree1): Tree(
          (tree1): BasicBlock(
            (conv1): Conv2d(64, 128, kernel_size=(3, 3), stride=(2, 2), padding=(1, 1), bias=False)
            (bn1): BatchNorm2d(128, eps=1e-05, momentum=0.1, affine=True, track_running_stats=True)
            (relu): ReLU(inplace=True)
            (conv2): Conv2d(128, 128, kernel_size=(3, 3), stride=(1, 1), padding=(1, 1), bias=False)
            (bn2): BatchNorm2d(128, eps=1e-05, momentum=0.1, affine=True, track_running_stats=True)
          )
          (tree2): BasicBlock(
            (conv1): Conv2d(128, 128, kernel_size=(3, 3), stride=(1, 1), padding=(1, 1), bias=False)
            (bn1): BatchNorm2d(128, eps=1e-05, momentum=0.1, affine=True, track_running_stats=True)
            (relu): ReLU(inplace=True)
            (conv2): Conv2d(128, 128, kernel_size=(3, 3), stride=(1, 1), padding=(1, 1), bias=False)
            (bn2): BatchNorm2d(128, eps=1e-05, momentum=0.1, affine=True, track_running_stats=True)
          )
          (root): Root(
            (conv): Conv2d(256, 128, kernel_size=(1, 1), stride=(1, 1), bias=False)
            (bn): BatchNorm2d(128, eps=1e-05, momentum=0.1, affine=True, track_running_stats=True)
            (relu): ReLU(inplace=True)
          )
          (downsample): MaxPool2d(kernel_size=2, stride=2, padding=0, dilation=1, ceil_mode=False)
          (project): Sequential(
            (0): Conv2d(64, 128, kernel_size=(1, 1), stride=(1, 1), bias=False)
            (1): BatchNorm2d(128, eps=1e-05, momentum=0.1, affine=True, track_running_stats=True)
          )
        )
        (tree2): Tree(
          (tree1): BasicBlock(
            (conv1): Conv2d(128, 128, kernel_size=(3, 3), stride=(1, 1), padding=(1, 1), bias=False)
            (bn1): BatchNorm2d(128, eps=1e-05, momentum=0.1, affine=True, track_running_stats=True)
            (relu): ReLU(inplace=True)
            (conv2): Conv2d(128, 128, kernel_size=(3, 3), stride=(1, 1), padding=(1, 1), bias=False)
            (bn2): BatchNorm2d(128, eps=1e-05, momentum=0.1, affine=True, track_running_stats=True)
          )
          (tree2): BasicBlock(
            (conv1): Conv2d(128, 128, kernel_size=(3, 3), stride=(1, 1), padding=(1, 1), bias=False)
            (bn1): BatchNorm2d(128, eps=1e-05, momentum=0.1, affine=True, track_running_stats=True)
            (relu): ReLU(inplace=True)
            (conv2): Conv2d(128, 128, kernel_size=(3, 3), stride=(1, 1), padding=(1, 1), bias=False)
            (bn2): BatchNorm2d(128, eps=1e-05, momentum=0.1, affine=True, track_running_stats=True)
          )
          (root): Root(
            (conv): Conv2d(448, 128, kernel_size=(1, 1), stride=(1, 1), bias=False)
            (bn): BatchNorm2d(128, eps=1e-05, momentum=0.1, affine=True, track_running_stats=True)
            (relu): ReLU(inplace=True)
          )
        )
        (downsample): MaxPool2d(kernel_size=2, stride=2, padding=0, dilation=1, ceil_mode=False)
        (project): Sequential(
          (0): Conv2d(64, 128, kernel_size=(1, 1), stride=(1, 1), bias=False)
          (1): BatchNorm2d(128, eps=1e-05, momentum=0.1, affine=True, track_running_stats=True)
        )
      )
      (level4): Tree(
        (tree1): Tree(
          (tree1): BasicBlock(
            (conv1): Conv2d(128, 256, kernel_size=(3, 3), stride=(2, 2), padding=(1, 1), bias=False)
            (bn1): BatchNorm2d(256, eps=1e-05, momentum=0.1, affine=True, track_running_stats=True)
            (relu): ReLU(inplace=True)
            (conv2): Conv2d(256, 256, kernel_size=(3, 3), stride=(1, 1), padding=(1, 1), bias=False)
            (bn2): BatchNorm2d(256, eps=1e-05, momentum=0.1, affine=True, track_running_stats=True)
          )
          (tree2): BasicBlock(
            (conv1): Conv2d(256, 256, kernel_size=(3, 3), stride=(1, 1), padding=(1, 1), bias=False)
            (bn1): BatchNorm2d(256, eps=1e-05, momentum=0.1, affine=True, track_running_stats=True)
            (relu): ReLU(inplace=True)
            (conv2): Conv2d(256, 256, kernel_size=(3, 3), stride=(1, 1), padding=(1, 1), bias=False)
            (bn2): BatchNorm2d(256, eps=1e-05, momentum=0.1, affine=True, track_running_stats=True)
          )
          (root): Root(
            (conv): Conv2d(512, 256, kernel_size=(1, 1), stride=(1, 1), bias=False)
            (bn): BatchNorm2d(256, eps=1e-05, momentum=0.1, affine=True, track_running_stats=True)
            (relu): ReLU(inplace=True)
          )
          (downsample): MaxPool2d(kernel_size=2, stride=2, padding=0, dilation=1, ceil_mode=False)
          (project): Sequential(
            (0): Conv2d(128, 256, kernel_size=(1, 1), stride=(1, 1), bias=False)
            (1): BatchNorm2d(256, eps=1e-05, momentum=0.1, affine=True, track_running_stats=True)
          )
        )
        (tree2): Tree(
          (tree1): BasicBlock(
            (conv1): Conv2d(256, 256, kernel_size=(3, 3), stride=(1, 1), padding=(1, 1), bias=False)
            (bn1): BatchNorm2d(256, eps=1e-05, momentum=0.1, affine=True, track_running_stats=True)
            (relu): ReLU(inplace=True)
            (conv2): Conv2d(256, 256, kernel_size=(3, 3), stride=(1, 1), padding=(1, 1), bias=False)
            (bn2): BatchNorm2d(256, eps=1e-05, momentum=0.1, affine=True, track_running_stats=True)
          )
          (tree2): BasicBlock(
            (conv1): Conv2d(256, 256, kernel_size=(3, 3), stride=(1, 1), padding=(1, 1), bias=False)
            (bn1): BatchNorm2d(256, eps=1e-05, momentum=0.1, affine=True, track_running_stats=True)
            (relu): ReLU(inplace=True)
            (conv2): Conv2d(256, 256, kernel_size=(3, 3), stride=(1, 1), padding=(1, 1), bias=False)
            (bn2): BatchNorm2d(256, eps=1e-05, momentum=0.1, affine=True, track_running_stats=True)
          )
          (root): Root(
            (conv): Conv2d(896, 256, kernel_size=(1, 1), stride=(1, 1), bias=False)
            (bn): BatchNorm2d(256, eps=1e-05, momentum=0.1, affine=True, track_running_stats=True)
            (relu): ReLU(inplace=True)
          )
        )
        (downsample): MaxPool2d(kernel_size=2, stride=2, padding=0, dilation=1, ceil_mode=False)
        (project): Sequential(
          (0): Conv2d(128, 256, kernel_size=(1, 1), stride=(1, 1), bias=False)
          (1): BatchNorm2d(256, eps=1e-05, momentum=0.1, affine=True, track_running_stats=True)
        )
      )
      (level5): Tree(
        (tree1): BasicBlock(
          (conv1): Conv2d(256, 512, kernel_size=(3, 3), stride=(2, 2), padding=(1, 1), bias=False)
          (bn1): BatchNorm2d(512, eps=1e-05, momentum=0.1, affine=True, track_running_stats=True)
          (relu): ReLU(inplace=True)
          (conv2): Conv2d(512, 512, kernel_size=(3, 3), stride=(1, 1), padding=(1, 1), bias=False)
          (bn2): BatchNorm2d(512, eps=1e-05, momentum=0.1, affine=True, track_running_stats=True)
        )
        (tree2): BasicBlock(
          (conv1): Conv2d(512, 512, kernel_size=(3, 3), stride=(1, 1), padding=(1, 1), bias=False)
          (bn1): BatchNorm2d(512, eps=1e-05, momentum=0.1, affine=True, track_running_stats=True)
          (relu): ReLU(inplace=True)
          (conv2): Conv2d(512, 512, kernel_size=(3, 3), stride=(1, 1), padding=(1, 1), bias=False)
          (bn2): BatchNorm2d(512, eps=1e-05, momentum=0.1, affine=True, track_running_stats=True)
        )
        (root): Root(
          (conv): Conv2d(1280, 512, kernel_size=(1, 1), stride=(1, 1), bias=False)
          (bn): BatchNorm2d(512, eps=1e-05, momentum=0.1, affine=True, track_running_stats=True)
          (relu): ReLU(inplace=True)
        )
        (downsample): MaxPool2d(kernel_size=2, stride=2, padding=0, dilation=1, ceil_mode=False)
        (project): Sequential(
          (0): Conv2d(256, 512, kernel_size=(1, 1), stride=(1, 1), bias=False)
          (1): BatchNorm2d(512, eps=1e-05, momentum=0.1, affine=True, track_running_stats=True)
        )
      )
      (fc): Conv2d(512, 1000, kernel_size=(1, 1), stride=(1, 1))
    )
    (dla_up): DLAUp(
      (ida_0): IDAUp(
        (proj_1): _DeformConv(
          (actf): Sequential(
            (0): BatchNorm2d(256, eps=1e-05, momentum=0.1, affine=True, track_running_stats=True)
            (1): ReLU(inplace=True)
          )
          (offset): Conv2d(512, 27, kernel_size=(3, 3), stride=(1, 1), padding=(1, 1))
          (conv): ModulatedDeformConv(in_channels=512, out_channels=256, kernel_size=(3, 3), stride=1, padding=1, dilation=1, groups=1, deformable_groups=1, bias=True)
        )
        (up_1): ConvTranspose2d(256, 256, kernel_size=(4, 4), stride=(2, 2), padding=(1, 1), groups=256, bias=False)
        (node_1): _DeformConv(
          (actf): Sequential(
            (0): BatchNorm2d(256, eps=1e-05, momentum=0.1, affine=True, track_running_stats=True)
            (1): ReLU(inplace=True)
          )
          (offset): Conv2d(256, 27, kernel_size=(3, 3), stride=(1, 1), padding=(1, 1))
          (conv): ModulatedDeformConv(in_channels=256, out_channels=256, kernel_size=(3, 3), stride=1, padding=1, dilation=1, groups=1, deformable_groups=1, bias=True)
        )
      )
      (ida_1): IDAUp(
        (proj_1): _DeformConv(
          (actf): Sequential(
            (0): BatchNorm2d(128, eps=1e-05, momentum=0.1, affine=True, track_running_stats=True)
            (1): ReLU(inplace=True)
          )
          (offset): Conv2d(256, 27, kernel_size=(3, 3), stride=(1, 1), padding=(1, 1))
          (conv): ModulatedDeformConv(in_channels=256, out_channels=128, kernel_size=(3, 3), stride=1, padding=1, dilation=1, groups=1, deformable_groups=1, bias=True)
        )
        (up_1): ConvTranspose2d(128, 128, kernel_size=(4, 4), stride=(2, 2), padding=(1, 1), groups=128, bias=False)
        (node_1): _DeformConv(
          (actf): Sequential(
            (0): BatchNorm2d(128, eps=1e-05, momentum=0.1, affine=True, track_running_stats=True)
            (1): ReLU(inplace=True)
          )
          (offset): Conv2d(128, 27, kernel_size=(3, 3), stride=(1, 1), padding=(1, 1))
          (conv): ModulatedDeformConv(in_channels=128, out_channels=128, kernel_size=(3, 3), stride=1, padding=1, dilation=1, groups=1, deformable_groups=1, bias=True)
        )
        (proj_2): _DeformConv(
          (actf): Sequential(
            (0): BatchNorm2d(128, eps=1e-05, momentum=0.1, affine=True, track_running_stats=True)
            (1): ReLU(inplace=True)
          )
          (offset): Conv2d(256, 27, kernel_size=(3, 3), stride=(1, 1), padding=(1, 1))
          (conv): ModulatedDeformConv(in_channels=256, out_channels=128, kernel_size=(3, 3), stride=1, padding=1, dilation=1, groups=1, deformable_groups=1, bias=True)
        )
        (up_2): ConvTranspose2d(128, 128, kernel_size=(4, 4), stride=(2, 2), padding=(1, 1), groups=128, bias=False)
        (node_2): _DeformConv(
          (actf): Sequential(
            (0): BatchNorm2d(128, eps=1e-05, momentum=0.1, affine=True, track_running_stats=True)
            (1): ReLU(inplace=True)
          )
          (offset): Conv2d(128, 27, kernel_size=(3, 3), stride=(1, 1), padding=(1, 1))
          (conv): ModulatedDeformConv(in_channels=128, out_channels=128, kernel_size=(3, 3), stride=1, padding=1, dilation=1, groups=1, deformable_groups=1, bias=True)
        )
      )
      (ida_2): IDAUp(
        (proj_1): _DeformConv(
          (actf): Sequential(
            (0): BatchNorm2d(64, eps=1e-05, momentum=0.1, affine=True, track_running_stats=True)
            (1): ReLU(inplace=True)
          )
          (offset): Conv2d(128, 27, kernel_size=(3, 3), stride=(1, 1), padding=(1, 1))
          (conv): ModulatedDeformConv(in_channels=128, out_channels=64, kernel_size=(3, 3), stride=1, padding=1, dilation=1, groups=1, deformable_groups=1, bias=True)
        )
        (up_1): ConvTranspose2d(64, 64, kernel_size=(4, 4), stride=(2, 2), padding=(1, 1), groups=64, bias=False)
        (node_1): _DeformConv(
          (actf): Sequential(
            (0): BatchNorm2d(64, eps=1e-05, momentum=0.1, affine=True, track_running_stats=True)
            (1): ReLU(inplace=True)
          )
          (offset): Conv2d(64, 27, kernel_size=(3, 3), stride=(1, 1), padding=(1, 1))
          (conv): ModulatedDeformConv(in_channels=64, out_channels=64, kernel_size=(3, 3), stride=1, padding=1, dilation=1, groups=1, deformable_groups=1, bias=True)
        )
        (proj_2): _DeformConv(
          (actf): Sequential(
            (0): BatchNorm2d(64, eps=1e-05, momentum=0.1, affine=True, track_running_stats=True)
            (1): ReLU(inplace=True)
          )
          (offset): Conv2d(128, 27, kernel_size=(3, 3), stride=(1, 1), padding=(1, 1))
          (conv): ModulatedDeformConv(in_channels=128, out_channels=64, kernel_size=(3, 3), stride=1, padding=1, dilation=1, groups=1, deformable_groups=1, bias=True)
        )
        (up_2): ConvTranspose2d(64, 64, kernel_size=(4, 4), stride=(2, 2), padding=(1, 1), groups=64, bias=False)
        (node_2): _DeformConv(
          (actf): Sequential(
            (0): BatchNorm2d(64, eps=1e-05, momentum=0.1, affine=True, track_running_stats=True)
            (1): ReLU(inplace=True)
          )
          (offset): Conv2d(64, 27, kernel_size=(3, 3), stride=(1, 1), padding=(1, 1))
          (conv): ModulatedDeformConv(in_channels=64, out_channels=64, kernel_size=(3, 3), stride=1, padding=1, dilation=1, groups=1, deformable_groups=1, bias=True)
        )
        (proj_3): _DeformConv(
          (actf): Sequential(
            (0): BatchNorm2d(64, eps=1e-05, momentum=0.1, affine=True, track_running_stats=True)
            (1): ReLU(inplace=True)
          )
          (offset): Conv2d(128, 27, kernel_size=(3, 3), stride=(1, 1), padding=(1, 1))
          (conv): ModulatedDeformConv(in_channels=128, out_channels=64, kernel_size=(3, 3), stride=1, padding=1, dilation=1, groups=1, deformable_groups=1, bias=True)
        )
        (up_3): ConvTranspose2d(64, 64, kernel_size=(4, 4), stride=(2, 2), padding=(1, 1), groups=64, bias=False)
        (node_3): _DeformConv(
          (actf): Sequential(
            (0): BatchNorm2d(64, eps=1e-05, momentum=0.1, affine=True, track_running_stats=True)
            (1): ReLU(inplace=True)
          )
          (offset): Conv2d(64, 27, kernel_size=(3, 3), stride=(1, 1), padding=(1, 1))
          (conv): ModulatedDeformConv(in_channels=64, out_channels=64, kernel_size=(3, 3), stride=1, padding=1, dilation=1, groups=1, deformable_groups=1, bias=True)
        )
      )
    )
    (ida_up): IDAUp(
      (proj_1): _DeformConv(
        (actf): Sequential(
          (0): BatchNorm2d(64, eps=1e-05, momentum=0.1, affine=True, track_running_stats=True)
          (1): ReLU(inplace=True)
        )
        (offset): Conv2d(128, 27, kernel_size=(3, 3), stride=(1, 1), padding=(1, 1))
        (conv): ModulatedDeformConv(in_channels=128, out_channels=64, kernel_size=(3, 3), stride=1, padding=1, dilation=1, groups=1, deformable_groups=1, bias=True)
      )
      (up_1): ConvTranspose2d(64, 64, kernel_size=(4, 4), stride=(2, 2), padding=(1, 1), groups=64, bias=False)
      (node_1): _DeformConv(
        (actf): Sequential(
          (0): BatchNorm2d(64, eps=1e-05, momentum=0.1, affine=True, track_running_stats=True)
          (1): ReLU(inplace=True)
        )
        (offset): Conv2d(64, 27, kernel_size=(3, 3), stride=(1, 1), padding=(1, 1))
        (conv): ModulatedDeformConv(in_channels=64, out_channels=64, kernel_size=(3, 3), stride=1, padding=1, dilation=1, groups=1, deformable_groups=1, bias=True)
      )
      (proj_2): _DeformConv(
        (actf): Sequential(
          (0): BatchNorm2d(64, eps=1e-05, momentum=0.1, affine=True, track_running_stats=True)
          (1): ReLU(inplace=True)
        )
        (offset): Conv2d(256, 27, kernel_size=(3, 3), stride=(1, 1), padding=(1, 1))
        (conv): ModulatedDeformConv(in_channels=256, out_channels=64, kernel_size=(3, 3), stride=1, padding=1, dilation=1, groups=1, deformable_groups=1, bias=True)
      )
      (up_2): ConvTranspose2d(64, 64, kernel_size=(8, 8), stride=(4, 4), padding=(2, 2), groups=64, bias=False)
      (node_2): _DeformConv(
        (actf): Sequential(
          (0): BatchNorm2d(64, eps=1e-05, momentum=0.1, affine=True, track_running_stats=True)
          (1): ReLU(inplace=True)
        )
        (offset): Conv2d(64, 27, kernel_size=(3, 3), stride=(1, 1), padding=(1, 1))
        (conv): ModulatedDeformConv(in_channels=64, out_channels=64, kernel_size=(3, 3), stride=1, padding=1, dilation=1, groups=1, deformable_groups=1, bias=True)
      )
    )
  )
  (proposal_generator): CenterNet(
    (iou_loss): IOULoss()
    (centernet_head): CenterNetHead(
      (cls_tower): Sequential(
        (0): Conv2d(64, 64, kernel_size=(3, 3), stride=(1, 1), padding=(1, 1))
        (1): GroupNorm(32, 64, eps=1e-05, affine=True)
        (2): ReLU()
      )
      (bbox_tower): Sequential(
        (0): Conv2d(64, 64, kernel_size=(3, 3), stride=(1, 1), padding=(1, 1))
        (1): GroupNorm(32, 64, eps=1e-05, affine=True)
        (2): ReLU()
      )
      (share_tower): Sequential()
      (bbox_pred): Conv2d(64, 4, kernel_size=(3, 3), stride=(1, 1), padding=(1, 1))
      (scales): ModuleList(
        (0): Scale()
      )
      (cls_logits): Conv2d(64, 8, kernel_size=(3, 3), stride=(1, 1), padding=(1, 1))
    )
  )
)
[05/11 13:59:48 d2.checkpoint.detection_checkpoint]: [DetectionCheckpointer] Loading from  ...
[05/11 13:59:48 fvcore.common.checkpoint]: No checkpoint found. Initializing model from scratch
[05/11 13:59:48 d2.data.dataset_mapper]: [DatasetMapper] Augmentations used in training: [<centernet.data.transforms.custom_augmentation_impl.EfficientDetResizeCrop object at 0x7f2edcb028e0>, RandomFlip()]
WARNING [05/11 13:59:48 d2.data.datasets.coco]: 
Category ids in annotations are not in [1, #categories]! We'll apply a mapping for you.

[05/11 13:59:48 d2.data.datasets.coco]: Loaded 1741 images in COCO format from datasets/nurse6/annotations/train.json
[05/11 13:59:48 d2.data.build]: Removed 2 images with no usable annotations. 1739 images left.
[05/11 13:59:48 d2.data.build]: Distribution of instances among all 8 categories:
|  category  | #instances   |  category  | #instances   |  category  | #instances   |
|:----------:|:-------------|:----------:|:-------------|:----------:|:-------------|
|   apple    | 322          |   orange   | 283          |  lunchbox  | 363          |
| carambola  | 506          |   mango    | 447          |    pear    | 517          |
|   bottle   | 160          |    cup     | 234          |            |              |
|   total    | 2832         |            |              |            |              |
[05/11 13:59:48 d2.data.build]: Using training sampler TrainingSampler
[05/11 13:59:48 d2.data.common]: Serializing the dataset using: <class 'detectron2.data.common._TorchSerializedList'>
[05/11 13:59:48 d2.data.common]: Serializing 1739 elements to byte tensors and concatenating them all ...
[05/11 13:59:48 d2.data.common]: Serialized dataset takes 0.73 MiB
[05/11 13:59:48 detectron2]: Starting training from iteration 0
[05/11 14:00:22 d2.utils.events]:  eta: 2:27:18  iter: 20  total_loss: 1.896  loss_centernet_pos: 1.105  loss_centernet_neg: 0.1117  loss_centernet_loc: 0.6739    time: 1.6403  last_time: 1.1847  data_time: 0.0561  last_data_time: 0.0178   lr: 0.00072667  max_mem: 4818M
[05/11 14:00:46 d2.utils.events]:  eta: 1:39:33  iter: 40  total_loss: 1.819  loss_centernet_pos: 0.985  loss_centernet_neg: 0.1389  loss_centernet_loc: 0.6764    time: 1.4258  last_time: 1.3306  data_time: 0.0290  last_data_time: 0.0201   lr: 0.0014495  max_mem: 4818M
[05/11 14:01:15 d2.utils.events]:  eta: 1:39:36  iter: 60  total_loss: 1.852  loss_centernet_pos: 1.174  loss_centernet_neg: 0.04576  loss_centernet_loc: 0.6344    time: 1.4177  last_time: 1.1891  data_time: 0.0209  last_data_time: 0.0197   lr: 0.0021723  max_mem: 4818M
[05/11 14:01:41 d2.utils.events]:  eta: 1:39:43  iter: 80  total_loss: 1.616  loss_centernet_pos: 0.8717  loss_centernet_neg: 0.0917  loss_centernet_loc: 0.6273    time: 1.3814  last_time: 1.2150  data_time: 0.0200  last_data_time: 0.0193   lr: 0.0028951  max_mem: 4818M
[05/11 14:02:06 d2.utils.events]:  eta: 1:39:31  iter: 100  total_loss: 1.599  loss_centernet_pos: 0.9569  loss_centernet_neg: 0.03826  loss_centernet_loc: 0.5599    time: 1.3525  last_time: 1.2618  data_time: 0.0206  last_data_time: 0.0226   lr: 0.0036179  max_mem: 4818M
[05/11 14:02:33 d2.utils.events]:  eta: 1:40:07  iter: 120  total_loss: 1.507  loss_centernet_pos: 0.8808  loss_centernet_neg: 0.08048  loss_centernet_loc: 0.5248    time: 1.3474  last_time: 1.2060  data_time: 0.0212  last_data_time: 0.0189   lr: 0.0043407  max_mem: 4818M
[05/11 14:02:58 d2.utils.events]:  eta: 1:40:02  iter: 140  total_loss: 1.375  loss_centernet_pos: 0.7914  loss_centernet_neg: 0.09757  loss_centernet_loc: 0.4691    time: 1.3337  last_time: 1.3201  data_time: 0.0216  last_data_time: 0.0234   lr: 0.0050635  max_mem: 4818M
[05/11 14:03:24 d2.utils.events]:  eta: 1:39:42  iter: 160  total_loss: 1.307  loss_centernet_pos: 0.7681  loss_centernet_neg: 0.07363  loss_centernet_loc: 0.4701    time: 1.3240  last_time: 1.2186  data_time: 0.0206  last_data_time: 0.0189   lr: 0.0057863  max_mem: 4818M
[05/11 14:03:51 d2.utils.events]:  eta: 1:39:53  iter: 180  total_loss: 1.274  loss_centernet_pos: 0.721  loss_centernet_neg: 0.08254  loss_centernet_loc: 0.4709    time: 1.3248  last_time: 1.3768  data_time: 0.0204  last_data_time: 0.0198   lr: 0.0065091  max_mem: 4818M
[05/11 14:04:17 d2.utils.events]:  eta: 1:39:42  iter: 200  total_loss: 1.177  loss_centernet_pos: 0.6726  loss_centernet_neg: 0.08872  loss_centernet_loc: 0.4211    time: 1.3195  last_time: 1.2956  data_time: 0.0207  last_data_time: 0.0197   lr: 0.0072319  max_mem: 4818M
[05/11 14:04:42 d2.utils.events]:  eta: 1:39:19  iter: 220  total_loss: 1.3  loss_centernet_pos: 0.7213  loss_centernet_neg: 0.07258  loss_centernet_loc: 0.4834    time: 1.3128  last_time: 1.2377  data_time: 0.0204  last_data_time: 0.0192   lr: 0.0079547  max_mem: 4818M
[05/11 14:05:07 d2.utils.events]:  eta: 1:39:00  iter: 240  total_loss: 1.248  loss_centernet_pos: 0.6906  loss_centernet_neg: 0.08736  loss_centernet_loc: 0.4743    time: 1.3060  last_time: 1.3025  data_time: 0.0202  last_data_time: 0.0196   lr: 0.0086775  max_mem: 4818M
[05/11 14:05:32 d2.utils.events]:  eta: 1:38:29  iter: 260  total_loss: 1.215  loss_centernet_pos: 0.6685  loss_centernet_neg: 0.0778  loss_centernet_loc: 0.4319    time: 1.3000  last_time: 1.1768  data_time: 0.0207  last_data_time: 0.0203   lr: 0.0094003  max_mem: 4818M
[05/11 14:05:58 d2.utils.events]:  eta: 1:38:13  iter: 280  total_loss: 1.188  loss_centernet_pos: 0.7094  loss_centernet_neg: 0.08169  loss_centernet_loc: 0.4072    time: 1.2976  last_time: 1.2882  data_time: 0.0212  last_data_time: 0.0213   lr: 0.010123  max_mem: 4818M
[05/11 14:06:23 d2.utils.events]:  eta: 1:37:44  iter: 300  total_loss: 1.317  loss_centernet_pos: 0.7993  loss_centernet_neg: 0.06763  loss_centernet_loc: 0.4062    time: 1.2946  last_time: 1.2440  data_time: 0.0210  last_data_time: 0.0200   lr: 0.010846  max_mem: 4818M
[05/11 14:06:49 d2.utils.events]:  eta: 1:37:29  iter: 320  total_loss: 1.255  loss_centernet_pos: 0.783  loss_centernet_neg: 0.06061  loss_centernet_loc: 0.4095    time: 1.2929  last_time: 1.3249  data_time: 0.0199  last_data_time: 0.0202   lr: 0.011569  max_mem: 4818M
[05/11 14:07:15 d2.utils.events]:  eta: 1:37:43  iter: 340  total_loss: 1.285  loss_centernet_pos: 0.7826  loss_centernet_neg: 0.09023  loss_centernet_loc: 0.4283    time: 1.2923  last_time: 1.3309  data_time: 0.0210  last_data_time: 0.0205   lr: 0.012292  max_mem: 4818M
[05/11 14:07:41 d2.utils.events]:  eta: 1:37:25  iter: 360  total_loss: 1.126  loss_centernet_pos: 0.6472  loss_centernet_neg: 0.1016  loss_centernet_loc: 0.3859    time: 1.2925  last_time: 1.2433  data_time: 0.0210  last_data_time: 0.0173   lr: 0.013014  max_mem: 4818M
[05/11 14:08:07 d2.utils.events]:  eta: 1:36:57  iter: 380  total_loss: 1.22  loss_centernet_pos: 0.7318  loss_centernet_neg: 0.07139  loss_centernet_loc: 0.437    time: 1.2903  last_time: 1.2279  data_time: 0.0215  last_data_time: 0.0205   lr: 0.013737  max_mem: 4818M
[05/11 14:08:33 d2.utils.events]:  eta: 1:36:32  iter: 400  total_loss: 1.224  loss_centernet_pos: 0.7757  loss_centernet_neg: 0.06849  loss_centernet_loc: 0.3864    time: 1.2904  last_time: 1.1076  data_time: 0.0216  last_data_time: 0.0234   lr: 0.01446  max_mem: 4818M
[05/11 14:08:59 d2.utils.events]:  eta: 1:36:07  iter: 420  total_loss: 1.137  loss_centernet_pos: 0.6498  loss_centernet_neg: 0.08863  loss_centernet_loc: 0.3457    time: 1.2885  last_time: 1.2244  data_time: 0.0207  last_data_time: 0.0175   lr: 0.015183  max_mem: 4818M
[05/11 14:09:24 d2.utils.events]:  eta: 1:35:34  iter: 440  total_loss: 1.025  loss_centernet_pos: 0.6079  loss_centernet_neg: 0.06508  loss_centernet_loc: 0.3542    time: 1.2874  last_time: 1.1471  data_time: 0.0202  last_data_time: 0.0166   lr: 0.015906  max_mem: 4818M
[05/11 14:09:51 d2.utils.events]:  eta: 1:35:21  iter: 460  total_loss: 1.078  loss_centernet_pos: 0.566  loss_centernet_neg: 0.07398  loss_centernet_loc: 0.3606    time: 1.2892  last_time: 1.2838  data_time: 0.0210  last_data_time: 0.0204   lr: 0.016628  max_mem: 4818M
[05/11 14:10:17 d2.utils.events]:  eta: 1:34:57  iter: 480  total_loss: 1.063  loss_centernet_pos: 0.5869  loss_centernet_neg: 0.1069  loss_centernet_loc: 0.3463    time: 1.2886  last_time: 1.3034  data_time: 0.0210  last_data_time: 0.0193   lr: 0.017351  max_mem: 4818M
[05/11 14:10:42 d2.utils.events]:  eta: 1:34:30  iter: 500  total_loss: 1.11  loss_centernet_pos: 0.6571  loss_centernet_neg: 0.06458  loss_centernet_loc: 0.3864    time: 1.2867  last_time: 1.2237  data_time: 0.0207  last_data_time: 0.0186   lr: 0.018074  max_mem: 4818M
[05/11 14:11:09 d2.utils.events]:  eta: 1:34:09  iter: 520  total_loss: 1.129  loss_centernet_pos: 0.6398  loss_centernet_neg: 0.07296  loss_centernet_loc: 0.3614    time: 1.2867  last_time: 1.3106  data_time: 0.0215  last_data_time: 0.0207   lr: 0.018797  max_mem: 4818M
[05/11 14:11:34 d2.utils.events]:  eta: 1:33:43  iter: 540  total_loss: 0.9816  loss_centernet_pos: 0.5485  loss_centernet_neg: 0.09748  loss_centernet_loc: 0.3087    time: 1.2859  last_time: 1.2181  data_time: 0.0199  last_data_time: 0.0127   lr: 0.01952  max_mem: 4818M
[05/11 14:11:59 d2.utils.events]:  eta: 1:33:13  iter: 560  total_loss: 0.9522  loss_centernet_pos: 0.5243  loss_centernet_neg: 0.08592  loss_centernet_loc: 0.3588    time: 1.2839  last_time: 1.1000  data_time: 0.0186  last_data_time: 0.0201   lr: 0.020242  max_mem: 4818M
[05/11 14:12:25 d2.utils.events]:  eta: 1:32:49  iter: 580  total_loss: 0.9435  loss_centernet_pos: 0.5128  loss_centernet_neg: 0.08234  loss_centernet_loc: 0.3484    time: 1.2835  last_time: 1.3175  data_time: 0.0202  last_data_time: 0.0200   lr: 0.020965  max_mem: 4818M
[05/11 14:12:51 d2.utils.events]:  eta: 1:32:24  iter: 600  total_loss: 1.114  loss_centernet_pos: 0.6715  loss_centernet_neg: 0.09789  loss_centernet_loc: 0.3606    time: 1.2831  last_time: 1.2218  data_time: 0.0186  last_data_time: 0.0185   lr: 0.021688  max_mem: 4818M
[05/11 14:13:17 d2.utils.events]:  eta: 1:32:00  iter: 620  total_loss: 1.205  loss_centernet_pos: 0.6978  loss_centernet_neg: 0.06566  loss_centernet_loc: 0.4076    time: 1.2830  last_time: 1.3468  data_time: 0.0218  last_data_time: 0.0197   lr: 0.022411  max_mem: 4818M
[05/11 14:13:43 d2.utils.events]:  eta: 1:31:38  iter: 640  total_loss: 1.458  loss_centernet_pos: 0.8874  loss_centernet_neg: 0.07689  loss_centernet_loc: 0.4778    time: 1.2830  last_time: 1.2241  data_time: 0.0216  last_data_time: 0.0212   lr: 0.023134  max_mem: 4818M
[05/11 14:14:08 d2.utils.events]:  eta: 1:31:10  iter: 660  total_loss: 1.811  loss_centernet_pos: 1.088  loss_centernet_neg: 0.08395  loss_centernet_loc: 0.5793    time: 1.2817  last_time: 0.8774  data_time: 0.0214  last_data_time: 0.0203   lr: 0.023856  max_mem: 4818M
[05/11 14:14:34 d2.utils.events]:  eta: 1:30:45  iter: 680  total_loss: 1.837  loss_centernet_pos: 1.163  loss_centernet_neg: 0.08053  loss_centernet_loc: 0.5671    time: 1.2815  last_time: 1.2307  data_time: 0.0209  last_data_time: 0.0201   lr: 0.024579  max_mem: 4818M
[05/11 14:15:00 d2.utils.events]:  eta: 1:30:21  iter: 700  total_loss: 1.693  loss_centernet_pos: 1.034  loss_centernet_neg: 0.08269  loss_centernet_loc: 0.5781    time: 1.2815  last_time: 1.2355  data_time: 0.0211  last_data_time: 0.0225   lr: 0.025302  max_mem: 4818M
[05/11 14:15:26 d2.utils.events]:  eta: 1:29:56  iter: 720  total_loss: 1.58  loss_centernet_pos: 0.9309  loss_centernet_neg: 0.08992  loss_centernet_loc: 0.5559    time: 1.2806  last_time: 1.2593  data_time: 0.0210  last_data_time: 0.0200   lr: 0.026025  max_mem: 4818M
[05/11 14:15:51 d2.utils.events]:  eta: 1:29:32  iter: 740  total_loss: 1.555  loss_centernet_pos: 0.9455  loss_centernet_neg: 0.06431  loss_centernet_loc: 0.5512    time: 1.2804  last_time: 1.2755  data_time: 0.0210  last_data_time: 0.0200   lr: 0.026748  max_mem: 4818M
[05/11 14:16:17 d2.utils.events]:  eta: 1:29:06  iter: 760  total_loss: 1.637  loss_centernet_pos: 0.97  loss_centernet_neg: 0.0885  loss_centernet_loc: 0.5539    time: 1.2800  last_time: 1.2394  data_time: 0.0211  last_data_time: 0.0217   lr: 0.027471  max_mem: 4818M
[05/11 14:16:43 d2.utils.events]:  eta: 1:28:40  iter: 780  total_loss: 1.592  loss_centernet_pos: 0.9832  loss_centernet_neg: 0.09574  loss_centernet_loc: 0.5144    time: 1.2793  last_time: 1.1823  data_time: 0.0209  last_data_time: 0.0216   lr: 0.028193  max_mem: 4818M
[05/11 14:17:08 d2.utils.events]:  eta: 1:28:16  iter: 800  total_loss: 1.71  loss_centernet_pos: 1.039  loss_centernet_neg: 0.08819  loss_centernet_loc: 0.576    time: 1.2787  last_time: 1.3367  data_time: 0.0188  last_data_time: 0.0218   lr: 0.028916  max_mem: 4818M
[05/11 14:17:34 d2.utils.events]:  eta: 1:27:52  iter: 820  total_loss: 1.616  loss_centernet_pos: 0.9833  loss_centernet_neg: 0.08839  loss_centernet_loc: 0.5496    time: 1.2790  last_time: 1.2251  data_time: 0.0212  last_data_time: 0.0198   lr: 0.029639  max_mem: 4818M
[05/11 14:18:00 d2.utils.events]:  eta: 1:27:30  iter: 840  total_loss: 1.587  loss_centernet_pos: 0.945  loss_centernet_neg: 0.08263  loss_centernet_loc: 0.5388    time: 1.2785  last_time: 1.2127  data_time: 0.0211  last_data_time: 0.0207   lr: 0.030362  max_mem: 4818M
[05/11 14:18:26 d2.utils.events]:  eta: 1:27:11  iter: 860  total_loss: 1.548  loss_centernet_pos: 0.9157  loss_centernet_neg: 0.07748  loss_centernet_loc: 0.5518    time: 1.2785  last_time: 1.2027  data_time: 0.0206  last_data_time: 0.0218   lr: 0.031085  max_mem: 4818M
[05/11 14:18:52 d2.utils.events]:  eta: 1:26:45  iter: 880  total_loss: 1.514  loss_centernet_pos: 0.9181  loss_centernet_neg: 0.06883  loss_centernet_loc: 0.5127    time: 1.2783  last_time: 1.2452  data_time: 0.0206  last_data_time: 0.0199   lr: 0.031807  max_mem: 4818M
[05/11 14:19:16 d2.utils.events]:  eta: 1:26:10  iter: 900  total_loss: 1.446  loss_centernet_pos: 0.8816  loss_centernet_neg: 0.09457  loss_centernet_loc: 0.4754    time: 1.2767  last_time: 1.1631  data_time: 0.0188  last_data_time: 0.0193   lr: 0.03253  max_mem: 4818M
[05/11 14:19:42 d2.utils.events]:  eta: 1:25:45  iter: 920  total_loss: 1.375  loss_centernet_pos: 0.8405  loss_centernet_neg: 0.08795  loss_centernet_loc: 0.4517    time: 1.2762  last_time: 1.2021  data_time: 0.0195  last_data_time: 0.0155   lr: 0.033253  max_mem: 4818M
[05/11 14:20:07 d2.utils.events]:  eta: 1:25:17  iter: 940  total_loss: 1.61  loss_centernet_pos: 1.072  loss_centernet_neg: 0.04977  loss_centernet_loc: 0.4844    time: 1.2752  last_time: 1.3571  data_time: 0.0194  last_data_time: 0.0182   lr: 0.033976  max_mem: 4818M
[05/11 14:20:32 d2.utils.events]:  eta: 1:24:51  iter: 960  total_loss: 1.568  loss_centernet_pos: 1.028  loss_centernet_neg: 0.06297  loss_centernet_loc: 0.5032    time: 1.2746  last_time: 1.3531  data_time: 0.0212  last_data_time: 0.0238   lr: 0.034699  max_mem: 4818M
[05/11 14:20:58 d2.utils.events]:  eta: 1:24:26  iter: 980  total_loss: 1.496  loss_centernet_pos: 0.9226  loss_centernet_neg: 0.08611  loss_centernet_loc: 0.4953    time: 1.2745  last_time: 1.3089  data_time: 0.0203  last_data_time: 0.0194   lr: 0.035421  max_mem: 4818M
[05/11 14:21:23 d2.utils.events]:  eta: 1:24:00  iter: 1000  total_loss: 1.432  loss_centernet_pos: 0.861  loss_centernet_neg: 0.0817  loss_centernet_loc: 0.4937    time: 1.2739  last_time: 1.0449  data_time: 0.0211  last_data_time: 0.0233   lr: 0.036144  max_mem: 4818M
