
nohup: ignoring input
python: can't open file './train.py': [Errno 2] No such file or directory
nohup: ignoring input
Config './configs/my_train_CenterNet2_DLA-BiFPN-P3_24x.yaml' has no VERSION. Assuming it to be compatible with latest v2.
Command Line Args: Namespace(config_file='./configs/my_train_CenterNet2_DLA-BiFPN-P3_24x.yaml', dist_url='tcp://127.0.0.1:14720', eval_only=False, machine_rank=0, manual_device='', num_gpus=1, num_machines=1, opts=[], resume=False)
[04/03 20:33:12 detectron2]: Rank of current process: 0. World size: 1
[04/03 20:33:12 detectron2]: Environment info:
-------------------------------  ----------------------------------------------------------------------------------
sys.platform                     linux
Python                           3.7.12 | packaged by conda-forge | (default, Oct 26 2021, 06:08:21) [GCC 9.4.0]
numpy                            1.21.5
detectron2                       0.6 @/home/vision/zhangdi_ws/detectron2/detectron2
Compiler                         GCC 5.5
CUDA compiler                    CUDA 10.2
detectron2 arch flags            6.1
DETECTRON2_ENV_MODULE            <not set>
PyTorch                          1.10.1 @/home/vision/anaconda3/envs/center/lib/python3.7/site-packages/torch
PyTorch debug build              False
torch._C._GLIBCXX_USE_CXX11_ABI  False
GPU available                    Yes
GPU 0,1                          TITAN Xp (arch=6.1)
Driver version                   460.67
CUDA_HOME                        /usr/local/cuda
Pillow                           9.2.0
torchvision                      0.11.2 @/home/vision/anaconda3/envs/center/lib/python3.7/site-packages/torchvision
torchvision arch flags           3.5, 5.0, 6.0, 7.0, 7.5
fvcore                           0.1.5.post20221221
iopath                           0.1.9
cv2                              4.7.0
-------------------------------  ----------------------------------------------------------------------------------
PyTorch built with:
  - GCC 7.3
  - C++ Version: 201402
  - Intel(R) oneAPI Math Kernel Library Version 2021.4-Product Build 20210904 for Intel(R) 64 architecture applications
  - Intel(R) MKL-DNN v2.2.3 (Git Hash 7336ca9f055cf1bfa13efb658fe15dc9b41f0740)
  - OpenMP 201511 (a.k.a. OpenMP 4.5)
  - LAPACK is enabled (usually provided by MKL)
  - NNPACK is enabled
  - CPU capability usage: AVX2
  - CUDA Runtime 10.2
  - NVCC architecture flags: -gencode;arch=compute_37,code=sm_37;-gencode;arch=compute_50,code=sm_50;-gencode;arch=compute_60,code=sm_60;-gencode;arch=compute_61,code=sm_61;-gencode;arch=compute_70,code=sm_70;-gencode;arch=compute_75,code=sm_75;-gencode;arch=compute_37,code=compute_37
  - CuDNN 7.6.5
  - Magma 2.5.2
  - Build settings: BLAS_INFO=mkl, BUILD_TYPE=Release, CUDA_VERSION=10.2, CUDNN_VERSION=7.6.5, CXX_COMPILER=/opt/rh/devtoolset-7/root/usr/bin/c++, CXX_FLAGS= -Wno-deprecated -fvisibility-inlines-hidden -DUSE_PTHREADPOOL -fopenmp -DNDEBUG -DUSE_KINETO -DUSE_FBGEMM -DUSE_QNNPACK -DUSE_PYTORCH_QNNPACK -DUSE_XNNPACK -DSYMBOLICATE_MOBILE_DEBUG_HANDLE -DEDGE_PROFILER_USE_KINETO -O2 -fPIC -Wno-narrowing -Wall -Wextra -Werror=return-type -Wno-missing-field-initializers -Wno-type-limits -Wno-array-bounds -Wno-unknown-pragmas -Wno-sign-compare -Wno-unused-parameter -Wno-unused-variable -Wno-unused-function -Wno-unused-result -Wno-unused-local-typedefs -Wno-strict-overflow -Wno-strict-aliasing -Wno-error=deprecated-declarations -Wno-stringop-overflow -Wno-psabi -Wno-error=pedantic -Wno-error=redundant-decls -Wno-error=old-style-cast -fdiagnostics-color=always -faligned-new -Wno-unused-but-set-variable -Wno-maybe-uninitialized -fno-math-errno -fno-trapping-math -Werror=format -Wno-stringop-overflow, LAPACK_INFO=mkl, PERF_WITH_AVX=1, PERF_WITH_AVX2=1, PERF_WITH_AVX512=1, TORCH_VERSION=1.10.1, USE_CUDA=ON, USE_CUDNN=ON, USE_EXCEPTION_PTR=1, USE_GFLAGS=OFF, USE_GLOG=OFF, USE_MKL=ON, USE_MKLDNN=ON, USE_MPI=OFF, USE_NCCL=ON, USE_NNPACK=ON, USE_OPENMP=ON, 

[04/03 20:33:12 detectron2]: Command line arguments: Namespace(config_file='./configs/my_train_CenterNet2_DLA-BiFPN-P3_24x.yaml', dist_url='tcp://127.0.0.1:14720', eval_only=False, machine_rank=0, manual_device='', num_gpus=1, num_machines=1, opts=[], resume=False)
[04/03 20:33:12 detectron2]: Contents of args.config_file=./configs/my_train_CenterNet2_DLA-BiFPN-P3_24x.yaml:
[38;5;197m_BASE_[39m[38;5;15m:[39m[38;5;15m [39m[38;5;186m"[39m[38;5;186mBase-CenterNet2.yaml[39m[38;5;186m"[39m
[38;5;197mMODEL[39m[38;5;15m:[39m
[38;5;15m  [39m[38;5;197mWEIGHTS[39m[38;5;15m:[39m[38;5;15m [39m[38;5;186m"[39m[38;5;186m./models/CenterNet2/CenterNet2_DLA-BiFPN-P3_24x.pth[39m[38;5;186m"[39m
[38;5;15m  [39m[38;5;197mBACKBONE[39m[38;5;15m:[39m
[38;5;15m    [39m[38;5;197mNAME[39m[38;5;15m:[39m[38;5;15m [39m[38;5;186m"[39m[38;5;186mbuild_p35_fcos_dla_bifpn_backbone[39m[38;5;186m"[39m
[38;5;15m  [39m[38;5;197mBIFPN[39m[38;5;15m:[39m
[38;5;15m    [39m[38;5;197mOUT_CHANNELS[39m[38;5;15m:[39m[38;5;15m [39m[38;5;141m160[39m
[38;5;15m    [39m[38;5;197mNUM_LEVELS[39m[38;5;15m:[39m[38;5;15m [39m[38;5;141m3[39m
[38;5;15m    [39m[38;5;197mNUM_BIFPN[39m[38;5;15m:[39m[38;5;15m [39m[38;5;141m4[39m
[38;5;15m  [39m[38;5;197mDLA[39m[38;5;15m:[39m
[38;5;15m    [39m[38;5;197mNUM_LAYERS[39m[38;5;15m:[39m[38;5;15m [39m[38;5;141m34[39m
[38;5;15m    [39m[38;5;197mNORM[39m[38;5;15m:[39m[38;5;15m [39m[38;5;186m"[39m[38;5;186mBN[39m[38;5;186m"[39m
[38;5;15m  [39m[38;5;197mFPN[39m[38;5;15m:[39m
[38;5;15m    [39m[38;5;197mIN_FEATURES[39m[38;5;15m:[39m[38;5;15m [39m[38;5;15m[[39m[38;5;186m"[39m[38;5;186mdla3[39m[38;5;186m"[39m[38;5;15m,[39m[38;5;15m [39m[38;5;186m"[39m[38;5;186mdla4[39m[38;5;186m"[39m[38;5;15m,[39m[38;5;15m [39m[38;5;186m"[39m[38;5;186mdla5[39m[38;5;186m"[39m[38;5;15m][39m
[38;5;15m  [39m[38;5;197mROI_HEADS[39m[38;5;15m:[39m
[38;5;15m    [39m[38;5;197mIN_FEATURES[39m[38;5;15m:[39m[38;5;15m [39m[38;5;15m[[39m[38;5;186m"[39m[38;5;186mp3[39m[38;5;186m"[39m[38;5;15m,[39m[38;5;15m [39m[38;5;186m"[39m[38;5;186mp4[39m[38;5;186m"[39m[38;5;15m,[39m[38;5;15m [39m[38;5;186m"[39m[38;5;186mp5[39m[38;5;186m"[39m[38;5;15m][39m
[38;5;15m    [39m[38;5;197mNUM_CLASSES[39m[38;5;15m:[39m[38;5;15m [39m[38;5;141m80[39m
[38;5;15m  [39m[38;5;197mCENTERNET[39m[38;5;15m:[39m
[38;5;15m    [39m[38;5;197mPOST_NMS_TOPK_TEST[39m[38;5;15m:[39m[38;5;15m [39m[38;5;141m128[39m
[38;5;15m    [39m[38;5;197mFPN_STRIDES[39m[38;5;15m:[39m[38;5;15m [39m[38;5;15m[[39m[38;5;15m8[39m[38;5;15m,[39m[38;5;15m [39m[38;5;15m16[39m[38;5;15m,[39m[38;5;15m [39m[38;5;15m32[39m[38;5;15m][39m
[38;5;15m    [39m[38;5;197mIN_FEATURES[39m[38;5;15m:[39m[38;5;15m [39m[38;5;15m[[39m[38;5;186m'[39m[38;5;186mp3[39m[38;5;186m'[39m[38;5;15m,[39m[38;5;15m [39m[38;5;186m'[39m[38;5;186mp4[39m[38;5;186m'[39m[38;5;15m,[39m[38;5;15m [39m[38;5;186m'[39m[38;5;186mp5[39m[38;5;186m'[39m[38;5;15m][39m
[38;5;15m    [39m[38;5;197mSOI[39m[38;5;15m:[39m[38;5;15m [39m[38;5;15m[[39m[38;5;15m[[39m[38;5;15m0[39m[38;5;15m,[39m[38;5;15m [39m[38;5;15m64[39m[38;5;15m][39m[38;5;15m,[39m[38;5;15m [39m[38;5;15m[[39m[38;5;15m48[39m[38;5;15m,[39m[38;5;15m [39m[38;5;15m192[39m[38;5;15m][39m[38;5;15m,[39m[38;5;15m [39m[38;5;15m[[39m[38;5;15m128[39m[38;5;15m,[39m[38;5;15m [39m[38;5;15m1000000[39m[38;5;15m][39m[38;5;15m][39m
[38;5;15m    [39m[38;5;197mNUM_CLASSES[39m[38;5;15m:[39m[38;5;15m [39m[38;5;141m80[39m
[38;5;197mDATASETS[39m[38;5;15m:[39m
[38;5;15m  [39m[38;5;197mTRAIN[39m[38;5;15m:[39m[38;5;15m [39m[38;5;141m("my_indoor_dataset_train",)[39m
[38;5;15m  [39m[38;5;197mTEST[39m[38;5;15m:[39m[38;5;15m [39m[38;5;141m("my_indoor_dataset_val",)[39m
[38;5;197mSOLVER[39m[38;5;15m:[39m
[38;5;15m  [39m[38;5;197mIMS_PER_BATCH[39m[38;5;15m:[39m[38;5;15m [39m[38;5;141m8[39m
[38;5;15m  [39m[38;5;197mBASE_LR[39m[38;5;15m:[39m[38;5;15m [39m[38;5;141m0.005[39m
[38;5;15m  [39m[38;5;197mSTEPS[39m[38;5;15m:[39m[38;5;15m [39m[38;5;141m(80000,[39m[38;5;141m [39m[38;5;141m100000)[39m
[38;5;15m  [39m[38;5;197mMAX_ITER[39m[38;5;15m:[39m[38;5;15m [39m[38;5;141m120000[39m
[38;5;15m  [39m[38;5;197mCHECKPOINT_PERIOD[39m[38;5;15m:[39m[38;5;15m [39m[38;5;141m20000[39m
[38;5;15m  [39m[38;5;197mWARMUP_ITERS[39m[38;5;15m:[39m[38;5;15m [39m[38;5;141m4000[39m
[38;5;15m  [39m[38;5;197mWARMUP_FACTOR[39m[38;5;15m:[39m[38;5;15m [39m[38;5;141m0.00025[39m
[38;5;15m  [39m[38;5;197mRESET_ITER[39m[38;5;15m:[39m[38;5;15m [39m[38;5;141mTRUE[39m
[38;5;197mTEST[39m[38;5;15m:[39m
[38;5;15m  [39m[38;5;197mEVAL_PERIOD[39m[38;5;15m:[39m[38;5;15m [39m[38;5;141m20000[39m
[38;5;197mINPUT[39m[38;5;15m:[39m
[38;5;15m  [39m[38;5;197mMIN_SIZE_TRAIN[39m[38;5;15m:[39m[38;5;15m [39m[38;5;141m(256,[39m[38;5;141m [39m[38;5;141m288,[39m[38;5;141m [39m[38;5;141m320,[39m[38;5;141m [39m[38;5;141m352,[39m[38;5;141m [39m[38;5;141m384,[39m[38;5;141m [39m[38;5;141m416,[39m[38;5;141m [39m[38;5;141m448,[39m[38;5;141m [39m[38;5;141m480,[39m[38;5;141m [39m[38;5;141m512,[39m[38;5;141m [39m[38;5;141m544,[39m[38;5;141m [39m[38;5;141m576,[39m[38;5;141m [39m[38;5;141m608)[39m
[38;5;15m  [39m[38;5;197mMAX_SIZE_TRAIN[39m[38;5;15m:[39m[38;5;15m [39m[38;5;141m900[39m
[38;5;15m  [39m[38;5;197mMAX_SIZE_TEST[39m[38;5;15m:[39m[38;5;15m [39m[38;5;141m736[39m
[38;5;15m  [39m[38;5;197mMIN_SIZE_TEST[39m[38;5;15m:[39m[38;5;15m [39m[38;5;141m512[39m
[38;5;197mOUTPUT_DIR[39m[38;5;15m:[39m[38;5;15m [39m[38;5;186m"[39m[38;5;186m./output/MY/auto[39m[38;5;186m"[39m

[04/03 20:33:12 detectron2]: Running with full config:
[38;5;197mCUDNN_BENCHMARK[39m[38;5;15m:[39m[38;5;15m [39m[38;5;141mfalse[39m
[38;5;197mDATALOADER[39m[38;5;15m:[39m
[38;5;15m  [39m[38;5;197mASPECT_RATIO_GROUPING[39m[38;5;15m:[39m[38;5;15m [39m[38;5;141mtrue[39m
[38;5;15m  [39m[38;5;197mFILTER_EMPTY_ANNOTATIONS[39m[38;5;15m:[39m[38;5;15m [39m[38;5;141mtrue[39m
[38;5;15m  [39m[38;5;197mNUM_WORKERS[39m[38;5;15m:[39m[38;5;15m [39m[38;5;141m4[39m
[38;5;15m  [39m[38;5;197mREPEAT_THRESHOLD[39m[38;5;15m:[39m[38;5;15m [39m[38;5;141m0.0[39m
[38;5;15m  [39m[38;5;197mSAMPLER_TRAIN[39m[38;5;15m:[39m[38;5;15m [39m[38;5;141mTrainingSampler[39m
[38;5;197mDATASETS[39m[38;5;15m:[39m
[38;5;15m  [39m[38;5;197mPRECOMPUTED_PROPOSAL_TOPK_TEST[39m[38;5;15m:[39m[38;5;15m [39m[38;5;141m1000[39m
[38;5;15m  [39m[38;5;197mPRECOMPUTED_PROPOSAL_TOPK_TRAIN[39m[38;5;15m:[39m[38;5;15m [39m[38;5;141m2000[39m
[38;5;15m  [39m[38;5;197mPROPOSAL_FILES_TEST[39m[38;5;15m:[39m[38;5;15m [39m[38;5;15m[[39m[38;5;15m][39m
[38;5;15m  [39m[38;5;197mPROPOSAL_FILES_TRAIN[39m[38;5;15m:[39m[38;5;15m [39m[38;5;15m[[39m[38;5;15m][39m
[38;5;15m  [39m[38;5;197mTEST[39m[38;5;15m:[39m
[38;5;15m  [39m[38;5;15m-[39m[38;5;15m [39m[38;5;141mmy_indoor_dataset_val[39m
[38;5;15m  [39m[38;5;197mTRAIN[39m[38;5;15m:[39m
[38;5;15m  [39m[38;5;15m-[39m[38;5;15m [39m[38;5;141mmy_indoor_dataset_train[39m
[38;5;197mDEBUG[39m[38;5;15m:[39m[38;5;15m [39m[38;5;141mfalse[39m
[38;5;197mDEBUG_SHOW_NAME[39m[38;5;15m:[39m[38;5;15m [39m[38;5;141mfalse[39m
[38;5;197mGLOBAL[39m[38;5;15m:[39m
[38;5;15m  [39m[38;5;197mHACK[39m[38;5;15m:[39m[38;5;15m [39m[38;5;141m1.0[39m
[38;5;197mINPUT[39m[38;5;15m:[39m
[38;5;15m  [39m[38;5;197mCROP[39m[38;5;15m:[39m
[38;5;15m    [39m[38;5;197mENABLED[39m[38;5;15m:[39m[38;5;15m [39m[38;5;141mfalse[39m
[38;5;15m    [39m[38;5;197mSIZE[39m[38;5;15m:[39m
[38;5;15m    [39m[38;5;15m-[39m[38;5;15m [39m[38;5;141m0.9[39m
[38;5;15m    [39m[38;5;15m-[39m[38;5;15m [39m[38;5;141m0.9[39m
[38;5;15m    [39m[38;5;197mTYPE[39m[38;5;15m:[39m[38;5;15m [39m[38;5;141mrelative_range[39m
[38;5;15m  [39m[38;5;197mCUSTOM_AUG[39m[38;5;15m:[39m[38;5;15m [39m[38;5;186m'[39m[38;5;186m'[39m
[38;5;15m  [39m[38;5;197mFORMAT[39m[38;5;15m:[39m[38;5;15m [39m[38;5;141mBGR[39m
[38;5;15m  [39m[38;5;197mMASK_FORMAT[39m[38;5;15m:[39m[38;5;15m [39m[38;5;141mpolygon[39m
[38;5;15m  [39m[38;5;197mMAX_SIZE_TEST[39m[38;5;15m:[39m[38;5;15m [39m[38;5;141m736[39m
[38;5;15m  [39m[38;5;197mMAX_SIZE_TRAIN[39m[38;5;15m:[39m[38;5;15m [39m[38;5;141m900[39m
[38;5;15m  [39m[38;5;197mMIN_SIZE_TEST[39m[38;5;15m:[39m[38;5;15m [39m[38;5;141m512[39m
[38;5;15m  [39m[38;5;197mMIN_SIZE_TRAIN[39m[38;5;15m:[39m
[38;5;15m  [39m[38;5;15m-[39m[38;5;15m [39m[38;5;141m256[39m
[38;5;15m  [39m[38;5;15m-[39m[38;5;15m [39m[38;5;141m288[39m
[38;5;15m  [39m[38;5;15m-[39m[38;5;15m [39m[38;5;141m320[39m
[38;5;15m  [39m[38;5;15m-[39m[38;5;15m [39m[38;5;141m352[39m
[38;5;15m  [39m[38;5;15m-[39m[38;5;15m [39m[38;5;141m384[39m
[38;5;15m  [39m[38;5;15m-[39m[38;5;15m [39m[38;5;141m416[39m
[38;5;15m  [39m[38;5;15m-[39m[38;5;15m [39m[38;5;141m448[39m
[38;5;15m  [39m[38;5;15m-[39m[38;5;15m [39m[38;5;141m480[39m
[38;5;15m  [39m[38;5;15m-[39m[38;5;15m [39m[38;5;141m512[39m
[38;5;15m  [39m[38;5;15m-[39m[38;5;15m [39m[38;5;141m544[39m
[38;5;15m  [39m[38;5;15m-[39m[38;5;15m [39m[38;5;141m576[39m
[38;5;15m  [39m[38;5;15m-[39m[38;5;15m [39m[38;5;141m608[39m
[38;5;15m  [39m[38;5;197mMIN_SIZE_TRAIN_SAMPLING[39m[38;5;15m:[39m[38;5;15m [39m[38;5;141mchoice[39m
[38;5;15m  [39m[38;5;197mNOT_CLAMP_BOX[39m[38;5;15m:[39m[38;5;15m [39m[38;5;141mfalse[39m
[38;5;15m  [39m[38;5;197mRANDOM_FLIP[39m[38;5;15m:[39m[38;5;15m [39m[38;5;141mhorizontal[39m
[38;5;15m  [39m[38;5;197mSCALE_RANGE[39m[38;5;15m:[39m
[38;5;15m  [39m[38;5;15m-[39m[38;5;15m [39m[38;5;141m0.1[39m
[38;5;15m  [39m[38;5;15m-[39m[38;5;15m [39m[38;5;141m2.0[39m
[38;5;15m  [39m[38;5;197mTEST_INPUT_TYPE[39m[38;5;15m:[39m[38;5;15m [39m[38;5;141mdefault[39m
[38;5;15m  [39m[38;5;197mTEST_SIZE[39m[38;5;15m:[39m[38;5;15m [39m[38;5;141m640[39m
[38;5;15m  [39m[38;5;197mTRAIN_SIZE[39m[38;5;15m:[39m[38;5;15m [39m[38;5;141m640[39m
[38;5;197mMODEL[39m[38;5;15m:[39m
[38;5;15m  [39m[38;5;197mANCHOR_GENERATOR[39m[38;5;15m:[39m
[38;5;15m    [39m[38;5;197mANGLES[39m[38;5;15m:[39m
[38;5;15m    [39m[38;5;15m-[39m[38;5;15m [39m[38;5;15m-[39m[38;5;15m [39m[38;5;141m-90[39m
[38;5;15m      [39m[38;5;15m-[39m[38;5;15m [39m[38;5;141m0[39m
[38;5;15m      [39m[38;5;15m-[39m[38;5;15m [39m[38;5;141m90[39m
[38;5;15m    [39m[38;5;197mASPECT_RATIOS[39m[38;5;15m:[39m
[38;5;15m    [39m[38;5;15m-[39m[38;5;15m [39m[38;5;15m-[39m[38;5;15m [39m[38;5;141m0.5[39m
[38;5;15m      [39m[38;5;15m-[39m[38;5;15m [39m[38;5;141m1.0[39m
[38;5;15m      [39m[38;5;15m-[39m[38;5;15m [39m[38;5;141m2.0[39m
[38;5;15m    [39m[38;5;197mNAME[39m[38;5;15m:[39m[38;5;15m [39m[38;5;141mDefaultAnchorGenerator[39m
[38;5;15m    [39m[38;5;197mOFFSET[39m[38;5;15m:[39m[38;5;15m [39m[38;5;141m0.0[39m
[38;5;15m    [39m[38;5;197mSIZES[39m[38;5;15m:[39m
[38;5;15m    [39m[38;5;15m-[39m[38;5;15m [39m[38;5;15m-[39m[38;5;15m [39m[38;5;141m32[39m
[38;5;15m      [39m[38;5;15m-[39m[38;5;15m [39m[38;5;141m64[39m
[38;5;15m      [39m[38;5;15m-[39m[38;5;15m [39m[38;5;141m128[39m
[38;5;15m      [39m[38;5;15m-[39m[38;5;15m [39m[38;5;141m256[39m
[38;5;15m      [39m[38;5;15m-[39m[38;5;15m [39m[38;5;141m512[39m
[38;5;15m  [39m[38;5;197mBACKBONE[39m[38;5;15m:[39m
[38;5;15m    [39m[38;5;197mFREEZE_AT[39m[38;5;15m:[39m[38;5;15m [39m[38;5;141m2[39m
[38;5;15m    [39m[38;5;197mNAME[39m[38;5;15m:[39m[38;5;15m [39m[38;5;141mbuild_p35_fcos_dla_bifpn_backbone[39m
[38;5;15m  [39m[38;5;197mBIFPN[39m[38;5;15m:[39m
[38;5;15m    [39m[38;5;197mNORM[39m[38;5;15m:[39m[38;5;15m [39m[38;5;141mGN[39m
[38;5;15m    [39m[38;5;197mNUM_BIFPN[39m[38;5;15m:[39m[38;5;15m [39m[38;5;141m4[39m
[38;5;15m    [39m[38;5;197mNUM_LEVELS[39m[38;5;15m:[39m[38;5;15m [39m[38;5;141m3[39m
[38;5;15m    [39m[38;5;197mOUT_CHANNELS[39m[38;5;15m:[39m[38;5;15m [39m[38;5;141m160[39m
[38;5;15m    [39m[38;5;197mSEPARABLE_CONV[39m[38;5;15m:[39m[38;5;15m [39m[38;5;141mfalse[39m
[38;5;15m  [39m[38;5;197mCENTERNET[39m[38;5;15m:[39m
[38;5;15m    [39m[38;5;197mAS_PROPOSAL[39m[38;5;15m:[39m[38;5;15m [39m[38;5;141mfalse[39m
[38;5;15m    [39m[38;5;197mCENTER_NMS[39m[38;5;15m:[39m[38;5;15m [39m[38;5;141mfalse[39m
[38;5;15m    [39m[38;5;197mFPN_STRIDES[39m[38;5;15m:[39m
[38;5;15m    [39m[38;5;15m-[39m[38;5;15m [39m[38;5;141m8[39m
[38;5;15m    [39m[38;5;15m-[39m[38;5;15m [39m[38;5;141m16[39m
[38;5;15m    [39m[38;5;15m-[39m[38;5;15m [39m[38;5;141m32[39m
[38;5;15m    [39m[38;5;197mHM_FOCAL_ALPHA[39m[38;5;15m:[39m[38;5;15m [39m[38;5;141m0.25[39m
[38;5;15m    [39m[38;5;197mHM_FOCAL_BETA[39m[38;5;15m:[39m[38;5;15m [39m[38;5;141m4[39m
[38;5;15m    [39m[38;5;197mHM_MIN_OVERLAP[39m[38;5;15m:[39m[38;5;15m [39m[38;5;141m0.8[39m
[38;5;15m    [39m[38;5;197mIGNORE_HIGH_FP[39m[38;5;15m:[39m[38;5;15m [39m[38;5;141m0.85[39m
[38;5;15m    [39m[38;5;197mINFERENCE_TH[39m[38;5;15m:[39m[38;5;15m [39m[38;5;141m0.0001[39m
[38;5;15m    [39m[38;5;197mIN_FEATURES[39m[38;5;15m:[39m
[38;5;15m    [39m[38;5;15m-[39m[38;5;15m [39m[38;5;141mp3[39m
[38;5;15m    [39m[38;5;15m-[39m[38;5;15m [39m[38;5;141mp4[39m
[38;5;15m    [39m[38;5;15m-[39m[38;5;15m [39m[38;5;141mp5[39m
[38;5;15m    [39m[38;5;197mLOC_LOSS_TYPE[39m[38;5;15m:[39m[38;5;15m [39m[38;5;141mgiou[39m
[38;5;15m    [39m[38;5;197mLOSS_GAMMA[39m[38;5;15m:[39m[38;5;15m [39m[38;5;141m2.0[39m
[38;5;15m    [39m[38;5;197mMIN_RADIUS[39m[38;5;15m:[39m[38;5;15m [39m[38;5;141m4[39m
[38;5;15m    [39m[38;5;197mMORE_POS[39m[38;5;15m:[39m[38;5;15m [39m[38;5;141mfalse[39m
[38;5;15m    [39m[38;5;197mMORE_POS_THRESH[39m[38;5;15m:[39m[38;5;15m [39m[38;5;141m0.2[39m
[38;5;15m    [39m[38;5;197mMORE_POS_TOPK[39m[38;5;15m:[39m[38;5;15m [39m[38;5;141m9[39m
[38;5;15m    [39m[38;5;197mNEG_WEIGHT[39m[38;5;15m:[39m[38;5;15m [39m[38;5;141m0.5[39m
[38;5;15m    [39m[38;5;197mNMS_TH_TEST[39m[38;5;15m:[39m[38;5;15m [39m[38;5;141m0.9[39m
[38;5;15m    [39m[38;5;197mNMS_TH_TRAIN[39m[38;5;15m:[39m[38;5;15m [39m[38;5;141m0.9[39m
[38;5;15m    [39m[38;5;197mNORM[39m[38;5;15m:[39m[38;5;15m [39m[38;5;141mGN[39m
[38;5;15m    [39m[38;5;197mNOT_NMS[39m[38;5;15m:[39m[38;5;15m [39m[38;5;141mfalse[39m
[38;5;15m    [39m[38;5;197mNOT_NORM_REG[39m[38;5;15m:[39m[38;5;15m [39m[38;5;141mtrue[39m
[38;5;15m    [39m[38;5;197mNO_REDUCE[39m[38;5;15m:[39m[38;5;15m [39m[38;5;141mfalse[39m
[38;5;15m    [39m[38;5;197mNUM_BOX_CONVS[39m[38;5;15m:[39m[38;5;15m [39m[38;5;141m4[39m
[38;5;15m    [39m[38;5;197mNUM_CLASSES[39m[38;5;15m:[39m[38;5;15m [39m[38;5;141m80[39m
[38;5;15m    [39m[38;5;197mNUM_CLS_CONVS[39m[38;5;15m:[39m[38;5;15m [39m[38;5;141m4[39m
[38;5;15m    [39m[38;5;197mNUM_SHARE_CONVS[39m[38;5;15m:[39m[38;5;15m [39m[38;5;141m0[39m
[38;5;15m    [39m[38;5;197mONLY_PROPOSAL[39m[38;5;15m:[39m[38;5;15m [39m[38;5;141mtrue[39m
[38;5;15m    [39m[38;5;197mPOST_NMS_TOPK_TEST[39m[38;5;15m:[39m[38;5;15m [39m[38;5;141m128[39m
[38;5;15m    [39m[38;5;197mPOST_NMS_TOPK_TRAIN[39m[38;5;15m:[39m[38;5;15m [39m[38;5;141m2000[39m
[38;5;15m    [39m[38;5;197mPOS_WEIGHT[39m[38;5;15m:[39m[38;5;15m [39m[38;5;141m0.5[39m
[38;5;15m    [39m[38;5;197mPRE_NMS_TOPK_TEST[39m[38;5;15m:[39m[38;5;15m [39m[38;5;141m1000[39m
[38;5;15m    [39m[38;5;197mPRE_NMS_TOPK_TRAIN[39m[38;5;15m:[39m[38;5;15m [39m[38;5;141m4000[39m
[38;5;15m    [39m[38;5;197mPRIOR_PROB[39m[38;5;15m:[39m[38;5;15m [39m[38;5;141m0.01[39m
[38;5;15m    [39m[38;5;197mREG_WEIGHT[39m[38;5;15m:[39m[38;5;15m [39m[38;5;141m1.0[39m
[38;5;15m    [39m[38;5;197mSIGMOID_CLAMP[39m[38;5;15m:[39m[38;5;15m [39m[38;5;141m0.0001[39m
[38;5;15m    [39m[38;5;197mSOI[39m[38;5;15m:[39m
[38;5;15m    [39m[38;5;15m-[39m[38;5;15m [39m[38;5;15m-[39m[38;5;15m [39m[38;5;141m0[39m
[38;5;15m      [39m[38;5;15m-[39m[38;5;15m [39m[38;5;141m64[39m
[38;5;15m    [39m[38;5;15m-[39m[38;5;15m [39m[38;5;15m-[39m[38;5;15m [39m[38;5;141m48[39m
[38;5;15m      [39m[38;5;15m-[39m[38;5;15m [39m[38;5;141m192[39m
[38;5;15m    [39m[38;5;15m-[39m[38;5;15m [39m[38;5;15m-[39m[38;5;15m [39m[38;5;141m128[39m
[38;5;15m      [39m[38;5;15m-[39m[38;5;15m [39m[38;5;141m1000000[39m
[38;5;15m    [39m[38;5;197mUSE_DEFORMABLE[39m[38;5;15m:[39m[38;5;15m [39m[38;5;141mfalse[39m
[38;5;15m    [39m[38;5;197mWITH_AGN_HM[39m[38;5;15m:[39m[38;5;15m [39m[38;5;141mtrue[39m
[38;5;15m  [39m[38;5;197mDEVICE[39m[38;5;15m:[39m[38;5;15m [39m[38;5;141mcuda[39m
[38;5;15m  [39m[38;5;197mDLA[39m[38;5;15m:[39m
[38;5;15m    [39m[38;5;197mDLAUP_IN_FEATURES[39m[38;5;15m:[39m
[38;5;15m    [39m[38;5;15m-[39m[38;5;15m [39m[38;5;141mdla3[39m
[38;5;15m    [39m[38;5;15m-[39m[38;5;15m [39m[38;5;141mdla4[39m
[38;5;15m    [39m[38;5;15m-[39m[38;5;15m [39m[38;5;141mdla5[39m
[38;5;15m    [39m[38;5;197mDLAUP_NODE[39m[38;5;15m:[39m[38;5;15m [39m[38;5;141mconv[39m
[38;5;15m    [39m[38;5;197mMS_OUTPUT[39m[38;5;15m:[39m[38;5;15m [39m[38;5;141mfalse[39m
[38;5;15m    [39m[38;5;197mNORM[39m[38;5;15m:[39m[38;5;15m [39m[38;5;141mBN[39m
[38;5;15m    [39m[38;5;197mNUM_LAYERS[39m[38;5;15m:[39m[38;5;15m [39m[38;5;141m34[39m
[38;5;15m    [39m[38;5;197mOUT_FEATURES[39m[38;5;15m:[39m
[38;5;15m    [39m[38;5;15m-[39m[38;5;15m [39m[38;5;141mdla2[39m
[38;5;15m    [39m[38;5;197mUSE_DLA_UP[39m[38;5;15m:[39m[38;5;15m [39m[38;5;141mtrue[39m
[38;5;15m  [39m[38;5;197mFPN[39m[38;5;15m:[39m
[38;5;15m    [39m[38;5;197mFUSE_TYPE[39m[38;5;15m:[39m[38;5;15m [39m[38;5;141msum[39m
[38;5;15m    [39m[38;5;197mIN_FEATURES[39m[38;5;15m:[39m
[38;5;15m    [39m[38;5;15m-[39m[38;5;15m [39m[38;5;141mdla3[39m
[38;5;15m    [39m[38;5;15m-[39m[38;5;15m [39m[38;5;141mdla4[39m
[38;5;15m    [39m[38;5;15m-[39m[38;5;15m [39m[38;5;141mdla5[39m
[38;5;15m    [39m[38;5;197mNORM[39m[38;5;15m:[39m[38;5;15m [39m[38;5;186m'[39m[38;5;186m'[39m
[38;5;15m    [39m[38;5;197mOUT_CHANNELS[39m[38;5;15m:[39m[38;5;15m [39m[38;5;141m256[39m
[38;5;15m  [39m[38;5;197mKEYPOINT_ON[39m[38;5;15m:[39m[38;5;15m [39m[38;5;141mfalse[39m
[38;5;15m  [39m[38;5;197mLOAD_PROPOSALS[39m[38;5;15m:[39m[38;5;15m [39m[38;5;141mfalse[39m
[38;5;15m  [39m[38;5;197mMASK_ON[39m[38;5;15m:[39m[38;5;15m [39m[38;5;141mfalse[39m
[38;5;15m  [39m[38;5;197mMETA_ARCHITECTURE[39m[38;5;15m:[39m[38;5;15m [39m[38;5;141mGeneralizedRCNN[39m
[38;5;15m  [39m[38;5;197mPANOPTIC_FPN[39m[38;5;15m:[39m
[38;5;15m    [39m[38;5;197mCOMBINE[39m[38;5;15m:[39m
[38;5;15m      [39m[38;5;197mENABLED[39m[38;5;15m:[39m[38;5;15m [39m[38;5;141mtrue[39m
[38;5;15m      [39m[38;5;197mINSTANCES_CONFIDENCE_THRESH[39m[38;5;15m:[39m[38;5;15m [39m[38;5;141m0.5[39m
[38;5;15m      [39m[38;5;197mOVERLAP_THRESH[39m[38;5;15m:[39m[38;5;15m [39m[38;5;141m0.5[39m
[38;5;15m      [39m[38;5;197mSTUFF_AREA_LIMIT[39m[38;5;15m:[39m[38;5;15m [39m[38;5;141m4096[39m
[38;5;15m    [39m[38;5;197mINSTANCE_LOSS_WEIGHT[39m[38;5;15m:[39m[38;5;15m [39m[38;5;141m1.0[39m
[38;5;15m  [39m[38;5;197mPIXEL_MEAN[39m[38;5;15m:[39m
[38;5;15m  [39m[38;5;15m-[39m[38;5;15m [39m[38;5;141m103.53[39m
[38;5;15m  [39m[38;5;15m-[39m[38;5;15m [39m[38;5;141m116.28[39m
[38;5;15m  [39m[38;5;15m-[39m[38;5;15m [39m[38;5;141m123.675[39m
[38;5;15m  [39m[38;5;197mPIXEL_STD[39m[38;5;15m:[39m
[38;5;15m  [39m[38;5;15m-[39m[38;5;15m [39m[38;5;141m1.0[39m
[38;5;15m  [39m[38;5;15m-[39m[38;5;15m [39m[38;5;141m1.0[39m
[38;5;15m  [39m[38;5;15m-[39m[38;5;15m [39m[38;5;141m1.0[39m
[38;5;15m  [39m[38;5;197mPROPOSAL_GENERATOR[39m[38;5;15m:[39m
[38;5;15m    [39m[38;5;197mMIN_SIZE[39m[38;5;15m:[39m[38;5;15m [39m[38;5;141m0[39m
[38;5;15m    [39m[38;5;197mNAME[39m[38;5;15m:[39m[38;5;15m [39m[38;5;141mCenterNet[39m
[38;5;15m  [39m[38;5;197mRESNETS[39m[38;5;15m:[39m
[38;5;15m    [39m[38;5;197mDEFORM_MODULATED[39m[38;5;15m:[39m[38;5;15m [39m[38;5;141mfalse[39m
[38;5;15m    [39m[38;5;197mDEFORM_NUM_GROUPS[39m[38;5;15m:[39m[38;5;15m [39m[38;5;141m1[39m
[38;5;15m    [39m[38;5;197mDEFORM_ON_PER_STAGE[39m[38;5;15m:[39m
[38;5;15m    [39m[38;5;15m-[39m[38;5;15m [39m[38;5;141mfalse[39m
[38;5;15m    [39m[38;5;15m-[39m[38;5;15m [39m[38;5;141mfalse[39m
[38;5;15m    [39m[38;5;15m-[39m[38;5;15m [39m[38;5;141mfalse[39m
[38;5;15m    [39m[38;5;15m-[39m[38;5;15m [39m[38;5;141mfalse[39m
[38;5;15m    [39m[38;5;197mDEPTH[39m[38;5;15m:[39m[38;5;15m [39m[38;5;141m50[39m
[38;5;15m    [39m[38;5;197mNORM[39m[38;5;15m:[39m[38;5;15m [39m[38;5;141mFrozenBN[39m
[38;5;15m    [39m[38;5;197mNUM_GROUPS[39m[38;5;15m:[39m[38;5;15m [39m[38;5;141m1[39m
[38;5;15m    [39m[38;5;197mOUT_FEATURES[39m[38;5;15m:[39m
[38;5;15m    [39m[38;5;15m-[39m[38;5;15m [39m[38;5;141mres3[39m
[38;5;15m    [39m[38;5;15m-[39m[38;5;15m [39m[38;5;141mres4[39m
[38;5;15m    [39m[38;5;15m-[39m[38;5;15m [39m[38;5;141mres5[39m
[38;5;15m    [39m[38;5;197mRES2_OUT_CHANNELS[39m[38;5;15m:[39m[38;5;15m [39m[38;5;141m256[39m
[38;5;15m    [39m[38;5;197mRES5_DILATION[39m[38;5;15m:[39m[38;5;15m [39m[38;5;141m1[39m
[38;5;15m    [39m[38;5;197mSTEM_OUT_CHANNELS[39m[38;5;15m:[39m[38;5;15m [39m[38;5;141m64[39m
[38;5;15m    [39m[38;5;197mSTRIDE_IN_1X1[39m[38;5;15m:[39m[38;5;15m [39m[38;5;141mtrue[39m
[38;5;15m    [39m[38;5;197mWIDTH_PER_GROUP[39m[38;5;15m:[39m[38;5;15m [39m[38;5;141m64[39m
[38;5;15m  [39m[38;5;197mRETINANET[39m[38;5;15m:[39m
[38;5;15m    [39m[38;5;197mBBOX_REG_LOSS_TYPE[39m[38;5;15m:[39m[38;5;15m [39m[38;5;141msmooth_l1[39m
[38;5;15m    [39m[38;5;197mBBOX_REG_WEIGHTS[39m[38;5;15m:[39m[38;5;15m [39m[38;5;15m&id001[39m
[38;5;15m    [39m[38;5;15m-[39m[38;5;15m [39m[38;5;141m1.0[39m
[38;5;15m    [39m[38;5;15m-[39m[38;5;15m [39m[38;5;141m1.0[39m
[38;5;15m    [39m[38;5;15m-[39m[38;5;15m [39m[38;5;141m1.0[39m
[38;5;15m    [39m[38;5;15m-[39m[38;5;15m [39m[38;5;141m1.0[39m
[38;5;15m    [39m[38;5;197mFOCAL_LOSS_ALPHA[39m[38;5;15m:[39m[38;5;15m [39m[38;5;141m0.25[39m
[38;5;15m    [39m[38;5;197mFOCAL_LOSS_GAMMA[39m[38;5;15m:[39m[38;5;15m [39m[38;5;141m2.0[39m
[38;5;15m    [39m[38;5;197mIN_FEATURES[39m[38;5;15m:[39m
[38;5;15m    [39m[38;5;15m-[39m[38;5;15m [39m[38;5;141mp3[39m
[38;5;15m    [39m[38;5;15m-[39m[38;5;15m [39m[38;5;141mp4[39m
[38;5;15m    [39m[38;5;15m-[39m[38;5;15m [39m[38;5;141mp5[39m
[38;5;15m    [39m[38;5;15m-[39m[38;5;15m [39m[38;5;141mp6[39m
[38;5;15m    [39m[38;5;15m-[39m[38;5;15m [39m[38;5;141mp7[39m
[38;5;15m    [39m[38;5;197mIOU_LABELS[39m[38;5;15m:[39m
[38;5;15m    [39m[38;5;15m-[39m[38;5;15m [39m[38;5;141m0[39m
[38;5;15m    [39m[38;5;15m-[39m[38;5;15m [39m[38;5;141m-1[39m
[38;5;15m    [39m[38;5;15m-[39m[38;5;15m [39m[38;5;141m1[39m
[38;5;15m    [39m[38;5;197mIOU_THRESHOLDS[39m[38;5;15m:[39m
[38;5;15m    [39m[38;5;15m-[39m[38;5;15m [39m[38;5;141m0.4[39m
[38;5;15m    [39m[38;5;15m-[39m[38;5;15m [39m[38;5;141m0.5[39m
[38;5;15m    [39m[38;5;197mNMS_THRESH_TEST[39m[38;5;15m:[39m[38;5;15m [39m[38;5;141m0.5[39m
[38;5;15m    [39m[38;5;197mNORM[39m[38;5;15m:[39m[38;5;15m [39m[38;5;186m'[39m[38;5;186m'[39m
[38;5;15m    [39m[38;5;197mNUM_CLASSES[39m[38;5;15m:[39m[38;5;15m [39m[38;5;141m80[39m
[38;5;15m    [39m[38;5;197mNUM_CONVS[39m[38;5;15m:[39m[38;5;15m [39m[38;5;141m4[39m
[38;5;15m    [39m[38;5;197mPRIOR_PROB[39m[38;5;15m:[39m[38;5;15m [39m[38;5;141m0.01[39m
[38;5;15m    [39m[38;5;197mSCORE_THRESH_TEST[39m[38;5;15m:[39m[38;5;15m [39m[38;5;141m0.05[39m
[38;5;15m    [39m[38;5;197mSMOOTH_L1_LOSS_BETA[39m[38;5;15m:[39m[38;5;15m [39m[38;5;141m0.1[39m
[38;5;15m    [39m[38;5;197mTOPK_CANDIDATES_TEST[39m[38;5;15m:[39m[38;5;15m [39m[38;5;141m1000[39m
[38;5;15m  [39m[38;5;197mROI_BOX_CASCADE_HEAD[39m[38;5;15m:[39m
[38;5;15m    [39m[38;5;197mBBOX_REG_WEIGHTS[39m[38;5;15m:[39m
[38;5;15m    [39m[38;5;15m-[39m[38;5;15m [39m[38;5;15m-[39m[38;5;15m [39m[38;5;141m10.0[39m
[38;5;15m      [39m[38;5;15m-[39m[38;5;15m [39m[38;5;141m10.0[39m
[38;5;15m      [39m[38;5;15m-[39m[38;5;15m [39m[38;5;141m5.0[39m
[38;5;15m      [39m[38;5;15m-[39m[38;5;15m [39m[38;5;141m5.0[39m
[38;5;15m    [39m[38;5;15m-[39m[38;5;15m [39m[38;5;15m-[39m[38;5;15m [39m[38;5;141m20.0[39m
[38;5;15m      [39m[38;5;15m-[39m[38;5;15m [39m[38;5;141m20.0[39m
[38;5;15m      [39m[38;5;15m-[39m[38;5;15m [39m[38;5;141m10.0[39m
[38;5;15m      [39m[38;5;15m-[39m[38;5;15m [39m[38;5;141m10.0[39m
[38;5;15m    [39m[38;5;15m-[39m[38;5;15m [39m[38;5;15m-[39m[38;5;15m [39m[38;5;141m30.0[39m
[38;5;15m      [39m[38;5;15m-[39m[38;5;15m [39m[38;5;141m30.0[39m
[38;5;15m      [39m[38;5;15m-[39m[38;5;15m [39m[38;5;141m15.0[39m
[38;5;15m      [39m[38;5;15m-[39m[38;5;15m [39m[38;5;141m15.0[39m
[38;5;15m    [39m[38;5;197mIOUS[39m[38;5;15m:[39m
[38;5;15m    [39m[38;5;15m-[39m[38;5;15m [39m[38;5;141m0.6[39m
[38;5;15m    [39m[38;5;15m-[39m[38;5;15m [39m[38;5;141m0.7[39m
[38;5;15m    [39m[38;5;15m-[39m[38;5;15m [39m[38;5;141m0.8[39m
[38;5;15m  [39m[38;5;197mROI_BOX_HEAD[39m[38;5;15m:[39m
[38;5;15m    [39m[38;5;197mBBOX_REG_LOSS_TYPE[39m[38;5;15m:[39m[38;5;15m [39m[38;5;141msmooth_l1[39m
[38;5;15m    [39m[38;5;197mBBOX_REG_LOSS_WEIGHT[39m[38;5;15m:[39m[38;5;15m [39m[38;5;141m1.0[39m
[38;5;15m    [39m[38;5;197mBBOX_REG_WEIGHTS[39m[38;5;15m:[39m
[38;5;15m    [39m[38;5;15m-[39m[38;5;15m [39m[38;5;141m10.0[39m
[38;5;15m    [39m[38;5;15m-[39m[38;5;15m [39m[38;5;141m10.0[39m
[38;5;15m    [39m[38;5;15m-[39m[38;5;15m [39m[38;5;141m5.0[39m
[38;5;15m    [39m[38;5;15m-[39m[38;5;15m [39m[38;5;141m5.0[39m
[38;5;15m    [39m[38;5;197mCAT_FREQ_PATH[39m[38;5;15m:[39m[38;5;15m [39m[38;5;141mdatasets/lvis/lvis_v1_train_cat_info.json[39m
[38;5;15m    [39m[38;5;197mCLS_AGNOSTIC_BBOX_REG[39m[38;5;15m:[39m[38;5;15m [39m[38;5;141mtrue[39m
[38;5;15m    [39m[38;5;197mCONV_DIM[39m[38;5;15m:[39m[38;5;15m [39m[38;5;141m256[39m
[38;5;15m    [39m[38;5;197mEQL_FREQ_CAT[39m[38;5;15m:[39m[38;5;15m [39m[38;5;141m200[39m
[38;5;15m    [39m[38;5;197mFC_DIM[39m[38;5;15m:[39m[38;5;15m [39m[38;5;141m1024[39m
[38;5;15m    [39m[38;5;197mFED_LOSS_FREQ_WEIGHT[39m[38;5;15m:[39m[38;5;15m [39m[38;5;141m0.5[39m
[38;5;15m    [39m[38;5;197mFED_LOSS_FREQ_WEIGHT_POWER[39m[38;5;15m:[39m[38;5;15m [39m[38;5;141m0.5[39m
[38;5;15m    [39m[38;5;197mFED_LOSS_NUM_CAT[39m[38;5;15m:[39m[38;5;15m [39m[38;5;141m50[39m
[38;5;15m    [39m[38;5;197mFED_LOSS_NUM_CLASSES[39m[38;5;15m:[39m[38;5;15m [39m[38;5;141m50[39m
[38;5;15m    [39m[38;5;197mMULT_PROPOSAL_SCORE[39m[38;5;15m:[39m[38;5;15m [39m[38;5;141mtrue[39m
[38;5;15m    [39m[38;5;197mNAME[39m[38;5;15m:[39m[38;5;15m [39m[38;5;141mFastRCNNConvFCHead[39m
[38;5;15m    [39m[38;5;197mNORM[39m[38;5;15m:[39m[38;5;15m [39m[38;5;186m'[39m[38;5;186m'[39m
[38;5;15m    [39m[38;5;197mNUM_CONV[39m[38;5;15m:[39m[38;5;15m [39m[38;5;141m0[39m
[38;5;15m    [39m[38;5;197mNUM_FC[39m[38;5;15m:[39m[38;5;15m [39m[38;5;141m2[39m
[38;5;15m    [39m[38;5;197mPOOLER_RESOLUTION[39m[38;5;15m:[39m[38;5;15m [39m[38;5;141m7[39m
[38;5;15m    [39m[38;5;197mPOOLER_SAMPLING_RATIO[39m[38;5;15m:[39m[38;5;15m [39m[38;5;141m0[39m
[38;5;15m    [39m[38;5;197mPOOLER_TYPE[39m[38;5;15m:[39m[38;5;15m [39m[38;5;141mROIAlignV2[39m
[38;5;15m    [39m[38;5;197mPRIOR_PROB[39m[38;5;15m:[39m[38;5;15m [39m[38;5;141m0.01[39m
[38;5;15m    [39m[38;5;197mSMOOTH_L1_BETA[39m[38;5;15m:[39m[38;5;15m [39m[38;5;141m0.0[39m
[38;5;15m    [39m[38;5;197mTRAIN_ON_PRED_BOXES[39m[38;5;15m:[39m[38;5;15m [39m[38;5;141mfalse[39m
[38;5;15m    [39m[38;5;197mUSE_EQL_LOSS[39m[38;5;15m:[39m[38;5;15m [39m[38;5;141mfalse[39m
[38;5;15m    [39m[38;5;197mUSE_FED_LOSS[39m[38;5;15m:[39m[38;5;15m [39m[38;5;141mfalse[39m
[38;5;15m    [39m[38;5;197mUSE_SIGMOID_CE[39m[38;5;15m:[39m[38;5;15m [39m[38;5;141mfalse[39m
[38;5;15m  [39m[38;5;197mROI_HEADS[39m[38;5;15m:[39m
[38;5;15m    [39m[38;5;197mBATCH_SIZE_PER_IMAGE[39m[38;5;15m:[39m[38;5;15m [39m[38;5;141m512[39m
[38;5;15m    [39m[38;5;197mIN_FEATURES[39m[38;5;15m:[39m
[38;5;15m    [39m[38;5;15m-[39m[38;5;15m [39m[38;5;141mp3[39m
[38;5;15m    [39m[38;5;15m-[39m[38;5;15m [39m[38;5;141mp4[39m
[38;5;15m    [39m[38;5;15m-[39m[38;5;15m [39m[38;5;141mp5[39m
[38;5;15m    [39m[38;5;197mIOU_LABELS[39m[38;5;15m:[39m
[38;5;15m    [39m[38;5;15m-[39m[38;5;15m [39m[38;5;141m0[39m
[38;5;15m    [39m[38;5;15m-[39m[38;5;15m [39m[38;5;141m1[39m
[38;5;15m    [39m[38;5;197mIOU_THRESHOLDS[39m[38;5;15m:[39m
[38;5;15m    [39m[38;5;15m-[39m[38;5;15m [39m[38;5;141m0.6[39m
[38;5;15m    [39m[38;5;197mNAME[39m[38;5;15m:[39m[38;5;15m [39m[38;5;141mCustomCascadeROIHeads[39m
[38;5;15m    [39m[38;5;197mNMS_THRESH_TEST[39m[38;5;15m:[39m[38;5;15m [39m[38;5;141m0.7[39m
[38;5;15m    [39m[38;5;197mNUM_CLASSES[39m[38;5;15m:[39m[38;5;15m [39m[38;5;141m80[39m
[38;5;15m    [39m[38;5;197mPOSITIVE_FRACTION[39m[38;5;15m:[39m[38;5;15m [39m[38;5;141m0.25[39m
[38;5;15m    [39m[38;5;197mPROPOSAL_APPEND_GT[39m[38;5;15m:[39m[38;5;15m [39m[38;5;141mtrue[39m
[38;5;15m    [39m[38;5;197mSCORE_THRESH_TEST[39m[38;5;15m:[39m[38;5;15m [39m[38;5;141m0.05[39m
[38;5;15m  [39m[38;5;197mROI_KEYPOINT_HEAD[39m[38;5;15m:[39m
[38;5;15m    [39m[38;5;197mCONV_DIMS[39m[38;5;15m:[39m
[38;5;15m    [39m[38;5;15m-[39m[38;5;15m [39m[38;5;141m512[39m
[38;5;15m    [39m[38;5;15m-[39m[38;5;15m [39m[38;5;141m512[39m
[38;5;15m    [39m[38;5;15m-[39m[38;5;15m [39m[38;5;141m512[39m
[38;5;15m    [39m[38;5;15m-[39m[38;5;15m [39m[38;5;141m512[39m
[38;5;15m    [39m[38;5;15m-[39m[38;5;15m [39m[38;5;141m512[39m
[38;5;15m    [39m[38;5;15m-[39m[38;5;15m [39m[38;5;141m512[39m
[38;5;15m    [39m[38;5;15m-[39m[38;5;15m [39m[38;5;141m512[39m
[38;5;15m    [39m[38;5;15m-[39m[38;5;15m [39m[38;5;141m512[39m
[38;5;15m    [39m[38;5;197mLOSS_WEIGHT[39m[38;5;15m:[39m[38;5;15m [39m[38;5;141m1.0[39m
[38;5;15m    [39m[38;5;197mMIN_KEYPOINTS_PER_IMAGE[39m[38;5;15m:[39m[38;5;15m [39m[38;5;141m1[39m
[38;5;15m    [39m[38;5;197mNAME[39m[38;5;15m:[39m[38;5;15m [39m[38;5;141mKRCNNConvDeconvUpsampleHead[39m
[38;5;15m    [39m[38;5;197mNORMALIZE_LOSS_BY_VISIBLE_KEYPOINTS[39m[38;5;15m:[39m[38;5;15m [39m[38;5;141mtrue[39m
[38;5;15m    [39m[38;5;197mNUM_KEYPOINTS[39m[38;5;15m:[39m[38;5;15m [39m[38;5;141m17[39m
[38;5;15m    [39m[38;5;197mPOOLER_RESOLUTION[39m[38;5;15m:[39m[38;5;15m [39m[38;5;141m14[39m
[38;5;15m    [39m[38;5;197mPOOLER_SAMPLING_RATIO[39m[38;5;15m:[39m[38;5;15m [39m[38;5;141m0[39m
[38;5;15m    [39m[38;5;197mPOOLER_TYPE[39m[38;5;15m:[39m[38;5;15m [39m[38;5;141mROIAlignV2[39m
[38;5;15m  [39m[38;5;197mROI_MASK_HEAD[39m[38;5;15m:[39m
[38;5;15m    [39m[38;5;197mCLS_AGNOSTIC_MASK[39m[38;5;15m:[39m[38;5;15m [39m[38;5;141mfalse[39m
[38;5;15m    [39m[38;5;197mCONV_DIM[39m[38;5;15m:[39m[38;5;15m [39m[38;5;141m256[39m
[38;5;15m    [39m[38;5;197mNAME[39m[38;5;15m:[39m[38;5;15m [39m[38;5;141mMaskRCNNConvUpsampleHead[39m
[38;5;15m    [39m[38;5;197mNORM[39m[38;5;15m:[39m[38;5;15m [39m[38;5;186m'[39m[38;5;186m'[39m
[38;5;15m    [39m[38;5;197mNUM_CONV[39m[38;5;15m:[39m[38;5;15m [39m[38;5;141m0[39m
[38;5;15m    [39m[38;5;197mPOOLER_RESOLUTION[39m[38;5;15m:[39m[38;5;15m [39m[38;5;141m14[39m
[38;5;15m    [39m[38;5;197mPOOLER_SAMPLING_RATIO[39m[38;5;15m:[39m[38;5;15m [39m[38;5;141m0[39m
[38;5;15m    [39m[38;5;197mPOOLER_TYPE[39m[38;5;15m:[39m[38;5;15m [39m[38;5;141mROIAlignV2[39m
[38;5;15m  [39m[38;5;197mRPN[39m[38;5;15m:[39m
[38;5;15m    [39m[38;5;197mBATCH_SIZE_PER_IMAGE[39m[38;5;15m:[39m[38;5;15m [39m[38;5;141m256[39m
[38;5;15m    [39m[38;5;197mBBOX_REG_LOSS_TYPE[39m[38;5;15m:[39m[38;5;15m [39m[38;5;141msmooth_l1[39m
[38;5;15m    [39m[38;5;197mBBOX_REG_LOSS_WEIGHT[39m[38;5;15m:[39m[38;5;15m [39m[38;5;141m1.0[39m
[38;5;15m    [39m[38;5;197mBBOX_REG_WEIGHTS[39m[38;5;15m:[39m[38;5;15m [39m[38;5;15m*id001[39m
[38;5;15m    [39m[38;5;197mBOUNDARY_THRESH[39m[38;5;15m:[39m[38;5;15m [39m[38;5;141m-1[39m
[38;5;15m    [39m[38;5;197mCONV_DIMS[39m[38;5;15m:[39m
[38;5;15m    [39m[38;5;15m-[39m[38;5;15m [39m[38;5;141m-1[39m
[38;5;15m    [39m[38;5;197mHEAD_NAME[39m[38;5;15m:[39m[38;5;15m [39m[38;5;141mStandardRPNHead[39m
[38;5;15m    [39m[38;5;197mIN_FEATURES[39m[38;5;15m:[39m
[38;5;15m    [39m[38;5;15m-[39m[38;5;15m [39m[38;5;141mres4[39m
[38;5;15m    [39m[38;5;197mIOU_LABELS[39m[38;5;15m:[39m
[38;5;15m    [39m[38;5;15m-[39m[38;5;15m [39m[38;5;141m0[39m
[38;5;15m    [39m[38;5;15m-[39m[38;5;15m [39m[38;5;141m-1[39m
[38;5;15m    [39m[38;5;15m-[39m[38;5;15m [39m[38;5;141m1[39m
[38;5;15m    [39m[38;5;197mIOU_THRESHOLDS[39m[38;5;15m:[39m
[38;5;15m    [39m[38;5;15m-[39m[38;5;15m [39m[38;5;141m0.3[39m
[38;5;15m    [39m[38;5;15m-[39m[38;5;15m [39m[38;5;141m0.7[39m
[38;5;15m    [39m[38;5;197mLOSS_WEIGHT[39m[38;5;15m:[39m[38;5;15m [39m[38;5;141m1.0[39m
[38;5;15m    [39m[38;5;197mNMS_THRESH[39m[38;5;15m:[39m[38;5;15m [39m[38;5;141m0.7[39m
[38;5;15m    [39m[38;5;197mPOSITIVE_FRACTION[39m[38;5;15m:[39m[38;5;15m [39m[38;5;141m0.5[39m
[38;5;15m    [39m[38;5;197mPOST_NMS_TOPK_TEST[39m[38;5;15m:[39m[38;5;15m [39m[38;5;141m1000[39m
[38;5;15m    [39m[38;5;197mPOST_NMS_TOPK_TRAIN[39m[38;5;15m:[39m[38;5;15m [39m[38;5;141m2000[39m
[38;5;15m    [39m[38;5;197mPRE_NMS_TOPK_TEST[39m[38;5;15m:[39m[38;5;15m [39m[38;5;141m6000[39m
[38;5;15m    [39m[38;5;197mPRE_NMS_TOPK_TRAIN[39m[38;5;15m:[39m[38;5;15m [39m[38;5;141m12000[39m
[38;5;15m    [39m[38;5;197mSMOOTH_L1_BETA[39m[38;5;15m:[39m[38;5;15m [39m[38;5;141m0.0[39m
[38;5;15m  [39m[38;5;197mSEM_SEG_HEAD[39m[38;5;15m:[39m
[38;5;15m    [39m[38;5;197mCOMMON_STRIDE[39m[38;5;15m:[39m[38;5;15m [39m[38;5;141m4[39m
[38;5;15m    [39m[38;5;197mCONVS_DIM[39m[38;5;15m:[39m[38;5;15m [39m[38;5;141m128[39m
[38;5;15m    [39m[38;5;197mIGNORE_VALUE[39m[38;5;15m:[39m[38;5;15m [39m[38;5;141m255[39m
[38;5;15m    [39m[38;5;197mIN_FEATURES[39m[38;5;15m:[39m
[38;5;15m    [39m[38;5;15m-[39m[38;5;15m [39m[38;5;141mp2[39m
[38;5;15m    [39m[38;5;15m-[39m[38;5;15m [39m[38;5;141mp3[39m
[38;5;15m    [39m[38;5;15m-[39m[38;5;15m [39m[38;5;141mp4[39m
[38;5;15m    [39m[38;5;15m-[39m[38;5;15m [39m[38;5;141mp5[39m
[38;5;15m    [39m[38;5;197mLOSS_WEIGHT[39m[38;5;15m:[39m[38;5;15m [39m[38;5;141m1.0[39m
[38;5;15m    [39m[38;5;197mNAME[39m[38;5;15m:[39m[38;5;15m [39m[38;5;141mSemSegFPNHead[39m
[38;5;15m    [39m[38;5;197mNORM[39m[38;5;15m:[39m[38;5;15m [39m[38;5;141mGN[39m
[38;5;15m    [39m[38;5;197mNUM_CLASSES[39m[38;5;15m:[39m[38;5;15m [39m[38;5;141m54[39m
[38;5;15m  [39m[38;5;197mWEIGHTS[39m[38;5;15m:[39m[38;5;15m [39m[38;5;141m./models/CenterNet2/CenterNet2_DLA-BiFPN-P3_24x.pth[39m
[38;5;197mOUTPUT_DIR[39m[38;5;15m:[39m[38;5;15m [39m[38;5;141m./output/MY/my_train_CenterNet2_DLA-BiFPN-P3_24x[39m
[38;5;197mSAVE_DEBUG[39m[38;5;15m:[39m[38;5;15m [39m[38;5;141mfalse[39m
[38;5;197mSAVE_PTH[39m[38;5;15m:[39m[38;5;15m [39m[38;5;141mfalse[39m
[38;5;197mSEED[39m[38;5;15m:[39m[38;5;15m [39m[38;5;141m-1[39m
[38;5;197mSOLVER[39m[38;5;15m:[39m
[38;5;15m  [39m[38;5;197mAMP[39m[38;5;15m:[39m
[38;5;15m    [39m[38;5;197mENABLED[39m[38;5;15m:[39m[38;5;15m [39m[38;5;141mfalse[39m
[38;5;15m  [39m[38;5;197mBASE_LR[39m[38;5;15m:[39m[38;5;15m [39m[38;5;141m0.005[39m
[38;5;15m  [39m[38;5;197mBASE_LR_END[39m[38;5;15m:[39m[38;5;15m [39m[38;5;141m0.0[39m
[38;5;15m  [39m[38;5;197mBIAS_LR_FACTOR[39m[38;5;15m:[39m[38;5;15m [39m[38;5;141m1.0[39m
[38;5;15m  [39m[38;5;197mCHECKPOINT_PERIOD[39m[38;5;15m:[39m[38;5;15m [39m[38;5;141m20000[39m
[38;5;15m  [39m[38;5;197mCLIP_GRADIENTS[39m[38;5;15m:[39m
[38;5;15m    [39m[38;5;197mCLIP_TYPE[39m[38;5;15m:[39m[38;5;15m [39m[38;5;141mvalue[39m
[38;5;15m    [39m[38;5;197mCLIP_VALUE[39m[38;5;15m:[39m[38;5;15m [39m[38;5;141m1.0[39m
[38;5;15m    [39m[38;5;197mENABLED[39m[38;5;15m:[39m[38;5;15m [39m[38;5;141mtrue[39m
[38;5;15m    [39m[38;5;197mNORM_TYPE[39m[38;5;15m:[39m[38;5;15m [39m[38;5;141m2.0[39m
[38;5;15m  [39m[38;5;197mGAMMA[39m[38;5;15m:[39m[38;5;15m [39m[38;5;141m0.1[39m
[38;5;15m  [39m[38;5;197mIMS_PER_BATCH[39m[38;5;15m:[39m[38;5;15m [39m[38;5;141m8[39m
[38;5;15m  [39m[38;5;197mLR_SCHEDULER_NAME[39m[38;5;15m:[39m[38;5;15m [39m[38;5;141mWarmupMultiStepLR[39m
[38;5;15m  [39m[38;5;197mMAX_ITER[39m[38;5;15m:[39m[38;5;15m [39m[38;5;141m120000[39m
[38;5;15m  [39m[38;5;197mMOMENTUM[39m[38;5;15m:[39m[38;5;15m [39m[38;5;141m0.9[39m
[38;5;15m  [39m[38;5;197mNESTEROV[39m[38;5;15m:[39m[38;5;15m [39m[38;5;141mfalse[39m
[38;5;15m  [39m[38;5;197mNUM_DECAYS[39m[38;5;15m:[39m[38;5;15m [39m[38;5;141m3[39m
[38;5;15m  [39m[38;5;197mREFERENCE_WORLD_SIZE[39m[38;5;15m:[39m[38;5;15m [39m[38;5;141m0[39m
[38;5;15m  [39m[38;5;197mRESCALE_INTERVAL[39m[38;5;15m:[39m[38;5;15m [39m[38;5;141mfalse[39m
[38;5;15m  [39m[38;5;197mRESET_ITER[39m[38;5;15m:[39m[38;5;15m [39m[38;5;141mtrue[39m
[38;5;15m  [39m[38;5;197mSTEPS[39m[38;5;15m:[39m
[38;5;15m  [39m[38;5;15m-[39m[38;5;15m [39m[38;5;141m80000[39m
[38;5;15m  [39m[38;5;15m-[39m[38;5;15m [39m[38;5;141m100000[39m
[38;5;15m  [39m[38;5;197mTRAIN_ITER[39m[38;5;15m:[39m[38;5;15m [39m[38;5;141m-1[39m
[38;5;15m  [39m[38;5;197mWARMUP_FACTOR[39m[38;5;15m:[39m[38;5;15m [39m[38;5;141m0.00025[39m
[38;5;15m  [39m[38;5;197mWARMUP_ITERS[39m[38;5;15m:[39m[38;5;15m [39m[38;5;141m4000[39m
[38;5;15m  [39m[38;5;197mWARMUP_METHOD[39m[38;5;15m:[39m[38;5;15m [39m[38;5;141mlinear[39m
[38;5;15m  [39m[38;5;197mWEIGHT_DECAY[39m[38;5;15m:[39m[38;5;15m [39m[38;5;141m0.0001[39m
[38;5;15m  [39m[38;5;197mWEIGHT_DECAY_BIAS[39m[38;5;15m:[39m[38;5;15m [39m[38;5;141mnull[39m
[38;5;15m  [39m[38;5;197mWEIGHT_DECAY_NORM[39m[38;5;15m:[39m[38;5;15m [39m[38;5;141m0.0[39m
[38;5;197mTEST[39m[38;5;15m:[39m
[38;5;15m  [39m[38;5;197mAUG[39m[38;5;15m:[39m
[38;5;15m    [39m[38;5;197mENABLED[39m[38;5;15m:[39m[38;5;15m [39m[38;5;141mfalse[39m
[38;5;15m    [39m[38;5;197mFLIP[39m[38;5;15m:[39m[38;5;15m [39m[38;5;141mtrue[39m
[38;5;15m    [39m[38;5;197mMAX_SIZE[39m[38;5;15m:[39m[38;5;15m [39m[38;5;141m4000[39m
[38;5;15m    [39m[38;5;197mMIN_SIZES[39m[38;5;15m:[39m
[38;5;15m    [39m[38;5;15m-[39m[38;5;15m [39m[38;5;141m400[39m
[38;5;15m    [39m[38;5;15m-[39m[38;5;15m [39m[38;5;141m500[39m
[38;5;15m    [39m[38;5;15m-[39m[38;5;15m [39m[38;5;141m600[39m
[38;5;15m    [39m[38;5;15m-[39m[38;5;15m [39m[38;5;141m700[39m
[38;5;15m    [39m[38;5;15m-[39m[38;5;15m [39m[38;5;141m800[39m
[38;5;15m    [39m[38;5;15m-[39m[38;5;15m [39m[38;5;141m900[39m
[38;5;15m    [39m[38;5;15m-[39m[38;5;15m [39m[38;5;141m1000[39m
[38;5;15m    [39m[38;5;15m-[39m[38;5;15m [39m[38;5;141m1100[39m
[38;5;15m    [39m[38;5;15m-[39m[38;5;15m [39m[38;5;141m1200[39m
[38;5;15m  [39m[38;5;197mDETECTIONS_PER_IMAGE[39m[38;5;15m:[39m[38;5;15m [39m[38;5;141m100[39m
[38;5;15m  [39m[38;5;197mEVAL_PERIOD[39m[38;5;15m:[39m[38;5;15m [39m[38;5;141m20000[39m
[38;5;15m  [39m[38;5;197mEXPECTED_RESULTS[39m[38;5;15m:[39m[38;5;15m [39m[38;5;15m[[39m[38;5;15m][39m
[38;5;15m  [39m[38;5;197mKEYPOINT_OKS_SIGMAS[39m[38;5;15m:[39m[38;5;15m [39m[38;5;15m[[39m[38;5;15m][39m
[38;5;15m  [39m[38;5;197mPRECISE_BN[39m[38;5;15m:[39m
[38;5;15m    [39m[38;5;197mENABLED[39m[38;5;15m:[39m[38;5;15m [39m[38;5;141mfalse[39m
[38;5;15m    [39m[38;5;197mNUM_ITER[39m[38;5;15m:[39m[38;5;15m [39m[38;5;141m200[39m
[38;5;197mVERSION[39m[38;5;15m:[39m[38;5;15m [39m[38;5;141m2[39m
[38;5;197mVIS_PERIOD[39m[38;5;15m:[39m[38;5;15m [39m[38;5;141m0[39m
[38;5;197mVIS_THRESH[39m[38;5;15m:[39m[38;5;15m [39m[38;5;141m0.3[39m

[04/03 20:33:12 detectron2]: Full config saved to ./output/MY/my_train_CenterNet2_DLA-BiFPN-P3_24x/config.yaml
[04/03 20:33:12 d2.utils.env]: Using a generated random seed 12909018
Loading pretrained DLA!
[04/03 20:33:15 detectron2]: Model:
GeneralizedRCNN(
  (backbone): BiFPN(
    (bottom_up): BackboneWithTopLevels(
      (backbone): DLA(
        (base_layer): Sequential(
          (0): Conv2d(3, 16, kernel_size=(7, 7), stride=(1, 1), padding=(3, 3), bias=False)
          (1): BatchNorm2d(16, eps=1e-05, momentum=0.1, affine=True, track_running_stats=True)
          (2): ReLU(inplace=True)
        )
        (level0): Sequential(
          (0): Conv2d(16, 16, kernel_size=(3, 3), stride=(1, 1), padding=(1, 1), bias=False)
          (1): BatchNorm2d(16, eps=1e-05, momentum=0.1, affine=True, track_running_stats=True)
          (2): ReLU(inplace=True)
        )
        (level1): Sequential(
          (0): Conv2d(16, 32, kernel_size=(3, 3), stride=(2, 2), padding=(1, 1), bias=False)
          (1): BatchNorm2d(32, eps=1e-05, momentum=0.1, affine=True, track_running_stats=True)
          (2): ReLU(inplace=True)
        )
        (level2): Tree(
          (tree1): BasicBlock(
            (conv1): Conv2d(32, 64, kernel_size=(3, 3), stride=(2, 2), padding=(1, 1), bias=False)
            (bn1): BatchNorm2d(64, eps=1e-05, momentum=0.1, affine=True, track_running_stats=True)
            (relu): ReLU(inplace=True)
            (conv2): Conv2d(64, 64, kernel_size=(3, 3), stride=(1, 1), padding=(1, 1), bias=False)
            (bn2): BatchNorm2d(64, eps=1e-05, momentum=0.1, affine=True, track_running_stats=True)
          )
          (tree2): BasicBlock(
            (conv1): Conv2d(64, 64, kernel_size=(3, 3), stride=(1, 1), padding=(1, 1), bias=False)
            (bn1): BatchNorm2d(64, eps=1e-05, momentum=0.1, affine=True, track_running_stats=True)
            (relu): ReLU(inplace=True)
            (conv2): Conv2d(64, 64, kernel_size=(3, 3), stride=(1, 1), padding=(1, 1), bias=False)
            (bn2): BatchNorm2d(64, eps=1e-05, momentum=0.1, affine=True, track_running_stats=True)
          )
          (root): Root(
            (conv): Conv2d(128, 64, kernel_size=(1, 1), stride=(1, 1), bias=False)
            (bn): BatchNorm2d(64, eps=1e-05, momentum=0.1, affine=True, track_running_stats=True)
            (relu): ReLU(inplace=True)
          )
          (downsample): MaxPool2d(kernel_size=2, stride=2, padding=0, dilation=1, ceil_mode=False)
          (project): Sequential(
            (0): Conv2d(32, 64, kernel_size=(1, 1), stride=(1, 1), bias=False)
            (1): BatchNorm2d(64, eps=1e-05, momentum=0.1, affine=True, track_running_stats=True)
          )
        )
        (level3): Tree(
          (tree1): Tree(
            (tree1): BasicBlock(
              (conv1): Conv2d(64, 128, kernel_size=(3, 3), stride=(2, 2), padding=(1, 1), bias=False)
              (bn1): BatchNorm2d(128, eps=1e-05, momentum=0.1, affine=True, track_running_stats=True)
              (relu): ReLU(inplace=True)
              (conv2): Conv2d(128, 128, kernel_size=(3, 3), stride=(1, 1), padding=(1, 1), bias=False)
              (bn2): BatchNorm2d(128, eps=1e-05, momentum=0.1, affine=True, track_running_stats=True)
            )
            (tree2): BasicBlock(
              (conv1): Conv2d(128, 128, kernel_size=(3, 3), stride=(1, 1), padding=(1, 1), bias=False)
              (bn1): BatchNorm2d(128, eps=1e-05, momentum=0.1, affine=True, track_running_stats=True)
              (relu): ReLU(inplace=True)
              (conv2): Conv2d(128, 128, kernel_size=(3, 3), stride=(1, 1), padding=(1, 1), bias=False)
              (bn2): BatchNorm2d(128, eps=1e-05, momentum=0.1, affine=True, track_running_stats=True)
            )
            (root): Root(
              (conv): Conv2d(256, 128, kernel_size=(1, 1), stride=(1, 1), bias=False)
              (bn): BatchNorm2d(128, eps=1e-05, momentum=0.1, affine=True, track_running_stats=True)
              (relu): ReLU(inplace=True)
            )
            (downsample): MaxPool2d(kernel_size=2, stride=2, padding=0, dilation=1, ceil_mode=False)
            (project): Sequential(
              (0): Conv2d(64, 128, kernel_size=(1, 1), stride=(1, 1), bias=False)
              (1): BatchNorm2d(128, eps=1e-05, momentum=0.1, affine=True, track_running_stats=True)
            )
          )
          (tree2): Tree(
            (tree1): BasicBlock(
              (conv1): Conv2d(128, 128, kernel_size=(3, 3), stride=(1, 1), padding=(1, 1), bias=False)
              (bn1): BatchNorm2d(128, eps=1e-05, momentum=0.1, affine=True, track_running_stats=True)
              (relu): ReLU(inplace=True)
              (conv2): Conv2d(128, 128, kernel_size=(3, 3), stride=(1, 1), padding=(1, 1), bias=False)
              (bn2): BatchNorm2d(128, eps=1e-05, momentum=0.1, affine=True, track_running_stats=True)
            )
            (tree2): BasicBlock(
              (conv1): Conv2d(128, 128, kernel_size=(3, 3), stride=(1, 1), padding=(1, 1), bias=False)
              (bn1): BatchNorm2d(128, eps=1e-05, momentum=0.1, affine=True, track_running_stats=True)
              (relu): ReLU(inplace=True)
              (conv2): Conv2d(128, 128, kernel_size=(3, 3), stride=(1, 1), padding=(1, 1), bias=False)
              (bn2): BatchNorm2d(128, eps=1e-05, momentum=0.1, affine=True, track_running_stats=True)
            )
            (root): Root(
              (conv): Conv2d(448, 128, kernel_size=(1, 1), stride=(1, 1), bias=False)
              (bn): BatchNorm2d(128, eps=1e-05, momentum=0.1, affine=True, track_running_stats=True)
              (relu): ReLU(inplace=True)
            )
          )
          (downsample): MaxPool2d(kernel_size=2, stride=2, padding=0, dilation=1, ceil_mode=False)
          (project): Sequential(
            (0): Conv2d(64, 128, kernel_size=(1, 1), stride=(1, 1), bias=False)
            (1): BatchNorm2d(128, eps=1e-05, momentum=0.1, affine=True, track_running_stats=True)
          )
        )
        (level4): Tree(
          (tree1): Tree(
            (tree1): BasicBlock(
              (conv1): Conv2d(128, 256, kernel_size=(3, 3), stride=(2, 2), padding=(1, 1), bias=False)
              (bn1): BatchNorm2d(256, eps=1e-05, momentum=0.1, affine=True, track_running_stats=True)
              (relu): ReLU(inplace=True)
              (conv2): Conv2d(256, 256, kernel_size=(3, 3), stride=(1, 1), padding=(1, 1), bias=False)
              (bn2): BatchNorm2d(256, eps=1e-05, momentum=0.1, affine=True, track_running_stats=True)
            )
            (tree2): BasicBlock(
              (conv1): Conv2d(256, 256, kernel_size=(3, 3), stride=(1, 1), padding=(1, 1), bias=False)
              (bn1): BatchNorm2d(256, eps=1e-05, momentum=0.1, affine=True, track_running_stats=True)
              (relu): ReLU(inplace=True)
              (conv2): Conv2d(256, 256, kernel_size=(3, 3), stride=(1, 1), padding=(1, 1), bias=False)
              (bn2): BatchNorm2d(256, eps=1e-05, momentum=0.1, affine=True, track_running_stats=True)
            )
            (root): Root(
              (conv): Conv2d(512, 256, kernel_size=(1, 1), stride=(1, 1), bias=False)
              (bn): BatchNorm2d(256, eps=1e-05, momentum=0.1, affine=True, track_running_stats=True)
              (relu): ReLU(inplace=True)
            )
            (downsample): MaxPool2d(kernel_size=2, stride=2, padding=0, dilation=1, ceil_mode=False)
            (project): Sequential(
              (0): Conv2d(128, 256, kernel_size=(1, 1), stride=(1, 1), bias=False)
              (1): BatchNorm2d(256, eps=1e-05, momentum=0.1, affine=True, track_running_stats=True)
            )
          )
          (tree2): Tree(
            (tree1): BasicBlock(
              (conv1): Conv2d(256, 256, kernel_size=(3, 3), stride=(1, 1), padding=(1, 1), bias=False)
              (bn1): BatchNorm2d(256, eps=1e-05, momentum=0.1, affine=True, track_running_stats=True)
              (relu): ReLU(inplace=True)
              (conv2): Conv2d(256, 256, kernel_size=(3, 3), stride=(1, 1), padding=(1, 1), bias=False)
              (bn2): BatchNorm2d(256, eps=1e-05, momentum=0.1, affine=True, track_running_stats=True)
            )
            (tree2): BasicBlock(
              (conv1): Conv2d(256, 256, kernel_size=(3, 3), stride=(1, 1), padding=(1, 1), bias=False)
              (bn1): BatchNorm2d(256, eps=1e-05, momentum=0.1, affine=True, track_running_stats=True)
              (relu): ReLU(inplace=True)
              (conv2): Conv2d(256, 256, kernel_size=(3, 3), stride=(1, 1), padding=(1, 1), bias=False)
              (bn2): BatchNorm2d(256, eps=1e-05, momentum=0.1, affine=True, track_running_stats=True)
            )
            (root): Root(
              (conv): Conv2d(896, 256, kernel_size=(1, 1), stride=(1, 1), bias=False)
              (bn): BatchNorm2d(256, eps=1e-05, momentum=0.1, affine=True, track_running_stats=True)
              (relu): ReLU(inplace=True)
            )
          )
          (downsample): MaxPool2d(kernel_size=2, stride=2, padding=0, dilation=1, ceil_mode=False)
          (project): Sequential(
            (0): Conv2d(128, 256, kernel_size=(1, 1), stride=(1, 1), bias=False)
            (1): BatchNorm2d(256, eps=1e-05, momentum=0.1, affine=True, track_running_stats=True)
          )
        )
        (level5): Tree(
          (tree1): BasicBlock(
            (conv1): Conv2d(256, 512, kernel_size=(3, 3), stride=(2, 2), padding=(1, 1), bias=False)
            (bn1): BatchNorm2d(512, eps=1e-05, momentum=0.1, affine=True, track_running_stats=True)
            (relu): ReLU(inplace=True)
            (conv2): Conv2d(512, 512, kernel_size=(3, 3), stride=(1, 1), padding=(1, 1), bias=False)
            (bn2): BatchNorm2d(512, eps=1e-05, momentum=0.1, affine=True, track_running_stats=True)
          )
          (tree2): BasicBlock(
            (conv1): Conv2d(512, 512, kernel_size=(3, 3), stride=(1, 1), padding=(1, 1), bias=False)
            (bn1): BatchNorm2d(512, eps=1e-05, momentum=0.1, affine=True, track_running_stats=True)
            (relu): ReLU(inplace=True)
            (conv2): Conv2d(512, 512, kernel_size=(3, 3), stride=(1, 1), padding=(1, 1), bias=False)
            (bn2): BatchNorm2d(512, eps=1e-05, momentum=0.1, affine=True, track_running_stats=True)
          )
          (root): Root(
            (conv): Conv2d(1280, 512, kernel_size=(1, 1), stride=(1, 1), bias=False)
            (bn): BatchNorm2d(512, eps=1e-05, momentum=0.1, affine=True, track_running_stats=True)
            (relu): ReLU(inplace=True)
          )
          (downsample): MaxPool2d(kernel_size=2, stride=2, padding=0, dilation=1, ceil_mode=False)
          (project): Sequential(
            (0): Conv2d(256, 512, kernel_size=(1, 1), stride=(1, 1), bias=False)
            (1): BatchNorm2d(512, eps=1e-05, momentum=0.1, affine=True, track_running_stats=True)
          )
        )
      )
    )
    (repeated_bifpn): ModuleList(
      (0): SingleBiFPN(
        (lateral_1_f1): Conv2d(
          256, 160, kernel_size=(1, 1), stride=(1, 1)
          (norm): GroupNorm(32, 160, eps=1e-05, affine=True)
        )
        (lateral_2_f1): Conv2d(
          512, 160, kernel_size=(1, 1), stride=(1, 1)
          (norm): GroupNorm(32, 160, eps=1e-05, affine=True)
        )
        (outputs_f1_1_2): Conv2d(
          160, 160, kernel_size=(3, 3), stride=(1, 1), padding=(1, 1), bias=False
          (norm): GroupNorm(32, 160, eps=1e-05, affine=True)
        )
        (lateral_0_f0): Conv2d(
          128, 160, kernel_size=(1, 1), stride=(1, 1)
          (norm): GroupNorm(32, 160, eps=1e-05, affine=True)
        )
        (outputs_f0_0_3): Conv2d(
          160, 160, kernel_size=(3, 3), stride=(1, 1), padding=(1, 1), bias=False
          (norm): GroupNorm(32, 160, eps=1e-05, affine=True)
        )
        (outputs_f1_1_3_4): Conv2d(
          160, 160, kernel_size=(3, 3), stride=(1, 1), padding=(1, 1), bias=False
          (norm): GroupNorm(32, 160, eps=1e-05, affine=True)
        )
        (lateral_2_f2): Conv2d(
          512, 160, kernel_size=(1, 1), stride=(1, 1)
          (norm): GroupNorm(32, 160, eps=1e-05, affine=True)
        )
        (outputs_f2_2_5): Conv2d(
          160, 160, kernel_size=(3, 3), stride=(1, 1), padding=(1, 1), bias=False
          (norm): GroupNorm(32, 160, eps=1e-05, affine=True)
        )
      )
      (1): SingleBiFPN(
        (outputs_f1_1_2): Conv2d(
          160, 160, kernel_size=(3, 3), stride=(1, 1), padding=(1, 1), bias=False
          (norm): GroupNorm(32, 160, eps=1e-05, affine=True)
        )
        (outputs_f0_0_3): Conv2d(
          160, 160, kernel_size=(3, 3), stride=(1, 1), padding=(1, 1), bias=False
          (norm): GroupNorm(32, 160, eps=1e-05, affine=True)
        )
        (outputs_f1_1_3_4): Conv2d(
          160, 160, kernel_size=(3, 3), stride=(1, 1), padding=(1, 1), bias=False
          (norm): GroupNorm(32, 160, eps=1e-05, affine=True)
        )
        (outputs_f2_2_5): Conv2d(
          160, 160, kernel_size=(3, 3), stride=(1, 1), padding=(1, 1), bias=False
          (norm): GroupNorm(32, 160, eps=1e-05, affine=True)
        )
      )
      (2): SingleBiFPN(
        (outputs_f1_1_2): Conv2d(
          160, 160, kernel_size=(3, 3), stride=(1, 1), padding=(1, 1), bias=False
          (norm): GroupNorm(32, 160, eps=1e-05, affine=True)
        )
        (outputs_f0_0_3): Conv2d(
          160, 160, kernel_size=(3, 3), stride=(1, 1), padding=(1, 1), bias=False
          (norm): GroupNorm(32, 160, eps=1e-05, affine=True)
        )
        (outputs_f1_1_3_4): Conv2d(
          160, 160, kernel_size=(3, 3), stride=(1, 1), padding=(1, 1), bias=False
          (norm): GroupNorm(32, 160, eps=1e-05, affine=True)
        )
        (outputs_f2_2_5): Conv2d(
          160, 160, kernel_size=(3, 3), stride=(1, 1), padding=(1, 1), bias=False
          (norm): GroupNorm(32, 160, eps=1e-05, affine=True)
        )
      )
      (3): SingleBiFPN(
        (outputs_f1_1_2): Conv2d(
          160, 160, kernel_size=(3, 3), stride=(1, 1), padding=(1, 1), bias=False
          (norm): GroupNorm(32, 160, eps=1e-05, affine=True)
        )
        (outputs_f0_0_3): Conv2d(
          160, 160, kernel_size=(3, 3), stride=(1, 1), padding=(1, 1), bias=False
          (norm): GroupNorm(32, 160, eps=1e-05, affine=True)
        )
        (outputs_f1_1_3_4): Conv2d(
          160, 160, kernel_size=(3, 3), stride=(1, 1), padding=(1, 1), bias=False
          (norm): GroupNorm(32, 160, eps=1e-05, affine=True)
        )
        (outputs_f2_2_5): Conv2d(
          160, 160, kernel_size=(3, 3), stride=(1, 1), padding=(1, 1), bias=False
          (norm): GroupNorm(32, 160, eps=1e-05, affine=True)
        )
      )
    )
  )
  (proposal_generator): CenterNet(
    (iou_loss): IOULoss()
    (centernet_head): CenterNetHead(
      (cls_tower): Sequential()
      (bbox_tower): Sequential(
        (0): Conv2d(160, 160, kernel_size=(3, 3), stride=(1, 1), padding=(1, 1))
        (1): GroupNorm(32, 160, eps=1e-05, affine=True)
        (2): ReLU()
        (3): Conv2d(160, 160, kernel_size=(3, 3), stride=(1, 1), padding=(1, 1))
        (4): GroupNorm(32, 160, eps=1e-05, affine=True)
        (5): ReLU()
        (6): Conv2d(160, 160, kernel_size=(3, 3), stride=(1, 1), padding=(1, 1))
        (7): GroupNorm(32, 160, eps=1e-05, affine=True)
        (8): ReLU()
        (9): Conv2d(160, 160, kernel_size=(3, 3), stride=(1, 1), padding=(1, 1))
        (10): GroupNorm(32, 160, eps=1e-05, affine=True)
        (11): ReLU()
      )
      (share_tower): Sequential()
      (bbox_pred): Conv2d(160, 4, kernel_size=(3, 3), stride=(1, 1), padding=(1, 1))
      (scales): ModuleList(
        (0): Scale()
        (1): Scale()
        (2): Scale()
      )
      (agn_hm): Conv2d(160, 1, kernel_size=(3, 3), stride=(1, 1), padding=(1, 1))
    )
  )
  (roi_heads): CustomCascadeROIHeads(
    (box_pooler): ROIPooler(
      (level_poolers): ModuleList(
        (0): ROIAlign(output_size=(7, 7), spatial_scale=0.125, sampling_ratio=0, aligned=True)
        (1): ROIAlign(output_size=(7, 7), spatial_scale=0.0625, sampling_ratio=0, aligned=True)
        (2): ROIAlign(output_size=(7, 7), spatial_scale=0.03125, sampling_ratio=0, aligned=True)
      )
    )
    (box_head): ModuleList(
      (0): FastRCNNConvFCHead(
        (flatten): Flatten(start_dim=1, end_dim=-1)
        (fc1): Linear(in_features=7840, out_features=1024, bias=True)
        (fc_relu1): ReLU()
        (fc2): Linear(in_features=1024, out_features=1024, bias=True)
        (fc_relu2): ReLU()
      )
      (1): FastRCNNConvFCHead(
        (flatten): Flatten(start_dim=1, end_dim=-1)
        (fc1): Linear(in_features=7840, out_features=1024, bias=True)
        (fc_relu1): ReLU()
        (fc2): Linear(in_features=1024, out_features=1024, bias=True)
        (fc_relu2): ReLU()
      )
      (2): FastRCNNConvFCHead(
        (flatten): Flatten(start_dim=1, end_dim=-1)
        (fc1): Linear(in_features=7840, out_features=1024, bias=True)
        (fc_relu1): ReLU()
        (fc2): Linear(in_features=1024, out_features=1024, bias=True)
        (fc_relu2): ReLU()
      )
    )
    (box_predictor): ModuleList(
      (0): CustomFastRCNNOutputLayers(
        (cls_score): Linear(in_features=1024, out_features=81, bias=True)
        (bbox_pred): Linear(in_features=1024, out_features=4, bias=True)
      )
      (1): CustomFastRCNNOutputLayers(
        (cls_score): Linear(in_features=1024, out_features=81, bias=True)
        (bbox_pred): Linear(in_features=1024, out_features=4, bias=True)
      )
      (2): CustomFastRCNNOutputLayers(
        (cls_score): Linear(in_features=1024, out_features=81, bias=True)
        (bbox_pred): Linear(in_features=1024, out_features=4, bias=True)
      )
    )
  )
)
[04/03 20:33:15 d2.checkpoint.detection_checkpoint]: [DetectionCheckpointer] Loading from ./models/CenterNet2/CenterNet2_DLA-BiFPN-P3_24x.pth ...
[04/03 20:33:15 fvcore.common.checkpoint]: [Checkpointer] Loading from ./models/CenterNet2/CenterNet2_DLA-BiFPN-P3_24x.pth ...
WARNING [04/03 20:33:15 fvcore.common.checkpoint]: The checkpoint state_dict contains keys that are not used by the model:
  pixel_mean
  pixel_std
[04/03 20:33:15 detectron2]: Reset loaded iteration. Start training from iteration 0.
[04/03 20:33:15 d2.data.dataset_mapper]: [DatasetMapper] Augmentations used in training: [ResizeShortestEdge(short_edge_length=(256, 288, 320, 352, 384, 416, 448, 480, 512, 544, 576, 608), max_size=900, sample_style='choice'), RandomFlip()]
[04/03 20:33:21 d2.data.datasets.coco]: Loading datasets/coco_my/annotations/instances_train2017.json takes 6.22 seconds.
WARNING [04/03 20:33:21 d2.data.datasets.coco]: 
Category ids in annotations are not in [1, #categories]! We'll apply a mapping for you.

[04/03 20:33:22 d2.data.datasets.coco]: Loaded 54502 images in COCO format from datasets/coco_my/annotations/instances_train2017.json
[04/03 20:33:25 d2.data.build]: Removed 1021 images with no usable annotations. 53481 images left.
[04/03 20:33:27 d2.data.build]: Distribution of instances among all 80 categories:
|   category    | #instances   |   category   | #instances   |   category    | #instances   |
|:-------------:|:-------------|:------------:|:-------------|:-------------:|:-------------|
|    person     | 67681        |   bicycle    | 1520         |      car      | 0            |
|  motorcycle   | 0            |   airplane   | 0            |      bus      | 0            |
|     train     | 0            |    truck     | 0            |     boat      | 0            |
| traffic light | 0            | fire hydrant | 0            |   stop sign   | 0            |
| parking meter | 0            |    bench     | 0            |     bird      | 5696         |
|      cat      | 4256         |     dog      | 2863         |     horse     | 0            |
|     sheep     | 0            |     cow      | 0            |   elephant    | 0            |
|     bear      | 0            |    zebra     | 0            |    giraffe    | 0            |
|   backpack    | 2596         |   umbrella   | 5580         |    handbag    | 4777         |
|      tie      | 4850         |   suitcase   | 4070         |    frisbee    | 0            |
|     skis      | 0            |  snowboard   | 0            |  sports ball  | 0            |
|     kite      | 0            | baseball bat | 0            | baseball gl.. | 0            |
|  skateboard   | 0            |  surfboard   | 0            | tennis racket | 0            |
|    bottle     | 21649        |  wine glass  | 7484         |      cup      | 18961        |
|     fork      | 5193         |    knife     | 7512         |     spoon     | 5917         |
|     bowl      | 13604        |    banana    | 7852         |     apple     | 5321         |
|   sandwich    | 4149         |    orange    | 5904         |   broccoli    | 7172         |
|    carrot     | 7521         |   hot dog    | 2630         |     pizza     | 5524         |
|     donut     | 6594         |     cake     | 5984         |     chair     | 25099        |
|     couch     | 5494         | potted plant | 5832         |      bed      | 4061         |
| dining table  | 13804        |    toilet    | 4050         |      tv       | 5421         |
|    laptop     | 4716         |    mouse     | 2194         |    remote     | 5578         |
|   keyboard    | 2756         |  cell phone  | 5010         |   microwave   | 1636         |
|     oven      | 3273         |   toaster    | 221          |     sink      | 5533         |
| refrigerator  | 2528         |     book     | 22632        |     clock     | 4842         |
|     vase      | 6244         |   scissors   | 1411         |  teddy bear   | 4144         |
|  hair drier   | 190          |  toothbrush  | 1909         |               |              |
|     total     | 381438       |              |              |               |              |
[04/03 20:33:27 d2.data.build]: Using training sampler TrainingSampler
[04/03 20:33:27 d2.data.common]: Serializing the dataset using: <class 'detectron2.data.common._TorchSerializedList'>
[04/03 20:33:27 d2.data.common]: Serializing 53481 elements to byte tensors and concatenating them all ...
[04/03 20:33:29 d2.data.common]: Serialized dataset takes 181.15 MiB
[04/03 20:33:30 detectron2]: Starting training from iteration 0
[04/03 20:33:54 d2.utils.events]:  eta: 1 day, 14:07:30  iter: 20  total_loss: 1.182  loss_cls_stage0: 0.1126  loss_box_reg_stage0: 0.1131  loss_cls_stage1: 0.115  loss_box_reg_stage1: 0.1929  loss_cls_stage2: 0.1145  loss_box_reg_stage2: 0.2145  loss_centernet_loc: 0.1716  loss_centernet_agn_pos: 0.0654  loss_centernet_agn_neg: 0.0276    time: 1.1796  last_time: 0.8223  data_time: 0.0288  last_data_time: 0.0418   lr: 2.4994e-05  max_mem: 9492M
[04/03 20:34:13 d2.utils.events]:  eta: 1 day, 12:33:42  iter: 40  total_loss: 1.05  loss_cls_stage0: 0.1082  loss_box_reg_stage0: 0.09697  loss_cls_stage1: 0.107  loss_box_reg_stage1: 0.187  loss_cls_stage2: 0.09715  loss_box_reg_stage2: 0.2023  loss_centernet_loc: 0.162  loss_centernet_agn_pos: 0.06621  loss_centernet_agn_neg: 0.02596    time: 1.0499  last_time: 0.7569  data_time: 0.0221  last_data_time: 0.0014   lr: 4.9988e-05  max_mem: 9492M
[04/03 20:34:31 d2.utils.events]:  eta: 1 day, 5:14:18  iter: 60  total_loss: 1.138  loss_cls_stage0: 0.1051  loss_box_reg_stage0: 0.1184  loss_cls_stage1: 0.1083  loss_box_reg_stage1: 0.2109  loss_cls_stage2: 0.1101  loss_box_reg_stage2: 0.2178  loss_centernet_loc: 0.1904  loss_centernet_agn_pos: 0.07103  loss_centernet_agn_neg: 0.03262    time: 0.9878  last_time: 0.8789  data_time: 0.0228  last_data_time: 0.0305   lr: 7.4982e-05  max_mem: 9492M
[04/03 20:34:48 d2.utils.events]:  eta: 1 day, 4:23:05  iter: 80  total_loss: 1.316  loss_cls_stage0: 0.128  loss_box_reg_stage0: 0.1432  loss_cls_stage1: 0.1243  loss_box_reg_stage1: 0.2222  loss_cls_stage2: 0.1244  loss_box_reg_stage2: 0.2315  loss_centernet_loc: 0.1817  loss_centernet_agn_pos: 0.08441  loss_centernet_agn_neg: 0.0227    time: 0.9516  last_time: 0.8307  data_time: 0.0241  last_data_time: 0.0297   lr: 9.9975e-05  max_mem: 9492M
[04/03 20:35:06 d2.utils.events]:  eta: 1 day, 4:19:03  iter: 100  total_loss: 1.187  loss_cls_stage0: 0.1056  loss_box_reg_stage0: 0.1248  loss_cls_stage1: 0.1002  loss_box_reg_stage1: 0.2386  loss_cls_stage2: 0.1062  loss_box_reg_stage2: 0.2207  loss_centernet_loc: 0.1746  loss_centernet_agn_pos: 0.07365  loss_centernet_agn_neg: 0.02866    time: 0.9339  last_time: 0.8248  data_time: 0.0238  last_data_time: 0.0063   lr: 0.00012497  max_mem: 9492M
[04/03 20:35:23 d2.utils.events]:  eta: 1 day, 4:13:12  iter: 120  total_loss: 1.132  loss_cls_stage0: 0.1135  loss_box_reg_stage0: 0.1142  loss_cls_stage1: 0.1142  loss_box_reg_stage1: 0.209  loss_cls_stage2: 0.1078  loss_box_reg_stage2: 0.2263  loss_centernet_loc: 0.1795  loss_centernet_agn_pos: 0.07474  loss_centernet_agn_neg: 0.02713    time: 0.9179  last_time: 0.8472  data_time: 0.0231  last_data_time: 0.0035   lr: 0.00014996  max_mem: 9492M
[04/03 20:35:40 d2.utils.events]:  eta: 1 day, 4:10:00  iter: 140  total_loss: 1.09  loss_cls_stage0: 0.09983  loss_box_reg_stage0: 0.1141  loss_cls_stage1: 0.1072  loss_box_reg_stage1: 0.1887  loss_cls_stage2: 0.1062  loss_box_reg_stage2: 0.2008  loss_centernet_loc: 0.1642  loss_centernet_agn_pos: 0.06489  loss_centernet_agn_neg: 0.02998    time: 0.9044  last_time: 0.8516  data_time: 0.0204  last_data_time: 0.0271   lr: 0.00017496  max_mem: 9492M
[04/03 20:35:57 d2.utils.events]:  eta: 1 day, 4:11:29  iter: 160  total_loss: 1.261  loss_cls_stage0: 0.1277  loss_box_reg_stage0: 0.1344  loss_cls_stage1: 0.1275  loss_box_reg_stage1: 0.2246  loss_cls_stage2: 0.1176  loss_box_reg_stage2: 0.2317  loss_centernet_loc: 0.1819  loss_centernet_agn_pos: 0.07928  loss_centernet_agn_neg: 0.02878    time: 0.8951  last_time: 0.8524  data_time: 0.0222  last_data_time: 0.0272   lr: 0.00019995  max_mem: 9492M
[04/03 20:36:14 d2.utils.events]:  eta: 1 day, 4:11:08  iter: 180  total_loss: 1.285  loss_cls_stage0: 0.1188  loss_box_reg_stage0: 0.1421  loss_cls_stage1: 0.1171  loss_box_reg_stage1: 0.2356  loss_cls_stage2: 0.1218  loss_box_reg_stage2: 0.2459  loss_centernet_loc: 0.1729  loss_centernet_agn_pos: 0.07133  loss_centernet_agn_neg: 0.02405    time: 0.8891  last_time: 0.8502  data_time: 0.0224  last_data_time: 0.0309   lr: 0.00022494  max_mem: 9492M
[04/03 20:36:31 d2.utils.events]:  eta: 1 day, 4:04:49  iter: 200  total_loss: 1.102  loss_cls_stage0: 0.09037  loss_box_reg_stage0: 0.1111  loss_cls_stage1: 0.09156  loss_box_reg_stage1: 0.2113  loss_cls_stage2: 0.09162  loss_box_reg_stage2: 0.2314  loss_centernet_loc: 0.1594  loss_centernet_agn_pos: 0.06714  loss_centernet_agn_neg: 0.02717    time: 0.8800  last_time: 0.7786  data_time: 0.0209  last_data_time: 0.0049   lr: 0.00024994  max_mem: 9492M
[04/03 20:36:49 d2.utils.events]:  eta: 1 day, 4:07:00  iter: 220  total_loss: 1.14  loss_cls_stage0: 0.1027  loss_box_reg_stage0: 0.1149  loss_cls_stage1: 0.1039  loss_box_reg_stage1: 0.2131  loss_cls_stage2: 0.1047  loss_box_reg_stage2: 0.2242  loss_centernet_loc: 0.1767  loss_centernet_agn_pos: 0.08663  loss_centernet_agn_neg: 0.02484    time: 0.8796  last_time: 0.8535  data_time: 0.0231  last_data_time: 0.0084   lr: 0.00027493  max_mem: 9492M
[04/03 20:37:06 d2.utils.events]:  eta: 1 day, 4:07:35  iter: 240  total_loss: 1.153  loss_cls_stage0: 0.1183  loss_box_reg_stage0: 0.1122  loss_cls_stage1: 0.1213  loss_box_reg_stage1: 0.2  loss_cls_stage2: 0.1228  loss_box_reg_stage2: 0.2255  loss_centernet_loc: 0.163  loss_centernet_agn_pos: 0.07537  loss_centernet_agn_neg: 0.02799    time: 0.8773  last_time: 0.8343  data_time: 0.0205  last_data_time: 0.0058   lr: 0.00029993  max_mem: 9492M
[04/03 20:37:23 d2.utils.events]:  eta: 1 day, 4:08:26  iter: 260  total_loss: 1.176  loss_cls_stage0: 0.1155  loss_box_reg_stage0: 0.1212  loss_cls_stage1: 0.1221  loss_box_reg_stage1: 0.2271  loss_cls_stage2: 0.1202  loss_box_reg_stage2: 0.2355  loss_centernet_loc: 0.1766  loss_centernet_agn_pos: 0.08055  loss_centernet_agn_neg: 0.02264    time: 0.8753  last_time: 0.9456  data_time: 0.0212  last_data_time: 0.0299   lr: 0.00032492  max_mem: 9493M
[04/03 20:37:41 d2.utils.events]:  eta: 1 day, 4:10:29  iter: 280  total_loss: 1.146  loss_cls_stage0: 0.1033  loss_box_reg_stage0: 0.1242  loss_cls_stage1: 0.1084  loss_box_reg_stage1: 0.2132  loss_cls_stage2: 0.09694  loss_box_reg_stage2: 0.2294  loss_centernet_loc: 0.1797  loss_centernet_agn_pos: 0.0742  loss_centernet_agn_neg: 0.03007    time: 0.8752  last_time: 0.9698  data_time: 0.0198  last_data_time: 0.0011   lr: 0.00034991  max_mem: 9493M
[04/03 20:37:59 d2.utils.events]:  eta: 1 day, 4:12:47  iter: 300  total_loss: 1.204  loss_cls_stage0: 0.1261  loss_box_reg_stage0: 0.1256  loss_cls_stage1: 0.1233  loss_box_reg_stage1: 0.213  loss_cls_stage2: 0.1196  loss_box_reg_stage2: 0.2166  loss_centernet_loc: 0.1703  loss_centernet_agn_pos: 0.07173  loss_centernet_agn_neg: 0.03429    time: 0.8761  last_time: 0.8427  data_time: 0.0207  last_data_time: 0.0245   lr: 0.00037491  max_mem: 9497M
[04/03 20:38:17 d2.utils.events]:  eta: 1 day, 4:14:51  iter: 320  total_loss: 1.149  loss_cls_stage0: 0.1107  loss_box_reg_stage0: 0.1133  loss_cls_stage1: 0.1144  loss_box_reg_stage1: 0.1983  loss_cls_stage2: 0.1046  loss_box_reg_stage2: 0.2184  loss_centernet_loc: 0.1735  loss_centernet_agn_pos: 0.07752  loss_centernet_agn_neg: 0.02978    time: 0.8759  last_time: 0.9532  data_time: 0.0216  last_data_time: 0.0075   lr: 0.0003999  max_mem: 9497M
[04/03 20:38:35 d2.utils.events]:  eta: 1 day, 4:15:34  iter: 340  total_loss: 1.185  loss_cls_stage0: 0.1065  loss_box_reg_stage0: 0.1228  loss_cls_stage1: 0.1044  loss_box_reg_stage1: 0.2268  loss_cls_stage2: 0.1071  loss_box_reg_stage2: 0.2455  loss_centernet_loc: 0.1674  loss_centernet_agn_pos: 0.07648  loss_centernet_agn_neg: 0.02455    time: 0.8759  last_time: 0.8364  data_time: 0.0219  last_data_time: 0.0463   lr: 0.00042489  max_mem: 9497M
[04/03 20:38:53 d2.utils.events]:  eta: 1 day, 4:15:17  iter: 360  total_loss: 1.183  loss_cls_stage0: 0.106  loss_box_reg_stage0: 0.122  loss_cls_stage1: 0.113  loss_box_reg_stage1: 0.2176  loss_cls_stage2: 0.1137  loss_box_reg_stage2: 0.215  loss_centernet_loc: 0.1845  loss_centernet_agn_pos: 0.07568  loss_centernet_agn_neg: 0.02633    time: 0.8738  last_time: 0.6469  data_time: 0.0253  last_data_time: 0.0276   lr: 0.00044989  max_mem: 9497M
[04/03 20:39:10 d2.utils.events]:  eta: 1 day, 4:15:47  iter: 380  total_loss: 1.142  loss_cls_stage0: 0.1199  loss_box_reg_stage0: 0.1081  loss_cls_stage1: 0.116  loss_box_reg_stage1: 0.1968  loss_cls_stage2: 0.1147  loss_box_reg_stage2: 0.2048  loss_centernet_loc: 0.1703  loss_centernet_agn_pos: 0.07427  loss_centernet_agn_neg: 0.02574    time: 0.8729  last_time: 0.8335  data_time: 0.0224  last_data_time: 0.0069   lr: 0.00047488  max_mem: 9497M
[04/03 20:39:27 d2.utils.events]:  eta: 1 day, 4:16:22  iter: 400  total_loss: 1.312  loss_cls_stage0: 0.1213  loss_box_reg_stage0: 0.1437  loss_cls_stage1: 0.1229  loss_box_reg_stage1: 0.2418  loss_cls_stage2: 0.1199  loss_box_reg_stage2: 0.2351  loss_centernet_loc: 0.1772  loss_centernet_agn_pos: 0.07874  loss_centernet_agn_neg: 0.02865    time: 0.8711  last_time: 0.6895  data_time: 0.0223  last_data_time: 0.0275   lr: 0.00049988  max_mem: 9497M
[04/03 20:39:45 d2.utils.events]:  eta: 1 day, 4:17:00  iter: 420  total_loss: 1.081  loss_cls_stage0: 0.1019  loss_box_reg_stage0: 0.1143  loss_cls_stage1: 0.09868  loss_box_reg_stage1: 0.1902  loss_cls_stage2: 0.09015  loss_box_reg_stage2: 0.2117  loss_centernet_loc: 0.1951  loss_centernet_agn_pos: 0.07354  loss_centernet_agn_neg: 0.02833    time: 0.8706  last_time: 0.8814  data_time: 0.0223  last_data_time: 0.0302   lr: 0.00052487  max_mem: 9497M
[04/03 20:40:03 d2.utils.events]:  eta: 1 day, 4:17:25  iter: 440  total_loss: 1.141  loss_cls_stage0: 0.1202  loss_box_reg_stage0: 0.1219  loss_cls_stage1: 0.108  loss_box_reg_stage1: 0.2106  loss_cls_stage2: 0.104  loss_box_reg_stage2: 0.2353  loss_centernet_loc: 0.1638  loss_centernet_agn_pos: 0.06914  loss_centernet_agn_neg: 0.02764    time: 0.8706  last_time: 0.8640  data_time: 0.0238  last_data_time: 0.0382   lr: 0.00054986  max_mem: 9497M
[04/03 20:40:21 d2.utils.events]:  eta: 1 day, 4:20:10  iter: 460  total_loss: 1.169  loss_cls_stage0: 0.1148  loss_box_reg_stage0: 0.1146  loss_cls_stage1: 0.1141  loss_box_reg_stage1: 0.2161  loss_cls_stage2: 0.1205  loss_box_reg_stage2: 0.2281  loss_centernet_loc: 0.1716  loss_centernet_agn_pos: 0.07135  loss_centernet_agn_neg: 0.03025    time: 0.8716  last_time: 0.7061  data_time: 0.0260  last_data_time: 0.0070   lr: 0.00057486  max_mem: 9497M
[04/03 20:40:39 d2.utils.events]:  eta: 1 day, 4:20:41  iter: 480  total_loss: 1.075  loss_cls_stage0: 0.09851  loss_box_reg_stage0: 0.1137  loss_cls_stage1: 0.09841  loss_box_reg_stage1: 0.2006  loss_cls_stage2: 0.09919  loss_box_reg_stage2: 0.2093  loss_centernet_loc: 0.1603  loss_centernet_agn_pos: 0.0734  loss_centernet_agn_neg: 0.02735    time: 0.8710  last_time: 0.8842  data_time: 0.0194  last_data_time: 0.0092   lr: 0.00059985  max_mem: 9497M
[04/03 20:40:57 d2.utils.events]:  eta: 1 day, 4:23:07  iter: 500  total_loss: 1.252  loss_cls_stage0: 0.1152  loss_box_reg_stage0: 0.1367  loss_cls_stage1: 0.1155  loss_box_reg_stage1: 0.2349  loss_cls_stage2: 0.1153  loss_box_reg_stage2: 0.2373  loss_centernet_loc: 0.1748  loss_centernet_agn_pos: 0.07304  loss_centernet_agn_neg: 0.02934    time: 0.8720  last_time: 0.8957  data_time: 0.0215  last_data_time: 0.0248   lr: 0.00062484  max_mem: 9497M
[04/03 20:41:15 d2.utils.events]:  eta: 1 day, 4:22:56  iter: 520  total_loss: 1.069  loss_cls_stage0: 0.09262  loss_box_reg_stage0: 0.1127  loss_cls_stage1: 0.09587  loss_box_reg_stage1: 0.1896  loss_cls_stage2: 0.1002  loss_box_reg_stage2: 0.2237  loss_centernet_loc: 0.1654  loss_centernet_agn_pos: 0.07582  loss_centernet_agn_neg: 0.02832    time: 0.8713  last_time: 0.7976  data_time: 0.0207  last_data_time: 0.0301   lr: 0.00064984  max_mem: 9497M
[04/03 20:41:32 d2.utils.events]:  eta: 1 day, 4:23:15  iter: 540  total_loss: 1.171  loss_cls_stage0: 0.09997  loss_box_reg_stage0: 0.1145  loss_cls_stage1: 0.1039  loss_box_reg_stage1: 0.2107  loss_cls_stage2: 0.09942  loss_box_reg_stage2: 0.2252  loss_centernet_loc: 0.1749  loss_centernet_agn_pos: 0.07307  loss_centernet_agn_neg: 0.02214    time: 0.8706  last_time: 0.8499  data_time: 0.0197  last_data_time: 0.0061   lr: 0.00067483  max_mem: 9497M
[04/03 20:41:50 d2.utils.events]:  eta: 1 day, 4:22:22  iter: 560  total_loss: 1.047  loss_cls_stage0: 0.09939  loss_box_reg_stage0: 0.1082  loss_cls_stage1: 0.1011  loss_box_reg_stage1: 0.1965  loss_cls_stage2: 0.09491  loss_box_reg_stage2: 0.2077  loss_centernet_loc: 0.1562  loss_centernet_agn_pos: 0.06411  loss_centernet_agn_neg: 0.02661    time: 0.8700  last_time: 0.8493  data_time: 0.0208  last_data_time: 0.0432   lr: 0.00069983  max_mem: 9497M
[04/03 20:42:08 d2.utils.events]:  eta: 1 day, 4:23:19  iter: 580  total_loss: 1.166  loss_cls_stage0: 0.1112  loss_box_reg_stage0: 0.1213  loss_cls_stage1: 0.1003  loss_box_reg_stage1: 0.2125  loss_cls_stage2: 0.1018  loss_box_reg_stage2: 0.2324  loss_centernet_loc: 0.1609  loss_centernet_agn_pos: 0.06759  loss_centernet_agn_neg: 0.02808    time: 0.8702  last_time: 0.8481  data_time: 0.0211  last_data_time: 0.0059   lr: 0.00072482  max_mem: 9497M
[04/03 20:42:26 d2.utils.events]:  eta: 1 day, 4:26:15  iter: 600  total_loss: 1.104  loss_cls_stage0: 0.09928  loss_box_reg_stage0: 0.1105  loss_cls_stage1: 0.1156  loss_box_reg_stage1: 0.2019  loss_cls_stage2: 0.1126  loss_box_reg_stage2: 0.2182  loss_centernet_loc: 0.1769  loss_centernet_agn_pos: 0.07289  loss_centernet_agn_neg: 0.02973    time: 0.8710  last_time: 0.8752  data_time: 0.0220  last_data_time: 0.0299   lr: 0.00074981  max_mem: 9497M
[04/03 20:42:44 d2.utils.events]:  eta: 1 day, 4:26:43  iter: 620  total_loss: 1.233  loss_cls_stage0: 0.112  loss_box_reg_stage0: 0.1277  loss_cls_stage1: 0.1143  loss_box_reg_stage1: 0.2281  loss_cls_stage2: 0.1197  loss_box_reg_stage2: 0.2425  loss_centernet_loc: 0.1795  loss_centernet_agn_pos: 0.07193  loss_centernet_agn_neg: 0.02788    time: 0.8709  last_time: 0.8911  data_time: 0.0207  last_data_time: 0.0294   lr: 0.00077481  max_mem: 9497M
[04/03 20:43:01 d2.utils.events]:  eta: 1 day, 4:26:26  iter: 640  total_loss: 1.321  loss_cls_stage0: 0.1231  loss_box_reg_stage0: 0.1349  loss_cls_stage1: 0.1248  loss_box_reg_stage1: 0.2432  loss_cls_stage2: 0.1169  loss_box_reg_stage2: 0.2434  loss_centernet_loc: 0.1844  loss_centernet_agn_pos: 0.08214  loss_centernet_agn_neg: 0.02507    time: 0.8708  last_time: 0.7778  data_time: 0.0194  last_data_time: 0.0063   lr: 0.0007998  max_mem: 9497M
[04/03 20:43:19 d2.utils.events]:  eta: 1 day, 4:27:09  iter: 660  total_loss: 1.182  loss_cls_stage0: 0.1061  loss_box_reg_stage0: 0.1295  loss_cls_stage1: 0.1089  loss_box_reg_stage1: 0.2155  loss_cls_stage2: 0.1075  loss_box_reg_stage2: 0.2053  loss_centernet_loc: 0.1794  loss_centernet_agn_pos: 0.07232  loss_centernet_agn_neg: 0.02842    time: 0.8708  last_time: 0.9112  data_time: 0.0230  last_data_time: 0.0180   lr: 0.00082479  max_mem: 9497M
[04/03 20:43:37 d2.utils.events]:  eta: 1 day, 4:28:05  iter: 680  total_loss: 1.169  loss_cls_stage0: 0.1075  loss_box_reg_stage0: 0.1196  loss_cls_stage1: 0.103  loss_box_reg_stage1: 0.225  loss_cls_stage2: 0.1054  loss_box_reg_stage2: 0.2369  loss_centernet_loc: 0.1737  loss_centernet_agn_pos: 0.0795  loss_centernet_agn_neg: 0.02388    time: 0.8709  last_time: 0.7753  data_time: 0.0193  last_data_time: 0.0207   lr: 0.00084979  max_mem: 9497M
[04/03 20:43:55 d2.utils.events]:  eta: 1 day, 4:29:35  iter: 700  total_loss: 1.148  loss_cls_stage0: 0.1067  loss_box_reg_stage0: 0.1312  loss_cls_stage1: 0.1019  loss_box_reg_stage1: 0.2293  loss_cls_stage2: 0.1044  loss_box_reg_stage2: 0.2386  loss_centernet_loc: 0.1752  loss_centernet_agn_pos: 0.06732  loss_centernet_agn_neg: 0.03119    time: 0.8714  last_time: 0.9293  data_time: 0.0199  last_data_time: 0.0070   lr: 0.00087478  max_mem: 9497M
[04/03 20:44:14 d2.utils.events]:  eta: 1 day, 4:31:59  iter: 720  total_loss: 1.169  loss_cls_stage0: 0.1032  loss_box_reg_stage0: 0.1245  loss_cls_stage1: 0.09762  loss_box_reg_stage1: 0.2104  loss_cls_stage2: 0.1052  loss_box_reg_stage2: 0.2212  loss_centernet_loc: 0.1656  loss_centernet_agn_pos: 0.067  loss_centernet_agn_neg: 0.02617    time: 0.8719  last_time: 0.9285  data_time: 0.0226  last_data_time: 0.0070   lr: 0.00089978  max_mem: 9497M
[04/03 20:44:32 d2.utils.events]:  eta: 1 day, 4:33:39  iter: 740  total_loss: 1.148  loss_cls_stage0: 0.1066  loss_box_reg_stage0: 0.1163  loss_cls_stage1: 0.1108  loss_box_reg_stage1: 0.2246  loss_cls_stage2: 0.1119  loss_box_reg_stage2: 0.2285  loss_centernet_loc: 0.1589  loss_centernet_agn_pos: 0.07175  loss_centernet_agn_neg: 0.02805    time: 0.8720  last_time: 0.9005  data_time: 0.0209  last_data_time: 0.0115   lr: 0.00092477  max_mem: 9497M
[04/03 20:44:49 d2.utils.events]:  eta: 1 day, 4:34:35  iter: 760  total_loss: 1.217  loss_cls_stage0: 0.1264  loss_box_reg_stage0: 0.1279  loss_cls_stage1: 0.1256  loss_box_reg_stage1: 0.2307  loss_cls_stage2: 0.1167  loss_box_reg_stage2: 0.2427  loss_centernet_loc: 0.1707  loss_centernet_agn_pos: 0.08042  loss_centernet_agn_neg: 0.02411    time: 0.8722  last_time: 0.7963  data_time: 0.0198  last_data_time: 0.0304   lr: 0.00094976  max_mem: 9497M
[04/03 20:45:07 d2.utils.events]:  eta: 1 day, 4:35:22  iter: 780  total_loss: 1.105  loss_cls_stage0: 0.1013  loss_box_reg_stage0: 0.1073  loss_cls_stage1: 0.09866  loss_box_reg_stage1: 0.1949  loss_cls_stage2: 0.09788  loss_box_reg_stage2: 0.207  loss_centernet_loc: 0.1722  loss_centernet_agn_pos: 0.06613  loss_centernet_agn_neg: 0.03085    time: 0.8720  last_time: 0.9410  data_time: 0.0213  last_data_time: 0.0046   lr: 0.00097476  max_mem: 9497M
[04/03 20:45:25 d2.utils.events]:  eta: 1 day, 4:36:50  iter: 800  total_loss: 1.314  loss_cls_stage0: 0.1306  loss_box_reg_stage0: 0.1266  loss_cls_stage1: 0.1318  loss_box_reg_stage1: 0.2155  loss_cls_stage2: 0.1223  loss_box_reg_stage2: 0.2235  loss_centernet_loc: 0.1899  loss_centernet_agn_pos: 0.07979  loss_centernet_agn_neg: 0.02494    time: 0.8723  last_time: 0.8914  data_time: 0.0244  last_data_time: 0.0239   lr: 0.00099975  max_mem: 9497M
[04/03 20:45:43 d2.utils.events]:  eta: 1 day, 4:38:38  iter: 820  total_loss: 1.17  loss_cls_stage0: 0.1184  loss_box_reg_stage0: 0.1253  loss_cls_stage1: 0.1093  loss_box_reg_stage1: 0.2108  loss_cls_stage2: 0.1156  loss_box_reg_stage2: 0.2156  loss_centernet_loc: 0.1651  loss_centernet_agn_pos: 0.07045  loss_centernet_agn_neg: 0.03105    time: 0.8719  last_time: 0.8613  data_time: 0.0209  last_data_time: 0.0190   lr: 0.0010247  max_mem: 9497M
[04/03 20:46:00 d2.utils.events]:  eta: 1 day, 4:40:44  iter: 840  total_loss: 1.238  loss_cls_stage0: 0.1149  loss_box_reg_stage0: 0.1356  loss_cls_stage1: 0.1118  loss_box_reg_stage1: 0.2322  loss_cls_stage2: 0.107  loss_box_reg_stage2: 0.2384  loss_centernet_loc: 0.176  loss_centernet_agn_pos: 0.0694  loss_centernet_agn_neg: 0.02807    time: 0.8713  last_time: 0.9752  data_time: 0.0207  last_data_time: 0.0077   lr: 0.0010497  max_mem: 9497M
[04/03 20:46:18 d2.utils.events]:  eta: 1 day, 4:41:40  iter: 860  total_loss: 1.206  loss_cls_stage0: 0.1141  loss_box_reg_stage0: 0.1206  loss_cls_stage1: 0.1149  loss_box_reg_stage1: 0.1906  loss_cls_stage2: 0.1096  loss_box_reg_stage2: 0.2046  loss_centernet_loc: 0.1937  loss_centernet_agn_pos: 0.08307  loss_centernet_agn_neg: 0.02725    time: 0.8713  last_time: 0.8987  data_time: 0.0227  last_data_time: 0.0023   lr: 0.0010747  max_mem: 9497M
[04/03 20:46:36 d2.utils.events]:  eta: 1 day, 4:42:17  iter: 880  total_loss: 1.339  loss_cls_stage0: 0.1387  loss_box_reg_stage0: 0.146  loss_cls_stage1: 0.1318  loss_box_reg_stage1: 0.2525  loss_cls_stage2: 0.1242  loss_box_reg_stage2: 0.2588  loss_centernet_loc: 0.1899  loss_centernet_agn_pos: 0.07544  loss_centernet_agn_neg: 0.02785    time: 0.8709  last_time: 0.7429  data_time: 0.0231  last_data_time: 0.0219   lr: 0.0010997  max_mem: 9497M
[04/03 20:46:53 d2.utils.events]:  eta: 1 day, 4:39:52  iter: 900  total_loss: 1.315  loss_cls_stage0: 0.1312  loss_box_reg_stage0: 0.1379  loss_cls_stage1: 0.1325  loss_box_reg_stage1: 0.2465  loss_cls_stage2: 0.1325  loss_box_reg_stage2: 0.2551  loss_centernet_loc: 0.1721  loss_centernet_agn_pos: 0.07171  loss_centernet_agn_neg: 0.02978    time: 0.8701  last_time: 0.9147  data_time: 0.0236  last_data_time: 0.0455   lr: 0.0011247  max_mem: 9497M
[04/03 20:47:10 d2.utils.events]:  eta: 1 day, 4:40:47  iter: 920  total_loss: 1.083  loss_cls_stage0: 0.09674  loss_box_reg_stage0: 0.1087  loss_cls_stage1: 0.1019  loss_box_reg_stage1: 0.1918  loss_cls_stage2: 0.09643  loss_box_reg_stage2: 0.2165  loss_centernet_loc: 0.1754  loss_centernet_agn_pos: 0.07575  loss_centernet_agn_neg: 0.02439    time: 0.8699  last_time: 0.9302  data_time: 0.0207  last_data_time: 0.0272   lr: 0.0011497  max_mem: 9497M
[04/03 20:47:29 d2.utils.events]:  eta: 1 day, 4:44:23  iter: 940  total_loss: 1.26  loss_cls_stage0: 0.1141  loss_box_reg_stage0: 0.1273  loss_cls_stage1: 0.1131  loss_box_reg_stage1: 0.2213  loss_cls_stage2: 0.1137  loss_box_reg_stage2: 0.242  loss_centernet_loc: 0.1746  loss_centernet_agn_pos: 0.06907  loss_centernet_agn_neg: 0.02475    time: 0.8705  last_time: 1.0236  data_time: 0.0201  last_data_time: 0.0339   lr: 0.0011747  max_mem: 9497M
[04/03 20:47:46 d2.utils.events]:  eta: 1 day, 4:43:05  iter: 960  total_loss: 1.197  loss_cls_stage0: 0.1127  loss_box_reg_stage0: 0.1253  loss_cls_stage1: 0.1122  loss_box_reg_stage1: 0.227  loss_cls_stage2: 0.1143  loss_box_reg_stage2: 0.239  loss_centernet_loc: 0.178  loss_centernet_agn_pos: 0.07141  loss_centernet_agn_neg: 0.02754    time: 0.8701  last_time: 0.8664  data_time: 0.0224  last_data_time: 0.0229   lr: 0.0011997  max_mem: 9497M
[04/03 20:48:04 d2.utils.events]:  eta: 1 day, 4:43:13  iter: 980  total_loss: 1.114  loss_cls_stage0: 0.0956  loss_box_reg_stage0: 0.1122  loss_cls_stage1: 0.1002  loss_box_reg_stage1: 0.2006  loss_cls_stage2: 0.1043  loss_box_reg_stage2: 0.2309  loss_centernet_loc: 0.17  loss_centernet_agn_pos: 0.06722  loss_centernet_agn_neg: 0.02574    time: 0.8699  last_time: 0.8360  data_time: 0.0223  last_data_time: 0.0089   lr: 0.0012247  max_mem: 9497M
[04/03 20:48:22 d2.utils.events]:  eta: 1 day, 4:43:30  iter: 1000  total_loss: 1.116  loss_cls_stage0: 0.09718  loss_box_reg_stage0: 0.1084  loss_cls_stage1: 0.09983  loss_box_reg_stage1: 0.2158  loss_cls_stage2: 0.1036  loss_box_reg_stage2: 0.2165  loss_centernet_loc: 0.1585  loss_centernet_agn_pos: 0.06701  loss_centernet_agn_neg: 0.02605    time: 0.8700  last_time: 0.9112  data_time: 0.0200  last_data_time: 0.0295   lr: 0.0012497  max_mem: 9497M
[04/03 20:48:40 d2.utils.events]:  eta: 1 day, 4:40:18  iter: 1020  total_loss: 1.189  loss_cls_stage0: 0.1142  loss_box_reg_stage0: 0.1177  loss_cls_stage1: 0.1199  loss_box_reg_stage1: 0.2083  loss_cls_stage2: 0.1126  loss_box_reg_stage2: 0.2157  loss_centernet_loc: 0.2033  loss_centernet_agn_pos: 0.08214  loss_centernet_agn_neg: 0.02905    time: 0.8704  last_time: 1.1002  data_time: 0.0234  last_data_time: 0.0434   lr: 0.0012747  max_mem: 9497M
[04/03 20:48:58 d2.utils.events]:  eta: 1 day, 4:41:56  iter: 1040  total_loss: 1.083  loss_cls_stage0: 0.1058  loss_box_reg_stage0: 0.1155  loss_cls_stage1: 0.1021  loss_box_reg_stage1: 0.2179  loss_cls_stage2: 0.1031  loss_box_reg_stage2: 0.2279  loss_centernet_loc: 0.1705  loss_centernet_agn_pos: 0.06485  loss_centernet_agn_neg: 0.02699    time: 0.8701  last_time: 0.8742  data_time: 0.0228  last_data_time: 0.0297   lr: 0.0012997  max_mem: 9497M
[04/03 20:49:15 d2.utils.events]:  eta: 1 day, 4:44:09  iter: 1060  total_loss: 1.275  loss_cls_stage0: 0.1266  loss_box_reg_stage0: 0.1231  loss_cls_stage1: 0.1175  loss_box_reg_stage1: 0.2232  loss_cls_stage2: 0.1137  loss_box_reg_stage2: 0.2392  loss_centernet_loc: 0.1848  loss_centernet_agn_pos: 0.07643  loss_centernet_agn_neg: 0.02837    time: 0.8698  last_time: 0.9760  data_time: 0.0233  last_data_time: 0.0401   lr: 0.0013247  max_mem: 9497M
[04/03 20:49:33 d2.utils.events]:  eta: 1 day, 4:44:24  iter: 1080  total_loss: 1.209  loss_cls_stage0: 0.1186  loss_box_reg_stage0: 0.1203  loss_cls_stage1: 0.1206  loss_box_reg_stage1: 0.2143  loss_cls_stage2: 0.1151  loss_box_reg_stage2: 0.2272  loss_centernet_loc: 0.1847  loss_centernet_agn_pos: 0.07606  loss_centernet_agn_neg: 0.0272    time: 0.8694  last_time: 0.9421  data_time: 0.0205  last_data_time: 0.0290   lr: 0.0013497  max_mem: 9497M
[04/03 20:49:50 d2.utils.events]:  eta: 1 day, 4:44:47  iter: 1100  total_loss: 1.189  loss_cls_stage0: 0.1089  loss_box_reg_stage0: 0.1263  loss_cls_stage1: 0.1101  loss_box_reg_stage1: 0.2233  loss_cls_stage2: 0.1141  loss_box_reg_stage2: 0.2307  loss_centernet_loc: 0.1905  loss_centernet_agn_pos: 0.07383  loss_centernet_agn_neg: 0.02906    time: 0.8691  last_time: 0.8998  data_time: 0.0220  last_data_time: 0.0265   lr: 0.0013747  max_mem: 9497M
[04/03 20:50:07 d2.utils.events]:  eta: 1 day, 4:45:42  iter: 1120  total_loss: 1.181  loss_cls_stage0: 0.1093  loss_box_reg_stage0: 0.1125  loss_cls_stage1: 0.1196  loss_box_reg_stage1: 0.2244  loss_cls_stage2: 0.1169  loss_box_reg_stage2: 0.2385  loss_centernet_loc: 0.1862  loss_centernet_agn_pos: 0.0796  loss_centernet_agn_neg: 0.0246    time: 0.8687  last_time: 0.9400  data_time: 0.0218  last_data_time: 0.0336   lr: 0.0013997  max_mem: 9497M
